Performing C++ SOURCE FILE Test have_gold failed with the following output:
Change Dir: /mnt/projects/CSE_BME_AXM788/home/soumya/DEV/ANTs/build/ITKv4-build/CMakeFiles/CMakeTmp

Run Build Command:/usr/bin/gmake "cmTryCompileExec423578339/fast"
gmake[3]: Entering directory `/mnt/projects/CSE_BME_AXM788/home/soumya/DEV/ANTs/build/ITKv4-build/CMakeFiles/CMakeTmp'
/usr/bin/gmake -f CMakeFiles/cmTryCompileExec423578339.dir/build.make CMakeFiles/cmTryCompileExec423578339.dir/build
gmake[4]: Entering directory `/mnt/projects/CSE_BME_AXM788/home/soumya/DEV/ANTs/build/ITKv4-build/CMakeFiles/CMakeTmp'
/usr/local/cmake/2.8.10.2/bin/cmake -E cmake_progress_report /mnt/projects/CSE_BME_AXM788/home/soumya/DEV/ANTs/build/ITKv4-build/CMakeFiles/CMakeTmp/CMakeFiles 1
Building CXX object CMakeFiles/cmTryCompileExec423578339.dir/src.cxx.o
/usr/bin/c++    -Wall -Wcast-align -Wdisabled-optimization -Wextra -Wformat=2 -Winvalid-pch -Wno-format-nonliteral -Wpointer-arith -Wshadow -Wunused -Wwrite-strings -funit-at-a-time -Wno-strict-overflow -Wno-deprecated -Wno-invalid-offsetof -Woverloaded-virtual -Wstrict-null-sentinel -fPIC  -Wall -Wno-long-double -Wcast-align -Wdisabled-optimization -Wextra -Wformat=2 -Winvalid-pch -Wno-format-nonliteral -Wpointer-arith -Wshadow -Wunused -Wwrite-strings -funit-at-a-time -Wno-strict-overflow -Wno-deprecated -Wno-invalid-offsetof -Woverloaded-virtual -Wstrict-null-sentinel  -Dhave_gold  -fuse-ld=gold   -o CMakeFiles/cmTryCompileExec423578339.dir/src.cxx.o -c /mnt/projects/CSE_BME_AXM788/home/soumya/DEV/ANTs/build/ITKv4-build/CMakeFiles/CMakeTmp/src.cxx
cc1plus: error: unrecognized command line option "-fuse-ld=gold"
cc1plus: warning: unrecognized command line option "-Wno-long-double"
gmake[4]: *** [CMakeFiles/cmTryCompileExec423578339.dir/src.cxx.o] Error 1
gmake[4]: Leaving directory `/mnt/projects/CSE_BME_AXM788/home/soumya/DEV/ANTs/build/ITKv4-build/CMakeFiles/CMakeTmp'
gmake[3]: *** [cmTryCompileExec423578339/fast] Error 2
gmake[3]: Leaving directory `/mnt/projects/CSE_BME_AXM788/home/soumya/DEV/ANTs/build/ITKv4-build/CMakeFiles/CMakeTmp'

Source file was:
int main() { return 0;}
Performing C++ SOURCE FILE Test CXX_HAS_DISABLE_OPTIMIZATION_FLAG failed with the following output:
Change Dir: /mnt/projects/CSE_BME_AXM788/home/soumya/DEV/ANTs/build/ITKv4-build/CMakeFiles/CMakeTmp

Run Build Command:/usr/bin/gmake "cmTryCompileExec476576618/fast"
gmake[3]: Entering directory `/mnt/projects/CSE_BME_AXM788/home/soumya/DEV/ANTs/build/ITKv4-build/CMakeFiles/CMakeTmp'
/usr/bin/gmake -f CMakeFiles/cmTryCompileExec476576618.dir/build.make CMakeFiles/cmTryCompileExec476576618.dir/build
gmake[4]: Entering directory `/mnt/projects/CSE_BME_AXM788/home/soumya/DEV/ANTs/build/ITKv4-build/CMakeFiles/CMakeTmp'
/usr/local/cmake/2.8.10.2/bin/cmake -E cmake_progress_report /mnt/projects/CSE_BME_AXM788/home/soumya/DEV/ANTs/build/ITKv4-build/CMakeFiles/CMakeTmp/CMakeFiles 1
Building CXX object CMakeFiles/cmTryCompileExec476576618.dir/src.cxx.o
/usr/bin/c++    -Wall -Wcast-align -Wdisabled-optimization -Wextra -Wformat=2 -Winvalid-pch -Wno-format-nonliteral -Wpointer-arith -Wshadow -Wunused -Wwrite-strings -funit-at-a-time -Wno-strict-overflow -Wno-deprecated -Wno-invalid-offsetof -Woverloaded-virtual -Wstrict-null-sentinel -fPIC  -Wall -Wno-long-double -Wcast-align -Wdisabled-optimization -Wextra -Wformat=2 -Winvalid-pch -Wno-format-nonliteral -Wpointer-arith -Wshadow -Wunused -Wwrite-strings -funit-at-a-time -Wno-strict-overflow -Wno-deprecated -Wno-invalid-offsetof -Woverloaded-virtual -Wstrict-null-sentinel  -DCXX_HAS_DISABLE_OPTIMIZATION_FLAG   -o CMakeFiles/cmTryCompileExec476576618.dir/src.cxx.o -c /mnt/projects/CSE_BME_AXM788/home/soumya/DEV/ANTs/build/ITKv4-build/CMakeFiles/CMakeTmp/src.cxx
/mnt/projects/CSE_BME_AXM788/home/soumya/DEV/ANTs/build/ITKv4-build/CMakeFiles/CMakeTmp/src.cxx:1: error: expected unqualified-id before ‘-’ token
cc1plus: warning: unrecognized command line option "-Wno-long-double"
gmake[4]: Leaving directory `/mnt/projects/CSE_BME_AXM788/home/soumya/DEV/ANTs/build/ITKv4-build/CMakeFiles/CMakeTmp'
gmake[4]: *** [CMakeFiles/cmTryCompileExec476576618.dir/src.cxx.o] Error 1
gmake[3]: *** [cmTryCompileExec476576618/fast] Error 2
gmake[3]: Leaving directory `/mnt/projects/CSE_BME_AXM788/home/soumya/DEV/ANTs/build/ITKv4-build/CMakeFiles/CMakeTmp'

Source file was:
-O0
Checking whether C++ compiler has '__int64' failed to compile with the following output:
Change Dir: /mnt/projects/CSE_BME_AXM788/home/soumya/DEV/ANTs/build/ITKv4-build/Modules/ThirdParty/KWSys/src/KWSys/CMakeFiles/CMakeTmp

Run Build Command:/usr/bin/gmake "cmTryCompileExec3774487781/fast"
gmake[3]: Entering directory `/mnt/projects/CSE_BME_AXM788/home/soumya/DEV/ANTs/build/ITKv4-build/Modules/ThirdParty/KWSys/src/KWSys/CMakeFiles/CMakeTmp'
/usr/bin/gmake -f CMakeFiles/cmTryCompileExec3774487781.dir/build.make CMakeFiles/cmTryCompileExec3774487781.dir/build
gmake[4]: Entering directory `/mnt/projects/CSE_BME_AXM788/home/soumya/DEV/ANTs/build/ITKv4-build/Modules/ThirdParty/KWSys/src/KWSys/CMakeFiles/CMakeTmp'
/usr/local/cmake/2.8.10.2/bin/cmake -E cmake_progress_report /mnt/projects/CSE_BME_AXM788/home/soumya/DEV/ANTs/build/ITKv4-build/Modules/ThirdParty/KWSys/src/KWSys/CMakeFiles/CMakeTmp/CMakeFiles 1
Building CXX object CMakeFiles/cmTryCompileExec3774487781.dir/kwsysPlatformTestsCXX.cxx.o
/usr/bin/c++   -DTEST_KWSYS_CXX_HAS___INT64 -Wall -Wcast-align -Wdisabled-optimization -Wextra -Wformat=2 -Winvalid-pch -Wno-format-nonliteral -Wpointer-arith -Wshadow -Wunused -Wwrite-strings -funit-at-a-time -Wno-strict-overflow -Wno-deprecated -Wno-invalid-offsetof -Woverloaded-virtual -Wstrict-null-sentinel -fPIC  -Wall -Wno-long-double -Wcast-align -Wdisabled-optimization -Wextra -Wformat=2 -Winvalid-pch -Wno-format-nonliteral -Wpointer-arith -Wshadow -Wunused -Wwrite-strings -funit-at-a-time -Wno-strict-overflow -Wno-deprecated -Wno-invalid-offsetof -Woverloaded-virtual -Wstrict-null-sentinel  -w     -o CMakeFiles/cmTryCompileExec3774487781.dir/kwsysPlatformTestsCXX.cxx.o -c /mnt/projects/CSE_BME_AXM788/home/soumya/DEV/ANTs/build/ITKv4/Modules/ThirdParty/KWSys/src/KWSys/kwsysPlatformTestsCXX.cxx
/mnt/projects/CSE_BME_AXM788/home/soumya/DEV/ANTs/build/ITKv4/Modules/ThirdParty/KWSys/src/KWSys/kwsysPlatformTestsCXX.cxx:27: error: ‘__int64’ does not name a type
/mnt/projects/CSE_BME_AXM788/home/soumya/DEV/ANTs/build/ITKv4/Modules/ThirdParty/KWSys/src/KWSys/kwsysPlatformTestsCXX.cxx: In function ‘int main()’:
/mnt/projects/CSE_BME_AXM788/home/soumya/DEV/ANTs/build/ITKv4/Modules/ThirdParty/KWSys/src/KWSys/kwsysPlatformTestsCXX.cxx:30: error: ‘__int64’ was not declared in this scope
/mnt/projects/CSE_BME_AXM788/home/soumya/DEV/ANTs/build/ITKv4/Modules/ThirdParty/KWSys/src/KWSys/kwsysPlatformTestsCXX.cxx:30: error: expected ‘;’ before ‘n’
/mnt/projects/CSE_BME_AXM788/home/soumya/DEV/ANTs/build/ITKv4/Modules/ThirdParty/KWSys/src/KWSys/kwsysPlatformTestsCXX.cxx:31: error: ‘n’ was not declared in this scope
/mnt/projects/CSE_BME_AXM788/home/soumya/DEV/ANTs/build/ITKv4/Modules/ThirdParty/KWSys/src/KWSys/kwsysPlatformTestsCXX.cxx:31: error: ‘f’ was not declared in this scope
gmake[4]: *** [CMakeFiles/cmTryCompileExec3774487781.dir/kwsysPlatformTestsCXX.cxx.o] Error 1
gmake[4]: Leaving directory `/mnt/projects/CSE_BME_AXM788/home/soumya/DEV/ANTs/build/ITKv4-build/Modules/ThirdParty/KWSys/src/KWSys/CMakeFiles/CMakeTmp'
gmake[3]: *** [cmTryCompileExec3774487781/fast] Error 2
gmake[3]: Leaving directory `/mnt/projects/CSE_BME_AXM788/home/soumya/DEV/ANTs/build/ITKv4-build/Modules/ThirdParty/KWSys/src/KWSys/CMakeFiles/CMakeTmp'


Checking whether CXX compiler has environ in stdlib.h failed to compile with the following output:
Change Dir: /mnt/projects/CSE_BME_AXM788/home/soumya/DEV/ANTs/build/ITKv4-build/Modules/ThirdParty/KWSys/src/KWSys/CMakeFiles/CMakeTmp

Run Build Command:/usr/bin/gmake "cmTryCompileExec4074090801/fast"
gmake[3]: Entering directory `/mnt/projects/CSE_BME_AXM788/home/soumya/DEV/ANTs/build/ITKv4-build/Modules/ThirdParty/KWSys/src/KWSys/CMakeFiles/CMakeTmp'
/usr/bin/gmake -f CMakeFiles/cmTryCompileExec4074090801.dir/build.make CMakeFiles/cmTryCompileExec4074090801.dir/build
gmake[4]: Entering directory `/mnt/projects/CSE_BME_AXM788/home/soumya/DEV/ANTs/build/ITKv4-build/Modules/ThirdParty/KWSys/src/KWSys/CMakeFiles/CMakeTmp'
/usr/local/cmake/2.8.10.2/bin/cmake -E cmake_progress_report /mnt/projects/CSE_BME_AXM788/home/soumya/DEV/ANTs/build/ITKv4-build/Modules/ThirdParty/KWSys/src/KWSys/CMakeFiles/CMakeTmp/CMakeFiles 1
Building CXX object CMakeFiles/cmTryCompileExec4074090801.dir/kwsysPlatformTestsCXX.cxx.o
/usr/bin/c++   -DTEST_KWSYS_CXX_HAS_ENVIRON_IN_STDLIB_H -Wall -Wcast-align -Wdisabled-optimization -Wextra -Wformat=2 -Winvalid-pch -Wno-format-nonliteral -Wpointer-arith -Wshadow -Wunused -Wwrite-strings -funit-at-a-time -Wno-strict-overflow -Wno-deprecated -Wno-invalid-offsetof -Woverloaded-virtual -Wstrict-null-sentinel -fPIC  -Wall -Wno-long-double -Wcast-align -Wdisabled-optimization -Wextra -Wformat=2 -Winvalid-pch -Wno-format-nonliteral -Wpointer-arith -Wshadow -Wunused -Wwrite-strings -funit-at-a-time -Wno-strict-overflow -Wno-deprecated -Wno-invalid-offsetof -Woverloaded-virtual -Wstrict-null-sentinel  -w     -o CMakeFiles/cmTryCompileExec4074090801.dir/kwsysPlatformTestsCXX.cxx.o -c /mnt/projects/CSE_BME_AXM788/home/soumya/DEV/ANTs/build/ITKv4/Modules/ThirdParty/KWSys/src/KWSys/kwsysPlatformTestsCXX.cxx
/mnt/projects/CSE_BME_AXM788/home/soumya/DEV/ANTs/build/ITKv4/Modules/ThirdParty/KWSys/src/KWSys/kwsysPlatformTestsCXX.cxx: In function ‘int main()’:
/mnt/projects/CSE_BME_AXM788/home/soumya/DEV/ANTs/build/ITKv4/Modules/ThirdParty/KWSys/src/KWSys/kwsysPlatformTestsCXX.cxx:200: error: ‘environ’ was not declared in this scope
gmake[4]: *** [CMakeFiles/cmTryCompileExec4074090801.dir/kwsysPlatformTestsCXX.cxx.o] Error 1
gmake[4]: Leaving directory `/mnt/projects/CSE_BME_AXM788/home/soumya/DEV/ANTs/build/ITKv4-build/Modules/ThirdParty/KWSys/src/KWSys/CMakeFiles/CMakeTmp'
gmake[3]: *** [cmTryCompileExec4074090801/fast] Error 2
gmake[3]: Leaving directory `/mnt/projects/CSE_BME_AXM788/home/soumya/DEV/ANTs/build/ITKv4-build/Modules/ThirdParty/KWSys/src/KWSys/CMakeFiles/CMakeTmp'


Checking whether CXX compiler has _atoi64 failed to compile with the following output:
Change Dir: /mnt/projects/CSE_BME_AXM788/home/soumya/DEV/ANTs/build/ITKv4-build/Modules/ThirdParty/KWSys/src/KWSys/CMakeFiles/CMakeTmp

Run Build Command:/usr/bin/gmake "cmTryCompileExec2570816897/fast"
gmake[3]: Entering directory `/mnt/projects/CSE_BME_AXM788/home/soumya/DEV/ANTs/build/ITKv4-build/Modules/ThirdParty/KWSys/src/KWSys/CMakeFiles/CMakeTmp'
/usr/bin/gmake -f CMakeFiles/cmTryCompileExec2570816897.dir/build.make CMakeFiles/cmTryCompileExec2570816897.dir/build
gmake[4]: Entering directory `/mnt/projects/CSE_BME_AXM788/home/soumya/DEV/ANTs/build/ITKv4-build/Modules/ThirdParty/KWSys/src/KWSys/CMakeFiles/CMakeTmp'
/usr/local/cmake/2.8.10.2/bin/cmake -E cmake_progress_report /mnt/projects/CSE_BME_AXM788/home/soumya/DEV/ANTs/build/ITKv4-build/Modules/ThirdParty/KWSys/src/KWSys/CMakeFiles/CMakeTmp/CMakeFiles 1
Building CXX object CMakeFiles/cmTryCompileExec2570816897.dir/kwsysPlatformTestsCXX.cxx.o
/usr/bin/c++   -DTEST_KWSYS_CXX_HAS__ATOI64 -Wall -Wcast-align -Wdisabled-optimization -Wextra -Wformat=2 -Winvalid-pch -Wno-format-nonliteral -Wpointer-arith -Wshadow -Wunused -Wwrite-strings -funit-at-a-time -Wno-strict-overflow -Wno-deprecated -Wno-invalid-offsetof -Woverloaded-virtual -Wstrict-null-sentinel -fPIC  -Wall -Wno-long-double -Wcast-align -Wdisabled-optimization -Wextra -Wformat=2 -Winvalid-pch -Wno-format-nonliteral -Wpointer-arith -Wshadow -Wunused -Wwrite-strings -funit-at-a-time -Wno-strict-overflow -Wno-deprecated -Wno-invalid-offsetof -Woverloaded-virtual -Wstrict-null-sentinel  -w     -o CMakeFiles/cmTryCompileExec2570816897.dir/kwsysPlatformTestsCXX.cxx.o -c /mnt/projects/CSE_BME_AXM788/home/soumya/DEV/ANTs/build/ITKv4/Modules/ThirdParty/KWSys/src/KWSys/kwsysPlatformTestsCXX.cxx
/mnt/projects/CSE_BME_AXM788/home/soumya/DEV/ANTs/build/ITKv4/Modules/ThirdParty/KWSys/src/KWSys/kwsysPlatformTestsCXX.cxx: In function ‘int main()’:
/mnt/projects/CSE_BME_AXM788/home/soumya/DEV/ANTs/build/ITKv4/Modules/ThirdParty/KWSys/src/KWSys/kwsysPlatformTestsCXX.cxx:256: error: ‘_atoi64’ was not declared in this scope
gmake[4]: *** [CMakeFiles/cmTryCompileExec2570816897.dir/kwsysPlatformTestsCXX.cxx.o] Error 1
gmake[4]: Leaving directory `/mnt/projects/CSE_BME_AXM788/home/soumya/DEV/ANTs/build/ITKv4-build/Modules/ThirdParty/KWSys/src/KWSys/CMakeFiles/CMakeTmp'
gmake[3]: *** [cmTryCompileExec2570816897/fast] Error 2
gmake[3]: Leaving directory `/mnt/projects/CSE_BME_AXM788/home/soumya/DEV/ANTs/build/ITKv4-build/Modules/ThirdParty/KWSys/src/KWSys/CMakeFiles/CMakeTmp'


Performing Test VCL_STATIC_CONST_INIT_NO_DEFN failed with the following output:
Change Dir: /mnt/projects/CSE_BME_AXM788/home/soumya/DEV/ANTs/build/ITKv4-build/CMakeFiles/CMakeTmp

Run Build Command:/usr/bin/gmake "cmTryCompileExec1264478940/fast"
gmake[3]: Entering directory `/mnt/projects/CSE_BME_AXM788/home/soumya/DEV/ANTs/build/ITKv4-build/CMakeFiles/CMakeTmp'
/usr/bin/gmake -f CMakeFiles/cmTryCompileExec1264478940.dir/build.make CMakeFiles/cmTryCompileExec1264478940.dir/build
gmake[4]: Entering directory `/mnt/projects/CSE_BME_AXM788/home/soumya/DEV/ANTs/build/ITKv4-build/CMakeFiles/CMakeTmp'
/usr/local/cmake/2.8.10.2/bin/cmake -E cmake_progress_report /mnt/projects/CSE_BME_AXM788/home/soumya/DEV/ANTs/build/ITKv4-build/CMakeFiles/CMakeTmp/CMakeFiles 1
Building CXX object CMakeFiles/cmTryCompileExec1264478940.dir/vxl_platform_tests.cxx.o
/usr/bin/c++    -Wall -Wcast-align -Wdisabled-optimization -Wextra -Wformat=2 -Winvalid-pch -Wno-format-nonliteral -Wpointer-arith -Wshadow -Wunused -Wwrite-strings -funit-at-a-time -Wno-strict-overflow -Wno-deprecated -Wno-invalid-offsetof -Woverloaded-virtual -Wstrict-null-sentinel -fPIC  -Wall -Wno-long-double -Wcast-align -Wdisabled-optimization -Wextra -Wformat=2 -Winvalid-pch -Wno-format-nonliteral -Wpointer-arith -Wshadow -Wunused -Wwrite-strings -funit-at-a-time -Wno-strict-overflow -Wno-deprecated -Wno-invalid-offsetof -Woverloaded-virtual -Wstrict-null-sentinel  -w -w  -DVCL_STATIC_CONST_INIT_NO_DEFN   -o CMakeFiles/cmTryCompileExec1264478940.dir/vxl_platform_tests.cxx.o -c /mnt/projects/CSE_BME_AXM788/home/soumya/DEV/ANTs/build/ITKv4/Modules/ThirdParty/VNL/src/vxl/config/cmake/config/vxl_platform_tests.cxx
Linking CXX executable cmTryCompileExec1264478940
/usr/local/cmake/2.8.10.2/bin/cmake -E cmake_link_script CMakeFiles/cmTryCompileExec1264478940.dir/link.txt --verbose=1
/usr/bin/c++      -Wall -Wcast-align -Wdisabled-optimization -Wextra -Wformat=2 -Winvalid-pch -Wno-format-nonliteral -Wpointer-arith -Wshadow -Wunused -Wwrite-strings -funit-at-a-time -Wno-strict-overflow -Wno-deprecated -Wno-invalid-offsetof -Woverloaded-virtual -Wstrict-null-sentinel -fPIC  -Wall -Wno-long-double -Wcast-align -Wdisabled-optimization -Wextra -Wformat=2 -Winvalid-pch -Wno-format-nonliteral -Wpointer-arith -Wshadow -Wunused -Wwrite-strings -funit-at-a-time -Wno-strict-overflow -Wno-deprecated -Wno-invalid-offsetof -Woverloaded-virtual -Wstrict-null-sentinel  -w -w  -DVCL_STATIC_CONST_INIT_NO_DEFN    CMakeFiles/cmTryCompileExec1264478940.dir/vxl_platform_tests.cxx.o  -o cmTryCompileExec1264478940 -rdynamic 
CMakeFiles/cmTryCompileExec1264478940.dir/vxl_platform_tests.cxx.o: In function `main':
vxl_platform_tests.cxx:(.text+0x24): undefined reference to `A::x'
collect2: ld returned 1 exit status
gmake[4]: *** [cmTryCompileExec1264478940] Error 1
gmake[4]: Leaving directory `/mnt/projects/CSE_BME_AXM788/home/soumya/DEV/ANTs/build/ITKv4-build/CMakeFiles/CMakeTmp'
gmake[3]: *** [cmTryCompileExec1264478940/fast] Error 2
gmake[3]: Leaving directory `/mnt/projects/CSE_BME_AXM788/home/soumya/DEV/ANTs/build/ITKv4-build/CMakeFiles/CMakeTmp'

Performing Test VCL_OVERLOAD_CAST failed with the following output:
Change Dir: /mnt/projects/CSE_BME_AXM788/home/soumya/DEV/ANTs/build/ITKv4-build/CMakeFiles/CMakeTmp

Run Build Command:/usr/bin/gmake "cmTryCompileExec4098964343/fast"
gmake[3]: Entering directory `/mnt/projects/CSE_BME_AXM788/home/soumya/DEV/ANTs/build/ITKv4-build/CMakeFiles/CMakeTmp'
/usr/bin/gmake -f CMakeFiles/cmTryCompileExec4098964343.dir/build.make CMakeFiles/cmTryCompileExec4098964343.dir/build
gmake[4]: Entering directory `/mnt/projects/CSE_BME_AXM788/home/soumya/DEV/ANTs/build/ITKv4-build/CMakeFiles/CMakeTmp'
/usr/local/cmake/2.8.10.2/bin/cmake -E cmake_progress_report /mnt/projects/CSE_BME_AXM788/home/soumya/DEV/ANTs/build/ITKv4-build/CMakeFiles/CMakeTmp/CMakeFiles 1
Building CXX object CMakeFiles/cmTryCompileExec4098964343.dir/vxl_platform_tests.cxx.o
/usr/bin/c++    -Wall -Wcast-align -Wdisabled-optimization -Wextra -Wformat=2 -Winvalid-pch -Wno-format-nonliteral -Wpointer-arith -Wshadow -Wunused -Wwrite-strings -funit-at-a-time -Wno-strict-overflow -Wno-deprecated -Wno-invalid-offsetof -Woverloaded-virtual -Wstrict-null-sentinel -fPIC  -Wall -Wno-long-double -Wcast-align -Wdisabled-optimization -Wextra -Wformat=2 -Winvalid-pch -Wno-format-nonliteral -Wpointer-arith -Wshadow -Wunused -Wwrite-strings -funit-at-a-time -Wno-strict-overflow -Wno-deprecated -Wno-invalid-offsetof -Woverloaded-virtual -Wstrict-null-sentinel  -w -w  -DVCL_OVERLOAD_CAST   -o CMakeFiles/cmTryCompileExec4098964343.dir/vxl_platform_tests.cxx.o -c /mnt/projects/CSE_BME_AXM788/home/soumya/DEV/ANTs/build/ITKv4/Modules/ThirdParty/VNL/src/vxl/config/cmake/config/vxl_platform_tests.cxx
/mnt/projects/CSE_BME_AXM788/home/soumya/DEV/ANTs/build/ITKv4/Modules/ThirdParty/VNL/src/vxl/config/cmake/config/vxl_platform_tests.cxx: In constructor ‘vnl_vector_fixed<n, T>::vnl_vector_fixed()’:
/mnt/projects/CSE_BME_AXM788/home/soumya/DEV/ANTs/build/ITKv4/Modules/ThirdParty/VNL/src/vxl/config/cmake/config/vxl_platform_tests.cxx:391: error: ‘data_fixed’ was not declared in this scope
gmake[4]: *** [CMakeFiles/cmTryCompileExec4098964343.dir/vxl_platform_tests.cxx.o] Error 1
gmake[4]: Leaving directory `/mnt/projects/CSE_BME_AXM788/home/soumya/DEV/ANTs/build/ITKv4-build/CMakeFiles/CMakeTmp'
gmake[3]: *** [cmTryCompileExec4098964343/fast] Error 2
gmake[3]: Leaving directory `/mnt/projects/CSE_BME_AXM788/home/soumya/DEV/ANTs/build/ITKv4-build/CMakeFiles/CMakeTmp'

Performing Test VCL_NULL_TMPL_ARGS failed with the following output:
Change Dir: /mnt/projects/CSE_BME_AXM788/home/soumya/DEV/ANTs/build/ITKv4-build/CMakeFiles/CMakeTmp

Run Build Command:/usr/bin/gmake "cmTryCompileExec4025805203/fast"
gmake[3]: Entering directory `/mnt/projects/CSE_BME_AXM788/home/soumya/DEV/ANTs/build/ITKv4-build/CMakeFiles/CMakeTmp'
/usr/bin/gmake -f CMakeFiles/cmTryCompileExec4025805203.dir/build.make CMakeFiles/cmTryCompileExec4025805203.dir/build
gmake[4]: Entering directory `/mnt/projects/CSE_BME_AXM788/home/soumya/DEV/ANTs/build/ITKv4-build/CMakeFiles/CMakeTmp'
/usr/local/cmake/2.8.10.2/bin/cmake -E cmake_progress_report /mnt/projects/CSE_BME_AXM788/home/soumya/DEV/ANTs/build/ITKv4-build/CMakeFiles/CMakeTmp/CMakeFiles 1
Building CXX object CMakeFiles/cmTryCompileExec4025805203.dir/vxl_platform_tests.cxx.o
/usr/bin/c++    -Wall -Wcast-align -Wdisabled-optimization -Wextra -Wformat=2 -Winvalid-pch -Wno-format-nonliteral -Wpointer-arith -Wshadow -Wunused -Wwrite-strings -funit-at-a-time -Wno-strict-overflow -Wno-deprecated -Wno-invalid-offsetof -Woverloaded-virtual -Wstrict-null-sentinel -fPIC  -Wall -Wno-long-double -Wcast-align -Wdisabled-optimization -Wextra -Wformat=2 -Winvalid-pch -Wno-format-nonliteral -Wpointer-arith -Wshadow -Wunused -Wwrite-strings -funit-at-a-time -Wno-strict-overflow -Wno-deprecated -Wno-invalid-offsetof -Woverloaded-virtual -Wstrict-null-sentinel  -w -w  -DVCL_NULL_TMPL_ARGS   -o CMakeFiles/cmTryCompileExec4025805203.dir/vxl_platform_tests.cxx.o -c /mnt/projects/CSE_BME_AXM788/home/soumya/DEV/ANTs/build/ITKv4/Modules/ThirdParty/VNL/src/vxl/config/cmake/config/vxl_platform_tests.cxx
/mnt/projects/CSE_BME_AXM788/home/soumya/DEV/ANTs/build/ITKv4/Modules/ThirdParty/VNL/src/vxl/config/cmake/config/vxl_platform_tests.cxx: In function ‘T dot(const victor<T>&, const victor<T>&) [with T = double]’:
/mnt/projects/CSE_BME_AXM788/home/soumya/DEV/ANTs/build/ITKv4/Modules/ThirdParty/VNL/src/vxl/config/cmake/config/vxl_platform_tests.cxx:450:   instantiated from here
/mnt/projects/CSE_BME_AXM788/home/soumya/DEV/ANTs/build/ITKv4/Modules/ThirdParty/VNL/src/vxl/config/cmake/config/vxl_platform_tests.cxx:439: error: ‘double victor<double>::data [3]’ is private
/mnt/projects/CSE_BME_AXM788/home/soumya/DEV/ANTs/build/ITKv4/Modules/ThirdParty/VNL/src/vxl/config/cmake/config/vxl_platform_tests.cxx:447: error: within this context
/mnt/projects/CSE_BME_AXM788/home/soumya/DEV/ANTs/build/ITKv4/Modules/ThirdParty/VNL/src/vxl/config/cmake/config/vxl_platform_tests.cxx:439: error: ‘double victor<double>::data [3]’ is private
/mnt/projects/CSE_BME_AXM788/home/soumya/DEV/ANTs/build/ITKv4/Modules/ThirdParty/VNL/src/vxl/config/cmake/config/vxl_platform_tests.cxx:447: error: within this context
/mnt/projects/CSE_BME_AXM788/home/soumya/DEV/ANTs/build/ITKv4/Modules/ThirdParty/VNL/src/vxl/config/cmake/config/vxl_platform_tests.cxx:439: error: ‘double victor<double>::data [3]’ is private
/mnt/projects/CSE_BME_AXM788/home/soumya/DEV/ANTs/build/ITKv4/Modules/ThirdParty/VNL/src/vxl/config/cmake/config/vxl_platform_tests.cxx:447: error: within this context
/mnt/projects/CSE_BME_AXM788/home/soumya/DEV/ANTs/build/ITKv4/Modules/ThirdParty/VNL/src/vxl/config/cmake/config/vxl_platform_tests.cxx:439: error: ‘double victor<double>::data [3]’ is private
/mnt/projects/CSE_BME_AXM788/home/soumya/DEV/ANTs/build/ITKv4/Modules/ThirdParty/VNL/src/vxl/config/cmake/config/vxl_platform_tests.cxx:447: error: within this context
/mnt/projects/CSE_BME_AXM788/home/soumya/DEV/ANTs/build/ITKv4/Modules/ThirdParty/VNL/src/vxl/config/cmake/config/vxl_platform_tests.cxx:439: error: ‘double victor<double>::data [3]’ is private
/mnt/projects/CSE_BME_AXM788/home/soumya/DEV/ANTs/build/ITKv4/Modules/ThirdParty/VNL/src/vxl/config/cmake/config/vxl_platform_tests.cxx:447: error: within this context
/mnt/projects/CSE_BME_AXM788/home/soumya/DEV/ANTs/build/ITKv4/Modules/ThirdParty/VNL/src/vxl/config/cmake/config/vxl_platform_tests.cxx:439: error: ‘double victor<double>::data [3]’ is private
/mnt/projects/CSE_BME_AXM788/home/soumya/DEV/ANTs/build/ITKv4/Modules/ThirdParty/VNL/src/vxl/config/cmake/config/vxl_platform_tests.cxx:447: error: within this context
gmake[4]: *** [CMakeFiles/cmTryCompileExec4025805203.dir/vxl_platform_tests.cxx.o] Error 1
gmake[4]: Leaving directory `/mnt/projects/CSE_BME_AXM788/home/soumya/DEV/ANTs/build/ITKv4-build/CMakeFiles/CMakeTmp'
gmake[3]: *** [cmTryCompileExec4025805203/fast] Error 2
gmake[3]: Leaving directory `/mnt/projects/CSE_BME_AXM788/home/soumya/DEV/ANTs/build/ITKv4-build/CMakeFiles/CMakeTmp'

Performing Try-Run Test VCL_HAS_TEMPLATE_SYMBOLS failed to compile with the following output:
Change Dir: /mnt/projects/CSE_BME_AXM788/home/soumya/DEV/ANTs/build/ITKv4-build/CMakeFiles/CMakeTmp

Run Build Command:/usr/bin/gmake "cmTryCompileExec130149680/fast"
gmake[3]: Entering directory `/mnt/projects/CSE_BME_AXM788/home/soumya/DEV/ANTs/build/ITKv4-build/CMakeFiles/CMakeTmp'
/usr/bin/gmake -f CMakeFiles/cmTryCompileExec130149680.dir/build.make CMakeFiles/cmTryCompileExec130149680.dir/build
gmake[4]: Entering directory `/mnt/projects/CSE_BME_AXM788/home/soumya/DEV/ANTs/build/ITKv4-build/CMakeFiles/CMakeTmp'
/usr/local/cmake/2.8.10.2/bin/cmake -E cmake_progress_report /mnt/projects/CSE_BME_AXM788/home/soumya/DEV/ANTs/build/ITKv4-build/CMakeFiles/CMakeTmp/CMakeFiles 1
Building CXX object CMakeFiles/cmTryCompileExec130149680.dir/vxl_platform_tests.cxx.o
/usr/bin/c++    -Wall -Wcast-align -Wdisabled-optimization -Wextra -Wformat=2 -Winvalid-pch -Wno-format-nonliteral -Wpointer-arith -Wshadow -Wunused -Wwrite-strings -funit-at-a-time -Wno-strict-overflow -Wno-deprecated -Wno-invalid-offsetof -Woverloaded-virtual -Wstrict-null-sentinel -fPIC  -Wall -Wno-long-double -Wcast-align -Wdisabled-optimization -Wextra -Wformat=2 -Winvalid-pch -Wno-format-nonliteral -Wpointer-arith -Wshadow -Wunused -Wwrite-strings -funit-at-a-time -Wno-strict-overflow -Wno-deprecated -Wno-invalid-offsetof -Woverloaded-virtual -Wstrict-null-sentinel  -w -w  -DVCL_HAS_TEMPLATE_SYMBOLS   -o CMakeFiles/cmTryCompileExec130149680.dir/vxl_platform_tests.cxx.o -c /mnt/projects/CSE_BME_AXM788/home/soumya/DEV/ANTs/build/ITKv4/Modules/ThirdParty/VNL/src/vxl/config/cmake/config/vxl_platform_tests.cxx
Linking CXX executable cmTryCompileExec130149680
/usr/local/cmake/2.8.10.2/bin/cmake -E cmake_link_script CMakeFiles/cmTryCompileExec130149680.dir/link.txt --verbose=1
/usr/bin/c++      -Wall -Wcast-align -Wdisabled-optimization -Wextra -Wformat=2 -Winvalid-pch -Wno-format-nonliteral -Wpointer-arith -Wshadow -Wunused -Wwrite-strings -funit-at-a-time -Wno-strict-overflow -Wno-deprecated -Wno-invalid-offsetof -Woverloaded-virtual -Wstrict-null-sentinel -fPIC  -Wall -Wno-long-double -Wcast-align -Wdisabled-optimization -Wextra -Wformat=2 -Winvalid-pch -Wno-format-nonliteral -Wpointer-arith -Wshadow -Wunused -Wwrite-strings -funit-at-a-time -Wno-strict-overflow -Wno-deprecated -Wno-invalid-offsetof -Woverloaded-virtual -Wstrict-null-sentinel  -w -w  -DVCL_HAS_TEMPLATE_SYMBOLS    CMakeFiles/cmTryCompileExec130149680.dir/vxl_platform_tests.cxx.o  -o cmTryCompileExec130149680 -rdynamic 
CMakeFiles/cmTryCompileExec130149680.dir/vxl_platform_tests.cxx.o: In function `caller()':
vxl_platform_tests.cxx:(.text+0x15): undefined reference to `void function<double>(double*, int)'
collect2: ld returned 1 exit status
gmake[4]: *** [cmTryCompileExec130149680] Error 1
gmake[4]: Leaving directory `/mnt/projects/CSE_BME_AXM788/home/soumya/DEV/ANTs/build/ITKv4-build/CMakeFiles/CMakeTmp'
gmake[3]: *** [cmTryCompileExec130149680/fast] Error 2
gmake[3]: Leaving directory `/mnt/projects/CSE_BME_AXM788/home/soumya/DEV/ANTs/build/ITKv4-build/CMakeFiles/CMakeTmp'

Performing Test VCL_NEEDS_NAMESPACE_STD failed with the following output:
Change Dir: /mnt/projects/CSE_BME_AXM788/home/soumya/DEV/ANTs/build/ITKv4-build/CMakeFiles/CMakeTmp

Run Build Command:/usr/bin/gmake "cmTryCompileExec2184730151/fast"
gmake[3]: Entering directory `/mnt/projects/CSE_BME_AXM788/home/soumya/DEV/ANTs/build/ITKv4-build/CMakeFiles/CMakeTmp'
/usr/bin/gmake -f CMakeFiles/cmTryCompileExec2184730151.dir/build.make CMakeFiles/cmTryCompileExec2184730151.dir/build
gmake[4]: Entering directory `/mnt/projects/CSE_BME_AXM788/home/soumya/DEV/ANTs/build/ITKv4-build/CMakeFiles/CMakeTmp'
/usr/local/cmake/2.8.10.2/bin/cmake -E cmake_progress_report /mnt/projects/CSE_BME_AXM788/home/soumya/DEV/ANTs/build/ITKv4-build/CMakeFiles/CMakeTmp/CMakeFiles 1
Building CXX object CMakeFiles/cmTryCompileExec2184730151.dir/vxl_platform_tests.cxx.o
/usr/bin/c++    -Wall -Wcast-align -Wdisabled-optimization -Wextra -Wformat=2 -Winvalid-pch -Wno-format-nonliteral -Wpointer-arith -Wshadow -Wunused -Wwrite-strings -funit-at-a-time -Wno-strict-overflow -Wno-deprecated -Wno-invalid-offsetof -Woverloaded-virtual -Wstrict-null-sentinel -fPIC  -Wall -Wno-long-double -Wcast-align -Wdisabled-optimization -Wextra -Wformat=2 -Winvalid-pch -Wno-format-nonliteral -Wpointer-arith -Wshadow -Wunused -Wwrite-strings -funit-at-a-time -Wno-strict-overflow -Wno-deprecated -Wno-invalid-offsetof -Woverloaded-virtual -Wstrict-null-sentinel  -w -w  -DVCL_NEEDS_NAMESPACE_STD   -o CMakeFiles/cmTryCompileExec2184730151.dir/vxl_platform_tests.cxx.o -c /mnt/projects/CSE_BME_AXM788/home/soumya/DEV/ANTs/build/ITKv4/Modules/ThirdParty/VNL/src/vxl/config/cmake/config/vxl_platform_tests.cxx
/mnt/projects/CSE_BME_AXM788/home/soumya/DEV/ANTs/build/ITKv4/Modules/ThirdParty/VNL/src/vxl/config/cmake/config/vxl_platform_tests.cxx: In function ‘void function()’:
/mnt/projects/CSE_BME_AXM788/home/soumya/DEV/ANTs/build/ITKv4/Modules/ThirdParty/VNL/src/vxl/config/cmake/config/vxl_platform_tests.cxx:803: error: ‘vector’ was not declared in this scope
/mnt/projects/CSE_BME_AXM788/home/soumya/DEV/ANTs/build/ITKv4/Modules/ThirdParty/VNL/src/vxl/config/cmake/config/vxl_platform_tests.cxx:803: error: expected primary-expression before ‘double’
/mnt/projects/CSE_BME_AXM788/home/soumya/DEV/ANTs/build/ITKv4/Modules/ThirdParty/VNL/src/vxl/config/cmake/config/vxl_platform_tests.cxx:803: error: expected ‘;’ before ‘double’
/mnt/projects/CSE_BME_AXM788/home/soumya/DEV/ANTs/build/ITKv4/Modules/ThirdParty/VNL/src/vxl/config/cmake/config/vxl_platform_tests.cxx:804: error: ‘flaz’ was not declared in this scope
gmake[4]: *** [CMakeFiles/cmTryCompileExec2184730151.dir/vxl_platform_tests.cxx.o] Error 1
gmake[4]: Leaving directory `/mnt/projects/CSE_BME_AXM788/home/soumya/DEV/ANTs/build/ITKv4-build/CMakeFiles/CMakeTmp'
gmake[3]: Leaving directory `/mnt/projects/CSE_BME_AXM788/home/soumya/DEV/ANTs/build/ITKv4-build/CMakeFiles/CMakeTmp'
gmake[3]: *** [cmTryCompileExec2184730151/fast] Error 2

Performing Test VCL_HAS_SLICED_DESTRUCTOR_BUG succeeded with the following output:
Change Dir: /mnt/projects/CSE_BME_AXM788/home/soumya/DEV/ANTs/build/ITKv4-build/CMakeFiles/CMakeTmp

Run Build Command:/usr/bin/gmake "cmTryCompileExec1915389583/fast"
gmake[3]: Entering directory `/mnt/projects/CSE_BME_AXM788/home/soumya/DEV/ANTs/build/ITKv4-build/CMakeFiles/CMakeTmp'
/usr/bin/gmake -f CMakeFiles/cmTryCompileExec1915389583.dir/build.make CMakeFiles/cmTryCompileExec1915389583.dir/build
gmake[4]: Entering directory `/mnt/projects/CSE_BME_AXM788/home/soumya/DEV/ANTs/build/ITKv4-build/CMakeFiles/CMakeTmp'
/usr/local/cmake/2.8.10.2/bin/cmake -E cmake_progress_report /mnt/projects/CSE_BME_AXM788/home/soumya/DEV/ANTs/build/ITKv4-build/CMakeFiles/CMakeTmp/CMakeFiles 1
Building CXX object CMakeFiles/cmTryCompileExec1915389583.dir/vxl_platform_tests.cxx.o
/usr/bin/c++    -Wall -Wcast-align -Wdisabled-optimization -Wextra -Wformat=2 -Winvalid-pch -Wno-format-nonliteral -Wpointer-arith -Wshadow -Wunused -Wwrite-strings -funit-at-a-time -Wno-strict-overflow -Wno-deprecated -Wno-invalid-offsetof -Woverloaded-virtual -Wstrict-null-sentinel -fPIC  -Wall -Wno-long-double -Wcast-align -Wdisabled-optimization -Wextra -Wformat=2 -Winvalid-pch -Wno-format-nonliteral -Wpointer-arith -Wshadow -Wunused -Wwrite-strings -funit-at-a-time -Wno-strict-overflow -Wno-deprecated -Wno-invalid-offsetof -Woverloaded-virtual -Wstrict-null-sentinel  -w -w  -DVCL_HAS_SLICED_DESTRUCTOR_BUG   -o CMakeFiles/cmTryCompileExec1915389583.dir/vxl_platform_tests.cxx.o -c /mnt/projects/CSE_BME_AXM788/home/soumya/DEV/ANTs/build/ITKv4/Modules/ThirdParty/VNL/src/vxl/config/cmake/config/vxl_platform_tests.cxx
Linking CXX executable cmTryCompileExec1915389583
/usr/local/cmake/2.8.10.2/bin/cmake -E cmake_link_script CMakeFiles/cmTryCompileExec1915389583.dir/link.txt --verbose=1
/usr/bin/c++      -Wall -Wcast-align -Wdisabled-optimization -Wextra -Wformat=2 -Winvalid-pch -Wno-format-nonliteral -Wpointer-arith -Wshadow -Wunused -Wwrite-strings -funit-at-a-time -Wno-strict-overflow -Wno-deprecated -Wno-invalid-offsetof -Woverloaded-virtual -Wstrict-null-sentinel -fPIC  -Wall -Wno-long-double -Wcast-align -Wdisabled-optimization -Wextra -Wformat=2 -Winvalid-pch -Wno-format-nonliteral -Wpointer-arith -Wshadow -Wunused -Wwrite-strings -funit-at-a-time -Wno-strict-overflow -Wno-deprecated -Wno-invalid-offsetof -Woverloaded-virtual -Wstrict-null-sentinel  -w -w  -DVCL_HAS_SLICED_DESTRUCTOR_BUG    CMakeFiles/cmTryCompileExec1915389583.dir/vxl_platform_tests.cxx.o  -o cmTryCompileExec1915389583 -rdynamic 
gmake[4]: Leaving directory `/mnt/projects/CSE_BME_AXM788/home/soumya/DEV/ANTs/build/ITKv4-build/CMakeFiles/CMakeTmp'
gmake[3]: Leaving directory `/mnt/projects/CSE_BME_AXM788/home/soumya/DEV/ANTs/build/ITKv4-build/CMakeFiles/CMakeTmp'

Performing Test VCL_HAS_WORKING_STRINGSTREAM succeeded with the following output:
Change Dir: /mnt/projects/CSE_BME_AXM788/home/soumya/DEV/ANTs/build/ITKv4-build/CMakeFiles/CMakeTmp

Run Build Command:/usr/bin/gmake "cmTryCompileExec1504247372/fast"
gmake[3]: Entering directory `/mnt/projects/CSE_BME_AXM788/home/soumya/DEV/ANTs/build/ITKv4-build/CMakeFiles/CMakeTmp'
/usr/bin/gmake -f CMakeFiles/cmTryCompileExec1504247372.dir/build.make CMakeFiles/cmTryCompileExec1504247372.dir/build
gmake[4]: Entering directory `/mnt/projects/CSE_BME_AXM788/home/soumya/DEV/ANTs/build/ITKv4-build/CMakeFiles/CMakeTmp'
/usr/local/cmake/2.8.10.2/bin/cmake -E cmake_progress_report /mnt/projects/CSE_BME_AXM788/home/soumya/DEV/ANTs/build/ITKv4-build/CMakeFiles/CMakeTmp/CMakeFiles 1
Building CXX object CMakeFiles/cmTryCompileExec1504247372.dir/vxl_platform_tests.cxx.o
/usr/bin/c++    -Wall -Wcast-align -Wdisabled-optimization -Wextra -Wformat=2 -Winvalid-pch -Wno-format-nonliteral -Wpointer-arith -Wshadow -Wunused -Wwrite-strings -funit-at-a-time -Wno-strict-overflow -Wno-deprecated -Wno-invalid-offsetof -Woverloaded-virtual -Wstrict-null-sentinel -fPIC  -Wall -Wno-long-double -Wcast-align -Wdisabled-optimization -Wextra -Wformat=2 -Winvalid-pch -Wno-format-nonliteral -Wpointer-arith -Wshadow -Wunused -Wwrite-strings -funit-at-a-time -Wno-strict-overflow -Wno-deprecated -Wno-invalid-offsetof -Woverloaded-virtual -Wstrict-null-sentinel  -w -w  -DVCL_HAS_WORKING_STRINGSTREAM   -o CMakeFiles/cmTryCompileExec1504247372.dir/vxl_platform_tests.cxx.o -c /mnt/projects/CSE_BME_AXM788/home/soumya/DEV/ANTs/build/ITKv4/Modules/ThirdParty/VNL/src/vxl/config/cmake/config/vxl_platform_tests.cxx
Linking CXX executable cmTryCompileExec1504247372
/usr/local/cmake/2.8.10.2/bin/cmake -E cmake_link_script CMakeFiles/cmTryCompileExec1504247372.dir/link.txt --verbose=1
/usr/bin/c++      -Wall -Wcast-align -Wdisabled-optimization -Wextra -Wformat=2 -Winvalid-pch -Wno-format-nonliteral -Wpointer-arith -Wshadow -Wunused -Wwrite-strings -funit-at-a-time -Wno-strict-overflow -Wno-deprecated -Wno-invalid-offsetof -Woverloaded-virtual -Wstrict-null-sentinel -fPIC  -Wall -Wno-long-double -Wcast-align -Wdisabled-optimization -Wextra -Wformat=2 -Winvalid-pch -Wno-format-nonliteral -Wpointer-arith -Wshadow -Wunused -Wwrite-strings -funit-at-a-time -Wno-strict-overflow -Wno-deprecated -Wno-invalid-offsetof -Woverloaded-virtual -Wstrict-null-sentinel  -w -w  -DVCL_HAS_WORKING_STRINGSTREAM    CMakeFiles/cmTryCompileExec1504247372.dir/vxl_platform_tests.cxx.o  -o cmTryCompileExec1504247372 -rdynamic 
gmake[4]: Leaving directory `/mnt/projects/CSE_BME_AXM788/home/soumya/DEV/ANTs/build/ITKv4-build/CMakeFiles/CMakeTmp'
gmake[3]: Leaving directory `/mnt/projects/CSE_BME_AXM788/home/soumya/DEV/ANTs/build/ITKv4-build/CMakeFiles/CMakeTmp'

Performing Test VCL_HAS_LFS succeeded with the following output:
Change Dir: /mnt/projects/CSE_BME_AXM788/home/soumya/DEV/ANTs/build/ITKv4-build/CMakeFiles/CMakeTmp

Run Build Command:/usr/bin/gmake "cmTryCompileExec2513097463/fast"
gmake[3]: Entering directory `/mnt/projects/CSE_BME_AXM788/home/soumya/DEV/ANTs/build/ITKv4-build/CMakeFiles/CMakeTmp'
/usr/bin/gmake -f CMakeFiles/cmTryCompileExec2513097463.dir/build.make CMakeFiles/cmTryCompileExec2513097463.dir/build
gmake[4]: Entering directory `/mnt/projects/CSE_BME_AXM788/home/soumya/DEV/ANTs/build/ITKv4-build/CMakeFiles/CMakeTmp'
/usr/local/cmake/2.8.10.2/bin/cmake -E cmake_progress_report /mnt/projects/CSE_BME_AXM788/home/soumya/DEV/ANTs/build/ITKv4-build/CMakeFiles/CMakeTmp/CMakeFiles 1
Building CXX object CMakeFiles/cmTryCompileExec2513097463.dir/vxl_platform_tests.cxx.o
/usr/bin/c++    -Wall -Wcast-align -Wdisabled-optimization -Wextra -Wformat=2 -Winvalid-pch -Wno-format-nonliteral -Wpointer-arith -Wshadow -Wunused -Wwrite-strings -funit-at-a-time -Wno-strict-overflow -Wno-deprecated -Wno-invalid-offsetof -Woverloaded-virtual -Wstrict-null-sentinel -fPIC  -Wall -Wno-long-double -Wcast-align -Wdisabled-optimization -Wextra -Wformat=2 -Winvalid-pch -Wno-format-nonliteral -Wpointer-arith -Wshadow -Wunused -Wwrite-strings -funit-at-a-time -Wno-strict-overflow -Wno-deprecated -Wno-invalid-offsetof -Woverloaded-virtual -Wstrict-null-sentinel  -w -w  -DVCL_HAS_LFS   -o CMakeFiles/cmTryCompileExec2513097463.dir/vxl_platform_tests.cxx.o -c /mnt/projects/CSE_BME_AXM788/home/soumya/DEV/ANTs/build/ITKv4/Modules/ThirdParty/VNL/src/vxl/config/cmake/config/vxl_platform_tests.cxx
Linking CXX executable cmTryCompileExec2513097463
/usr/local/cmake/2.8.10.2/bin/cmake -E cmake_link_script CMakeFiles/cmTryCompileExec2513097463.dir/link.txt --verbose=1
/usr/bin/c++      -Wall -Wcast-align -Wdisabled-optimization -Wextra -Wformat=2 -Winvalid-pch -Wno-format-nonliteral -Wpointer-arith -Wshadow -Wunused -Wwrite-strings -funit-at-a-time -Wno-strict-overflow -Wno-deprecated -Wno-invalid-offsetof -Woverloaded-virtual -Wstrict-null-sentinel -fPIC  -Wall -Wno-long-double -Wcast-align -Wdisabled-optimization -Wextra -Wformat=2 -Winvalid-pch -Wno-format-nonliteral -Wpointer-arith -Wshadow -Wunused -Wwrite-strings -funit-at-a-time -Wno-strict-overflow -Wno-deprecated -Wno-invalid-offsetof -Woverloaded-virtual -Wstrict-null-sentinel  -w -w  -DVCL_HAS_LFS    CMakeFiles/cmTryCompileExec2513097463.dir/vxl_platform_tests.cxx.o  -o cmTryCompileExec2513097463 -rdynamic 
gmake[4]: Leaving directory `/mnt/projects/CSE_BME_AXM788/home/soumya/DEV/ANTs/build/ITKv4-build/CMakeFiles/CMakeTmp'
gmake[3]: Leaving directory `/mnt/projects/CSE_BME_AXM788/home/soumya/DEV/ANTs/build/ITKv4-build/CMakeFiles/CMakeTmp'

Performing Test VXL_HAS_DBGHELP_H failed with the following output:
Change Dir: /mnt/projects/CSE_BME_AXM788/home/soumya/DEV/ANTs/build/ITKv4-build/CMakeFiles/CMakeTmp

Run Build Command:/usr/bin/gmake "cmTryCompileExec3302350503/fast"
gmake[3]: Entering directory `/mnt/projects/CSE_BME_AXM788/home/soumya/DEV/ANTs/build/ITKv4-build/CMakeFiles/CMakeTmp'
/usr/bin/gmake -f CMakeFiles/cmTryCompileExec3302350503.dir/build.make CMakeFiles/cmTryCompileExec3302350503.dir/build
gmake[4]: Entering directory `/mnt/projects/CSE_BME_AXM788/home/soumya/DEV/ANTs/build/ITKv4-build/CMakeFiles/CMakeTmp'
/usr/local/cmake/2.8.10.2/bin/cmake -E cmake_progress_report /mnt/projects/CSE_BME_AXM788/home/soumya/DEV/ANTs/build/ITKv4-build/CMakeFiles/CMakeTmp/CMakeFiles 1
Building CXX object CMakeFiles/cmTryCompileExec3302350503.dir/vxl_platform_tests.cxx.o
/usr/bin/c++    -Wall -Wcast-align -Wdisabled-optimization -Wextra -Wformat=2 -Winvalid-pch -Wno-format-nonliteral -Wpointer-arith -Wshadow -Wunused -Wwrite-strings -funit-at-a-time -Wno-strict-overflow -Wno-deprecated -Wno-invalid-offsetof -Woverloaded-virtual -Wstrict-null-sentinel -fPIC  -Wall -Wno-long-double -Wcast-align -Wdisabled-optimization -Wextra -Wformat=2 -Winvalid-pch -Wno-format-nonliteral -Wpointer-arith -Wshadow -Wunused -Wwrite-strings -funit-at-a-time -Wno-strict-overflow -Wno-deprecated -Wno-invalid-offsetof -Woverloaded-virtual -Wstrict-null-sentinel  -w -w  -DVXL_HAS_DBGHELP_H   -o CMakeFiles/cmTryCompileExec3302350503.dir/vxl_platform_tests.cxx.o -c /mnt/projects/CSE_BME_AXM788/home/soumya/DEV/ANTs/build/ITKv4/Modules/ThirdParty/VNL/src/vxl/config/cmake/config/vxl_platform_tests.cxx
/mnt/projects/CSE_BME_AXM788/home/soumya/DEV/ANTs/build/ITKv4/Modules/ThirdParty/VNL/src/vxl/config/cmake/config/vxl_platform_tests.cxx:1130:21: error: Windows.h: No such file or directory
/mnt/projects/CSE_BME_AXM788/home/soumya/DEV/ANTs/build/ITKv4/Modules/ThirdParty/VNL/src/vxl/config/cmake/config/vxl_platform_tests.cxx:1131:21: error: DbgHelp.h: No such file or directory
/mnt/projects/CSE_BME_AXM788/home/soumya/DEV/ANTs/build/ITKv4/Modules/ThirdParty/VNL/src/vxl/config/cmake/config/vxl_platform_tests.cxx: In function ‘int main()’:
/mnt/projects/CSE_BME_AXM788/home/soumya/DEV/ANTs/build/ITKv4/Modules/ThirdParty/VNL/src/vxl/config/cmake/config/vxl_platform_tests.cxx:1133: error: ‘MINIDUMP_EXCEPTION_INFORMATION’ was not declared in this scope
/mnt/projects/CSE_BME_AXM788/home/soumya/DEV/ANTs/build/ITKv4/Modules/ThirdParty/VNL/src/vxl/config/cmake/config/vxl_platform_tests.cxx:1133: error: expected ‘;’ before ‘dummy’
gmake[4]: *** [CMakeFiles/cmTryCompileExec3302350503.dir/vxl_platform_tests.cxx.o] Error 1
gmake[4]: Leaving directory `/mnt/projects/CSE_BME_AXM788/home/soumya/DEV/ANTs/build/ITKv4-build/CMakeFiles/CMakeTmp'
gmake[3]: *** [cmTryCompileExec3302350503/fast] Error 2
gmake[3]: Leaving directory `/mnt/projects/CSE_BME_AXM788/home/soumya/DEV/ANTs/build/ITKv4-build/CMakeFiles/CMakeTmp'

Determining if the include file ieeefp.h exists failed with the following output:
Change Dir: /mnt/projects/CSE_BME_AXM788/home/soumya/DEV/ANTs/build/ITKv4-build/CMakeFiles/CMakeTmp

Run Build Command:/usr/bin/gmake "cmTryCompileExec1748364367/fast"
gmake[3]: Entering directory `/mnt/projects/CSE_BME_AXM788/home/soumya/DEV/ANTs/build/ITKv4-build/CMakeFiles/CMakeTmp'
/usr/bin/gmake -f CMakeFiles/cmTryCompileExec1748364367.dir/build.make CMakeFiles/cmTryCompileExec1748364367.dir/build
gmake[4]: Entering directory `/mnt/projects/CSE_BME_AXM788/home/soumya/DEV/ANTs/build/ITKv4-build/CMakeFiles/CMakeTmp'
/usr/local/cmake/2.8.10.2/bin/cmake -E cmake_progress_report /mnt/projects/CSE_BME_AXM788/home/soumya/DEV/ANTs/build/ITKv4-build/CMakeFiles/CMakeTmp/CMakeFiles 1
Building CXX object CMakeFiles/cmTryCompileExec1748364367.dir/CheckIncludeFile.cxx.o
/usr/bin/c++    -Wall -Wcast-align -Wdisabled-optimization -Wextra -Wformat=2 -Winvalid-pch -Wno-format-nonliteral -Wpointer-arith -Wshadow -Wunused -Wwrite-strings -funit-at-a-time -Wno-strict-overflow -Wno-deprecated -Wno-invalid-offsetof -Woverloaded-virtual -Wstrict-null-sentinel -fPIC  -Wall -Wno-long-double -Wcast-align -Wdisabled-optimization -Wextra -Wformat=2 -Winvalid-pch -Wno-format-nonliteral -Wpointer-arith -Wshadow -Wunused -Wwrite-strings -funit-at-a-time -Wno-strict-overflow -Wno-deprecated -Wno-invalid-offsetof -Woverloaded-virtual -Wstrict-null-sentinel  -w -w     -o CMakeFiles/cmTryCompileExec1748364367.dir/CheckIncludeFile.cxx.o -c /mnt/projects/CSE_BME_AXM788/home/soumya/DEV/ANTs/build/ITKv4-build/CMakeFiles/CMakeTmp/CheckIncludeFile.cxx
/mnt/projects/CSE_BME_AXM788/home/soumya/DEV/ANTs/build/ITKv4-build/CMakeFiles/CMakeTmp/CheckIncludeFile.cxx:1:20: error: ieeefp.h: No such file or directory
gmake[4]: *** [CMakeFiles/cmTryCompileExec1748364367.dir/CheckIncludeFile.cxx.o] Error 1
gmake[4]: Leaving directory `/mnt/projects/CSE_BME_AXM788/home/soumya/DEV/ANTs/build/ITKv4-build/CMakeFiles/CMakeTmp'
gmake[3]: *** [cmTryCompileExec1748364367/fast] Error 2
gmake[3]: Leaving directory `/mnt/projects/CSE_BME_AXM788/home/soumya/DEV/ANTs/build/ITKv4-build/CMakeFiles/CMakeTmp'


Determining if the std::shared_ptr<void> exist failed with the following output:
Change Dir: /mnt/projects/CSE_BME_AXM788/home/soumya/DEV/ANTs/build/ITKv4-build/CMakeFiles/CMakeTmp

Run Build Command:/usr/bin/gmake "cmTryCompileExec2349008258/fast"
gmake[3]: Entering directory `/mnt/projects/CSE_BME_AXM788/home/soumya/DEV/ANTs/build/ITKv4-build/CMakeFiles/CMakeTmp'
/usr/bin/gmake -f CMakeFiles/cmTryCompileExec2349008258.dir/build.make CMakeFiles/cmTryCompileExec2349008258.dir/build
gmake[4]: Entering directory `/mnt/projects/CSE_BME_AXM788/home/soumya/DEV/ANTs/build/ITKv4-build/CMakeFiles/CMakeTmp'
/usr/local/cmake/2.8.10.2/bin/cmake -E cmake_progress_report /mnt/projects/CSE_BME_AXM788/home/soumya/DEV/ANTs/build/ITKv4-build/CMakeFiles/CMakeTmp/CMakeFiles 1
Building CXX object CMakeFiles/cmTryCompileExec2349008258.dir/CheckTypeExists.cxx.o
/usr/bin/c++    -Wall -Wcast-align -Wdisabled-optimization -Wextra -Wformat=2 -Winvalid-pch -Wno-format-nonliteral -Wpointer-arith -Wshadow -Wunused -Wwrite-strings -funit-at-a-time -Wno-strict-overflow -Wno-deprecated -Wno-invalid-offsetof -Woverloaded-virtual -Wstrict-null-sentinel -fPIC  -Wall -Wno-long-double -Wcast-align -Wdisabled-optimization -Wextra -Wformat=2 -Winvalid-pch -Wno-format-nonliteral -Wpointer-arith -Wshadow -Wunused -Wwrite-strings -funit-at-a-time -Wno-strict-overflow -Wno-deprecated -Wno-invalid-offsetof -Woverloaded-virtual -Wstrict-null-sentinel  -w -w     -o CMakeFiles/cmTryCompileExec2349008258.dir/CheckTypeExists.cxx.o -c /mnt/projects/CSE_BME_AXM788/home/soumya/DEV/ANTs/build/ITKv4-build/CMakeTmp/CheckTypeExists.cxx
/mnt/projects/CSE_BME_AXM788/home/soumya/DEV/ANTs/build/ITKv4-build/CMakeTmp/CheckTypeExists.cxx:4: error: variable or field ‘cmakeRequireSymbol’ declared void
/mnt/projects/CSE_BME_AXM788/home/soumya/DEV/ANTs/build/ITKv4-build/CMakeTmp/CheckTypeExists.cxx:4: error: ‘shared_ptr’ is not a member of ‘std’
/mnt/projects/CSE_BME_AXM788/home/soumya/DEV/ANTs/build/ITKv4-build/CMakeTmp/CheckTypeExists.cxx:4: error: expected primary-expression before ‘void’
gmake[4]: *** [CMakeFiles/cmTryCompileExec2349008258.dir/CheckTypeExists.cxx.o] Error 1
gmake[4]: Leaving directory `/mnt/projects/CSE_BME_AXM788/home/soumya/DEV/ANTs/build/ITKv4-build/CMakeFiles/CMakeTmp'
gmake[3]: *** [cmTryCompileExec2349008258/fast] Error 2
gmake[3]: Leaving directory `/mnt/projects/CSE_BME_AXM788/home/soumya/DEV/ANTs/build/ITKv4-build/CMakeFiles/CMakeTmp'

File /mnt/projects/CSE_BME_AXM788/home/soumya/DEV/ANTs/build/ITKv4-build/CMakeTmp/CheckTypeExists.c:
/* */
#include <memory>

void cmakeRequireSymbol(std::shared_ptr<void> dummy){(void)dummy;}
int main()
{return 0;
}

Performing Test VXL_HAS_SSE2_HARDWARE_SUPPORT succeeded with the following output:
Change Dir: /mnt/projects/CSE_BME_AXM788/home/soumya/DEV/ANTs/build/ITKv4-build/CMakeFiles/CMakeTmp

Run Build Command:/usr/bin/gmake "cmTryCompileExec625060876/fast"
gmake[3]: Entering directory `/mnt/projects/CSE_BME_AXM788/home/soumya/DEV/ANTs/build/ITKv4-build/CMakeFiles/CMakeTmp'
/usr/bin/gmake -f CMakeFiles/cmTryCompileExec625060876.dir/build.make CMakeFiles/cmTryCompileExec625060876.dir/build
gmake[4]: Entering directory `/mnt/projects/CSE_BME_AXM788/home/soumya/DEV/ANTs/build/ITKv4-build/CMakeFiles/CMakeTmp'
/usr/local/cmake/2.8.10.2/bin/cmake -E cmake_progress_report /mnt/projects/CSE_BME_AXM788/home/soumya/DEV/ANTs/build/ITKv4-build/CMakeFiles/CMakeTmp/CMakeFiles 1
Building CXX object CMakeFiles/cmTryCompileExec625060876.dir/vxl_platform_tests.cxx.o
/usr/bin/c++    -Wall -Wcast-align -Wdisabled-optimization -Wextra -Wformat=2 -Winvalid-pch -Wno-format-nonliteral -Wpointer-arith -Wshadow -Wunused -Wwrite-strings -funit-at-a-time -Wno-strict-overflow -Wno-deprecated -Wno-invalid-offsetof -Woverloaded-virtual -Wstrict-null-sentinel -fPIC  -Wall -Wno-long-double -Wcast-align -Wdisabled-optimization -Wextra -Wformat=2 -Winvalid-pch -Wno-format-nonliteral -Wpointer-arith -Wshadow -Wunused -Wwrite-strings -funit-at-a-time -Wno-strict-overflow -Wno-deprecated -Wno-invalid-offsetof -Woverloaded-virtual -Wstrict-null-sentinel  -w -w  -DVXL_HAS_SSE2_HARDWARE_SUPPORT   -o CMakeFiles/cmTryCompileExec625060876.dir/vxl_platform_tests.cxx.o -c /mnt/projects/CSE_BME_AXM788/home/soumya/DEV/ANTs/build/ITKv4/Modules/ThirdParty/VNL/src/vxl/config/cmake/config/vxl_platform_tests.cxx
Linking CXX executable cmTryCompileExec625060876
/usr/local/cmake/2.8.10.2/bin/cmake -E cmake_link_script CMakeFiles/cmTryCompileExec625060876.dir/link.txt --verbose=1
/usr/bin/c++      -Wall -Wcast-align -Wdisabled-optimization -Wextra -Wformat=2 -Winvalid-pch -Wno-format-nonliteral -Wpointer-arith -Wshadow -Wunused -Wwrite-strings -funit-at-a-time -Wno-strict-overflow -Wno-deprecated -Wno-invalid-offsetof -Woverloaded-virtual -Wstrict-null-sentinel -fPIC  -Wall -Wno-long-double -Wcast-align -Wdisabled-optimization -Wextra -Wformat=2 -Winvalid-pch -Wno-format-nonliteral -Wpointer-arith -Wshadow -Wunused -Wwrite-strings -funit-at-a-time -Wno-strict-overflow -Wno-deprecated -Wno-invalid-offsetof -Woverloaded-virtual -Wstrict-null-sentinel  -w -w  -DVXL_HAS_SSE2_HARDWARE_SUPPORT    CMakeFiles/cmTryCompileExec625060876.dir/vxl_platform_tests.cxx.o  -o cmTryCompileExec625060876 -rdynamic 
gmake[4]: Leaving directory `/mnt/projects/CSE_BME_AXM788/home/soumya/DEV/ANTs/build/ITKv4-build/CMakeFiles/CMakeTmp'
gmake[3]: Leaving directory `/mnt/projects/CSE_BME_AXM788/home/soumya/DEV/ANTs/build/ITKv4-build/CMakeFiles/CMakeTmp'

Performing Test VXL_HAS_ALIGNED_MALLOC failed with the following output:
Change Dir: /mnt/projects/CSE_BME_AXM788/home/soumya/DEV/ANTs/build/ITKv4-build/CMakeFiles/CMakeTmp

Run Build Command:/usr/bin/gmake "cmTryCompileExec4015813554/fast"
gmake[3]: Entering directory `/mnt/projects/CSE_BME_AXM788/home/soumya/DEV/ANTs/build/ITKv4-build/CMakeFiles/CMakeTmp'
/usr/bin/gmake -f CMakeFiles/cmTryCompileExec4015813554.dir/build.make CMakeFiles/cmTryCompileExec4015813554.dir/build
gmake[4]: Entering directory `/mnt/projects/CSE_BME_AXM788/home/soumya/DEV/ANTs/build/ITKv4-build/CMakeFiles/CMakeTmp'
/usr/local/cmake/2.8.10.2/bin/cmake -E cmake_progress_report /mnt/projects/CSE_BME_AXM788/home/soumya/DEV/ANTs/build/ITKv4-build/CMakeFiles/CMakeTmp/CMakeFiles 1
Building CXX object CMakeFiles/cmTryCompileExec4015813554.dir/vxl_platform_tests.cxx.o
/usr/bin/c++    -Wall -Wcast-align -Wdisabled-optimization -Wextra -Wformat=2 -Winvalid-pch -Wno-format-nonliteral -Wpointer-arith -Wshadow -Wunused -Wwrite-strings -funit-at-a-time -Wno-strict-overflow -Wno-deprecated -Wno-invalid-offsetof -Woverloaded-virtual -Wstrict-null-sentinel -fPIC  -Wall -Wno-long-double -Wcast-align -Wdisabled-optimization -Wextra -Wformat=2 -Winvalid-pch -Wno-format-nonliteral -Wpointer-arith -Wshadow -Wunused -Wwrite-strings -funit-at-a-time -Wno-strict-overflow -Wno-deprecated -Wno-invalid-offsetof -Woverloaded-virtual -Wstrict-null-sentinel  -w -w  -DVXL_HAS_ALIGNED_MALLOC   -o CMakeFiles/cmTryCompileExec4015813554.dir/vxl_platform_tests.cxx.o -c /mnt/projects/CSE_BME_AXM788/home/soumya/DEV/ANTs/build/ITKv4/Modules/ThirdParty/VNL/src/vxl/config/cmake/config/vxl_platform_tests.cxx
/mnt/projects/CSE_BME_AXM788/home/soumya/DEV/ANTs/build/ITKv4/Modules/ThirdParty/VNL/src/vxl/config/cmake/config/vxl_platform_tests.cxx: In function ‘int main()’:
/mnt/projects/CSE_BME_AXM788/home/soumya/DEV/ANTs/build/ITKv4/Modules/ThirdParty/VNL/src/vxl/config/cmake/config/vxl_platform_tests.cxx:1194: error: ‘_aligned_malloc’ was not declared in this scope
/mnt/projects/CSE_BME_AXM788/home/soumya/DEV/ANTs/build/ITKv4/Modules/ThirdParty/VNL/src/vxl/config/cmake/config/vxl_platform_tests.cxx:1195: error: ‘_aligned_free’ was not declared in this scope
gmake[4]: *** [CMakeFiles/cmTryCompileExec4015813554.dir/vxl_platform_tests.cxx.o] Error 1
gmake[4]: Leaving directory `/mnt/projects/CSE_BME_AXM788/home/soumya/DEV/ANTs/build/ITKv4-build/CMakeFiles/CMakeTmp'
gmake[3]: *** [cmTryCompileExec4015813554/fast] Error 2
gmake[3]: Leaving directory `/mnt/projects/CSE_BME_AXM788/home/soumya/DEV/ANTs/build/ITKv4-build/CMakeFiles/CMakeTmp'

Performing Test VXL_HAS_MINGW_ALIGNED_MALLOC failed with the following output:
Change Dir: /mnt/projects/CSE_BME_AXM788/home/soumya/DEV/ANTs/build/ITKv4-build/CMakeFiles/CMakeTmp

Run Build Command:/usr/bin/gmake "cmTryCompileExec1989951677/fast"
gmake[3]: Entering directory `/mnt/projects/CSE_BME_AXM788/home/soumya/DEV/ANTs/build/ITKv4-build/CMakeFiles/CMakeTmp'
/usr/bin/gmake -f CMakeFiles/cmTryCompileExec1989951677.dir/build.make CMakeFiles/cmTryCompileExec1989951677.dir/build
gmake[4]: Entering directory `/mnt/projects/CSE_BME_AXM788/home/soumya/DEV/ANTs/build/ITKv4-build/CMakeFiles/CMakeTmp'
/usr/local/cmake/2.8.10.2/bin/cmake -E cmake_progress_report /mnt/projects/CSE_BME_AXM788/home/soumya/DEV/ANTs/build/ITKv4-build/CMakeFiles/CMakeTmp/CMakeFiles 1
Building CXX object CMakeFiles/cmTryCompileExec1989951677.dir/vxl_platform_tests.cxx.o
/usr/bin/c++    -Wall -Wcast-align -Wdisabled-optimization -Wextra -Wformat=2 -Winvalid-pch -Wno-format-nonliteral -Wpointer-arith -Wshadow -Wunused -Wwrite-strings -funit-at-a-time -Wno-strict-overflow -Wno-deprecated -Wno-invalid-offsetof -Woverloaded-virtual -Wstrict-null-sentinel -fPIC  -Wall -Wno-long-double -Wcast-align -Wdisabled-optimization -Wextra -Wformat=2 -Winvalid-pch -Wno-format-nonliteral -Wpointer-arith -Wshadow -Wunused -Wwrite-strings -funit-at-a-time -Wno-strict-overflow -Wno-deprecated -Wno-invalid-offsetof -Woverloaded-virtual -Wstrict-null-sentinel  -w -w  -DVXL_HAS_MINGW_ALIGNED_MALLOC   -o CMakeFiles/cmTryCompileExec1989951677.dir/vxl_platform_tests.cxx.o -c /mnt/projects/CSE_BME_AXM788/home/soumya/DEV/ANTs/build/ITKv4/Modules/ThirdParty/VNL/src/vxl/config/cmake/config/vxl_platform_tests.cxx
/mnt/projects/CSE_BME_AXM788/home/soumya/DEV/ANTs/build/ITKv4/Modules/ThirdParty/VNL/src/vxl/config/cmake/config/vxl_platform_tests.cxx: In function ‘int main()’:
/mnt/projects/CSE_BME_AXM788/home/soumya/DEV/ANTs/build/ITKv4/Modules/ThirdParty/VNL/src/vxl/config/cmake/config/vxl_platform_tests.cxx:1206: error: ‘__mingw_aligned_malloc’ was not declared in this scope
/mnt/projects/CSE_BME_AXM788/home/soumya/DEV/ANTs/build/ITKv4/Modules/ThirdParty/VNL/src/vxl/config/cmake/config/vxl_platform_tests.cxx:1207: error: ‘__mingw_aligned_free’ was not declared in this scope
gmake[4]: *** [CMakeFiles/cmTryCompileExec1989951677.dir/vxl_platform_tests.cxx.o] Error 1
gmake[4]: Leaving directory `/mnt/projects/CSE_BME_AXM788/home/soumya/DEV/ANTs/build/ITKv4-build/CMakeFiles/CMakeTmp'
gmake[3]: *** [cmTryCompileExec1989951677/fast] Error 2
gmake[3]: Leaving directory `/mnt/projects/CSE_BME_AXM788/home/soumya/DEV/ANTs/build/ITKv4-build/CMakeFiles/CMakeTmp'

Performing Test VXL_HAS_POSIX_MEMALIGN failed with the following output:
Change Dir: /mnt/projects/CSE_BME_AXM788/home/soumya/DEV/ANTs/build/ITKv4-build/CMakeFiles/CMakeTmp

Run Build Command:/usr/bin/gmake "cmTryCompileExec2494145832/fast"
gmake[3]: Entering directory `/mnt/projects/CSE_BME_AXM788/home/soumya/DEV/ANTs/build/ITKv4-build/CMakeFiles/CMakeTmp'
/usr/bin/gmake -f CMakeFiles/cmTryCompileExec2494145832.dir/build.make CMakeFiles/cmTryCompileExec2494145832.dir/build
gmake[4]: Entering directory `/mnt/projects/CSE_BME_AXM788/home/soumya/DEV/ANTs/build/ITKv4-build/CMakeFiles/CMakeTmp'
/usr/local/cmake/2.8.10.2/bin/cmake -E cmake_progress_report /mnt/projects/CSE_BME_AXM788/home/soumya/DEV/ANTs/build/ITKv4-build/CMakeFiles/CMakeTmp/CMakeFiles 1
Building CXX object CMakeFiles/cmTryCompileExec2494145832.dir/vxl_platform_tests.cxx.o
/usr/bin/c++    -Wall -Wcast-align -Wdisabled-optimization -Wextra -Wformat=2 -Winvalid-pch -Wno-format-nonliteral -Wpointer-arith -Wshadow -Wunused -Wwrite-strings -funit-at-a-time -Wno-strict-overflow -Wno-deprecated -Wno-invalid-offsetof -Woverloaded-virtual -Wstrict-null-sentinel -fPIC  -Wall -Wno-long-double -Wcast-align -Wdisabled-optimization -Wextra -Wformat=2 -Winvalid-pch -Wno-format-nonliteral -Wpointer-arith -Wshadow -Wunused -Wwrite-strings -funit-at-a-time -Wno-strict-overflow -Wno-deprecated -Wno-invalid-offsetof -Woverloaded-virtual -Wstrict-null-sentinel  -w -w  -DVXL_HAS_POSIX_MEMALIGN   -o CMakeFiles/cmTryCompileExec2494145832.dir/vxl_platform_tests.cxx.o -c /mnt/projects/CSE_BME_AXM788/home/soumya/DEV/ANTs/build/ITKv4/Modules/ThirdParty/VNL/src/vxl/config/cmake/config/vxl_platform_tests.cxx
/mnt/projects/CSE_BME_AXM788/home/soumya/DEV/ANTs/build/ITKv4/Modules/ThirdParty/VNL/src/vxl/config/cmake/config/vxl_platform_tests.cxx: In function ‘int main()’:
/mnt/projects/CSE_BME_AXM788/home/soumya/DEV/ANTs/build/ITKv4/Modules/ThirdParty/VNL/src/vxl/config/cmake/config/vxl_platform_tests.cxx:1218: error: ‘memalign’ was not declared in this scope
gmake[4]: *** [CMakeFiles/cmTryCompileExec2494145832.dir/vxl_platform_tests.cxx.o] Error 1
gmake[4]: Leaving directory `/mnt/projects/CSE_BME_AXM788/home/soumya/DEV/ANTs/build/ITKv4-build/CMakeFiles/CMakeTmp'
gmake[3]: *** [cmTryCompileExec2494145832/fast] Error 2
gmake[3]: Leaving directory `/mnt/projects/CSE_BME_AXM788/home/soumya/DEV/ANTs/build/ITKv4-build/CMakeFiles/CMakeTmp'

Performing Test VCL_COMPLEX_POW_WORKS succeeded with the following output:
Change Dir: /mnt/projects/CSE_BME_AXM788/home/soumya/DEV/ANTs/build/ITKv4-build/CMakeFiles/CMakeTmp

Run Build Command:/usr/bin/gmake "cmTryCompileExec1267188098/fast"
gmake[3]: Entering directory `/mnt/projects/CSE_BME_AXM788/home/soumya/DEV/ANTs/build/ITKv4-build/CMakeFiles/CMakeTmp'
/usr/bin/gmake -f CMakeFiles/cmTryCompileExec1267188098.dir/build.make CMakeFiles/cmTryCompileExec1267188098.dir/build
gmake[4]: Entering directory `/mnt/projects/CSE_BME_AXM788/home/soumya/DEV/ANTs/build/ITKv4-build/CMakeFiles/CMakeTmp'
/usr/local/cmake/2.8.10.2/bin/cmake -E cmake_progress_report /mnt/projects/CSE_BME_AXM788/home/soumya/DEV/ANTs/build/ITKv4-build/CMakeFiles/CMakeTmp/CMakeFiles 1
Building CXX object CMakeFiles/cmTryCompileExec1267188098.dir/vxl_platform_tests.cxx.o
/usr/bin/c++    -Wall -Wcast-align -Wdisabled-optimization -Wextra -Wformat=2 -Winvalid-pch -Wno-format-nonliteral -Wpointer-arith -Wshadow -Wunused -Wwrite-strings -funit-at-a-time -Wno-strict-overflow -Wno-deprecated -Wno-invalid-offsetof -Woverloaded-virtual -Wstrict-null-sentinel -fPIC  -Wall -Wno-long-double -Wcast-align -Wdisabled-optimization -Wextra -Wformat=2 -Winvalid-pch -Wno-format-nonliteral -Wpointer-arith -Wshadow -Wunused -Wwrite-strings -funit-at-a-time -Wno-strict-overflow -Wno-deprecated -Wno-invalid-offsetof -Woverloaded-virtual -Wstrict-null-sentinel  -w -w  -DVCL_COMPLEX_POW_WORKS   -o CMakeFiles/cmTryCompileExec1267188098.dir/vxl_platform_tests.cxx.o -c /mnt/projects/CSE_BME_AXM788/home/soumya/DEV/ANTs/build/ITKv4/Modules/ThirdParty/VNL/src/vxl/config/cmake/config/vxl_platform_tests.cxx
Linking CXX executable cmTryCompileExec1267188098
/usr/local/cmake/2.8.10.2/bin/cmake -E cmake_link_script CMakeFiles/cmTryCompileExec1267188098.dir/link.txt --verbose=1
/usr/bin/c++      -Wall -Wcast-align -Wdisabled-optimization -Wextra -Wformat=2 -Winvalid-pch -Wno-format-nonliteral -Wpointer-arith -Wshadow -Wunused -Wwrite-strings -funit-at-a-time -Wno-strict-overflow -Wno-deprecated -Wno-invalid-offsetof -Woverloaded-virtual -Wstrict-null-sentinel -fPIC  -Wall -Wno-long-double -Wcast-align -Wdisabled-optimization -Wextra -Wformat=2 -Winvalid-pch -Wno-format-nonliteral -Wpointer-arith -Wshadow -Wunused -Wwrite-strings -funit-at-a-time -Wno-strict-overflow -Wno-deprecated -Wno-invalid-offsetof -Woverloaded-virtual -Wstrict-null-sentinel  -w -w  -DVCL_COMPLEX_POW_WORKS    CMakeFiles/cmTryCompileExec1267188098.dir/vxl_platform_tests.cxx.o  -o cmTryCompileExec1267188098 -rdynamic 
gmake[4]: Leaving directory `/mnt/projects/CSE_BME_AXM788/home/soumya/DEV/ANTs/build/ITKv4-build/CMakeFiles/CMakeTmp'
gmake[3]: Leaving directory `/mnt/projects/CSE_BME_AXM788/home/soumya/DEV/ANTs/build/ITKv4-build/CMakeFiles/CMakeTmp'

Determining if the finite exist failed with the following output:
Change Dir: /mnt/projects/CSE_BME_AXM788/home/soumya/DEV/ANTs/build/ITKv4-build/CMakeFiles/CMakeTmp

Run Build Command:/usr/bin/gmake "cmTryCompileExec153787364/fast"
gmake[3]: Entering directory `/mnt/projects/CSE_BME_AXM788/home/soumya/DEV/ANTs/build/ITKv4-build/CMakeFiles/CMakeTmp'
/usr/bin/gmake -f CMakeFiles/cmTryCompileExec153787364.dir/build.make CMakeFiles/cmTryCompileExec153787364.dir/build
gmake[4]: Entering directory `/mnt/projects/CSE_BME_AXM788/home/soumya/DEV/ANTs/build/ITKv4-build/CMakeFiles/CMakeTmp'
/usr/local/cmake/2.8.10.2/bin/cmake -E cmake_progress_report /mnt/projects/CSE_BME_AXM788/home/soumya/DEV/ANTs/build/ITKv4-build/CMakeFiles/CMakeTmp/CMakeFiles 1
Building C object CMakeFiles/cmTryCompileExec153787364.dir/CheckSymbolExists.c.o
/usr/bin/cc   -Wno-uninitialized -Wno-unused-parameter -Wall -Wcast-align -Wdisabled-optimization -Wextra -Wformat=2 -Winvalid-pch -Wno-format-nonliteral -Wpointer-arith -Wshadow -Wunused -Wwrite-strings -funit-at-a-time -Wno-strict-overflow -fPIC  -Wno-uninitialized -Wno-unused-parameter -Wall -Wno-long-double -Wcast-align -Wdisabled-optimization -Wextra -Wformat=2 -Winvalid-pch -Wno-format-nonliteral -Wpointer-arith -Wshadow -Wunused -Wwrite-strings -funit-at-a-time -Wno-strict-overflow  -w     -o CMakeFiles/cmTryCompileExec153787364.dir/CheckSymbolExists.c.o   -c /mnt/projects/CSE_BME_AXM788/home/soumya/DEV/ANTs/build/ITKv4-build/CMakeFiles/CMakeTmp/CheckSymbolExists.c
/mnt/projects/CSE_BME_AXM788/home/soumya/DEV/ANTs/build/ITKv4-build/CMakeFiles/CMakeTmp/CheckSymbolExists.c:2:20: error: ieeefp.h: No such file or directory
/mnt/projects/CSE_BME_AXM788/home/soumya/DEV/ANTs/build/ITKv4-build/CMakeFiles/CMakeTmp/CheckSymbolExists.c: In function ‘main’:
/mnt/projects/CSE_BME_AXM788/home/soumya/DEV/ANTs/build/ITKv4-build/CMakeFiles/CMakeTmp/CheckSymbolExists.c:8: error: ‘finite’ undeclared (first use in this function)
/mnt/projects/CSE_BME_AXM788/home/soumya/DEV/ANTs/build/ITKv4-build/CMakeFiles/CMakeTmp/CheckSymbolExists.c:8: error: (Each undeclared identifier is reported only once
/mnt/projects/CSE_BME_AXM788/home/soumya/DEV/ANTs/build/ITKv4-build/CMakeFiles/CMakeTmp/CheckSymbolExists.c:8: error: for each function it appears in.)
gmake[4]: *** [CMakeFiles/cmTryCompileExec153787364.dir/CheckSymbolExists.c.o] Error 1
gmake[4]: Leaving directory `/mnt/projects/CSE_BME_AXM788/home/soumya/DEV/ANTs/build/ITKv4-build/CMakeFiles/CMakeTmp'
gmake[3]: *** [cmTryCompileExec153787364/fast] Error 2
gmake[3]: Leaving directory `/mnt/projects/CSE_BME_AXM788/home/soumya/DEV/ANTs/build/ITKv4-build/CMakeFiles/CMakeTmp'

File /mnt/projects/CSE_BME_AXM788/home/soumya/DEV/ANTs/build/ITKv4-build/CMakeFiles/CMakeTmp/CheckSymbolExists.c:
/* */
#include <ieeefp.h>

int main(int argc, char** argv)
{
  (void)argv;
#ifndef finite
  return ((int*)(&finite))[argc];
#else
  (void)argc;
  return 0;
#endif
}

Determining if the system is big endian passed with the following output:
Change Dir: /mnt/projects/CSE_BME_AXM788/home/soumya/DEV/ANTs/build/ITKv4-build/CMakeFiles/CMakeTmp

Run Build Command:/usr/bin/gmake "cmTryCompileExec293154998/fast"
gmake[3]: Entering directory `/mnt/projects/CSE_BME_AXM788/home/soumya/DEV/ANTs/build/ITKv4-build/CMakeFiles/CMakeTmp'
/usr/bin/gmake -f CMakeFiles/cmTryCompileExec293154998.dir/build.make CMakeFiles/cmTryCompileExec293154998.dir/build
gmake[4]: Entering directory `/mnt/projects/CSE_BME_AXM788/home/soumya/DEV/ANTs/build/ITKv4-build/CMakeFiles/CMakeTmp'
/usr/local/cmake/2.8.10.2/bin/cmake -E cmake_progress_report /mnt/projects/CSE_BME_AXM788/home/soumya/DEV/ANTs/build/ITKv4-build/CMakeFiles/CMakeTmp/CMakeFiles 1
Building C object CMakeFiles/cmTryCompileExec293154998.dir/TestEndianess.c.o
/usr/bin/cc   -Wno-uninitialized -Wno-unused-parameter -Wall -Wcast-align -Wdisabled-optimization -Wextra -Wformat=2 -Winvalid-pch -Wno-format-nonliteral -Wpointer-arith -Wshadow -Wunused -Wwrite-strings -funit-at-a-time -Wno-strict-overflow -fPIC  -Wno-uninitialized -Wno-unused-parameter -Wall -Wno-long-double -Wcast-align -Wdisabled-optimization -Wextra -Wformat=2 -Winvalid-pch -Wno-format-nonliteral -Wpointer-arith -Wshadow -Wunused -Wwrite-strings -funit-at-a-time -Wno-strict-overflow  -w     -o CMakeFiles/cmTryCompileExec293154998.dir/TestEndianess.c.o   -c /mnt/projects/CSE_BME_AXM788/home/soumya/DEV/ANTs/build/ITKv4-build/CMakeFiles/CMakeTmp/TestEndianess.c
Linking C executable cmTryCompileExec293154998
/usr/local/cmake/2.8.10.2/bin/cmake -E cmake_link_script CMakeFiles/cmTryCompileExec293154998.dir/link.txt --verbose=1
/usr/bin/cc     -Wno-uninitialized -Wno-unused-parameter -Wall -Wcast-align -Wdisabled-optimization -Wextra -Wformat=2 -Winvalid-pch -Wno-format-nonliteral -Wpointer-arith -Wshadow -Wunused -Wwrite-strings -funit-at-a-time -Wno-strict-overflow -fPIC  -Wno-uninitialized -Wno-unused-parameter -Wall -Wno-long-double -Wcast-align -Wdisabled-optimization -Wextra -Wformat=2 -Winvalid-pch -Wno-format-nonliteral -Wpointer-arith -Wshadow -Wunused -Wwrite-strings -funit-at-a-time -Wno-strict-overflow  -w      CMakeFiles/cmTryCompileExec293154998.dir/TestEndianess.c.o  -o cmTryCompileExec293154998 -rdynamic 
gmake[4]: Leaving directory `/mnt/projects/CSE_BME_AXM788/home/soumya/DEV/ANTs/build/ITKv4-build/CMakeFiles/CMakeTmp'
gmake[3]: Leaving directory `/mnt/projects/CSE_BME_AXM788/home/soumya/DEV/ANTs/build/ITKv4-build/CMakeFiles/CMakeTmp'

TestEndianess.c:
/* A 16 bit integer is required. */
typedef unsigned short cmakeint16;

/* On a little endian machine, these 16bit ints will give "THIS IS LITTLE ENDIAN."
   On a big endian machine the characters will be exchanged pairwise. */
const cmakeint16 info_little[] =  {0x4854, 0x5349, 0x4920, 0x2053, 0x494c, 0x5454, 0x454c, 0x4520, 0x444e, 0x4149, 0x2e4e, 0x0000};

/* on a big endian machine, these 16bit ints will give "THIS IS BIG ENDIAN."
   On a little endian machine the characters will be exchanged pairwise. */
const cmakeint16 info_big[] =     {0x5448, 0x4953, 0x2049, 0x5320, 0x4249, 0x4720, 0x454e, 0x4449, 0x414e, 0x2e2e, 0x0000};

#ifdef __CLASSIC_C__
int main(argc, argv) int argc; char *argv[];
#else
int main(int argc, char *argv[])
#endif
{
  int require = 0;
  require += info_little[argc];
  require += info_big[argc];
  (void)argv;
  return require;
}


Performing Test VCL_CHAR_IS_SIGNED succeeded with the following output:
Change Dir: /mnt/projects/CSE_BME_AXM788/home/soumya/DEV/ANTs/build/ITKv4-build/CMakeFiles/CMakeTmp

Run Build Command:/usr/bin/gmake "cmTryCompileExec1333414382/fast"
gmake[3]: Entering directory `/mnt/projects/CSE_BME_AXM788/home/soumya/DEV/ANTs/build/ITKv4-build/CMakeFiles/CMakeTmp'
/usr/bin/gmake -f CMakeFiles/cmTryCompileExec1333414382.dir/build.make CMakeFiles/cmTryCompileExec1333414382.dir/build
gmake[4]: Entering directory `/mnt/projects/CSE_BME_AXM788/home/soumya/DEV/ANTs/build/ITKv4-build/CMakeFiles/CMakeTmp'
/usr/local/cmake/2.8.10.2/bin/cmake -E cmake_progress_report /mnt/projects/CSE_BME_AXM788/home/soumya/DEV/ANTs/build/ITKv4-build/CMakeFiles/CMakeTmp/CMakeFiles 1
Building CXX object CMakeFiles/cmTryCompileExec1333414382.dir/vxl_platform_tests.cxx.o
/usr/bin/c++    -Wall -Wcast-align -Wdisabled-optimization -Wextra -Wformat=2 -Winvalid-pch -Wno-format-nonliteral -Wpointer-arith -Wshadow -Wunused -Wwrite-strings -funit-at-a-time -Wno-strict-overflow -Wno-deprecated -Wno-invalid-offsetof -Woverloaded-virtual -Wstrict-null-sentinel -fPIC  -Wall -Wno-long-double -Wcast-align -Wdisabled-optimization -Wextra -Wformat=2 -Winvalid-pch -Wno-format-nonliteral -Wpointer-arith -Wshadow -Wunused -Wwrite-strings -funit-at-a-time -Wno-strict-overflow -Wno-deprecated -Wno-invalid-offsetof -Woverloaded-virtual -Wstrict-null-sentinel  -w -w  -DVCL_CHAR_IS_SIGNED   -o CMakeFiles/cmTryCompileExec1333414382.dir/vxl_platform_tests.cxx.o -c /mnt/projects/CSE_BME_AXM788/home/soumya/DEV/ANTs/build/ITKv4/Modules/ThirdParty/VNL/src/vxl/config/cmake/config/vxl_platform_tests.cxx
Linking CXX executable cmTryCompileExec1333414382
/usr/local/cmake/2.8.10.2/bin/cmake -E cmake_link_script CMakeFiles/cmTryCompileExec1333414382.dir/link.txt --verbose=1
/usr/bin/c++      -Wall -Wcast-align -Wdisabled-optimization -Wextra -Wformat=2 -Winvalid-pch -Wno-format-nonliteral -Wpointer-arith -Wshadow -Wunused -Wwrite-strings -funit-at-a-time -Wno-strict-overflow -Wno-deprecated -Wno-invalid-offsetof -Woverloaded-virtual -Wstrict-null-sentinel -fPIC  -Wall -Wno-long-double -Wcast-align -Wdisabled-optimization -Wextra -Wformat=2 -Winvalid-pch -Wno-format-nonliteral -Wpointer-arith -Wshadow -Wunused -Wwrite-strings -funit-at-a-time -Wno-strict-overflow -Wno-deprecated -Wno-invalid-offsetof -Woverloaded-virtual -Wstrict-null-sentinel  -w -w  -DVCL_CHAR_IS_SIGNED    CMakeFiles/cmTryCompileExec1333414382.dir/vxl_platform_tests.cxx.o  -o cmTryCompileExec1333414382 -rdynamic -lm 
gmake[4]: Leaving directory `/mnt/projects/CSE_BME_AXM788/home/soumya/DEV/ANTs/build/ITKv4-build/CMakeFiles/CMakeTmp'
gmake[3]: Leaving directory `/mnt/projects/CSE_BME_AXM788/home/soumya/DEV/ANTs/build/ITKv4-build/CMakeFiles/CMakeTmp'

Looking for 8-bit int. Failed to compile with the following output:
(FLAGS=-DVXL_HAS_TYPE_OF_SIZE)
Change Dir: /mnt/projects/CSE_BME_AXM788/home/soumya/DEV/ANTs/build/ITKv4-build/CMakeFiles/CMakeTmp

Run Build Command:/usr/bin/gmake "cmTryCompileExec3223719874/fast"
gmake[3]: Entering directory `/mnt/projects/CSE_BME_AXM788/home/soumya/DEV/ANTs/build/ITKv4-build/CMakeFiles/CMakeTmp'
/usr/bin/gmake -f CMakeFiles/cmTryCompileExec3223719874.dir/build.make CMakeFiles/cmTryCompileExec3223719874.dir/build
gmake[4]: Entering directory `/mnt/projects/CSE_BME_AXM788/home/soumya/DEV/ANTs/build/ITKv4-build/CMakeFiles/CMakeTmp'
/usr/local/cmake/2.8.10.2/bin/cmake -E cmake_progress_report /mnt/projects/CSE_BME_AXM788/home/soumya/DEV/ANTs/build/ITKv4-build/CMakeFiles/CMakeTmp/CMakeFiles 1
Building CXX object CMakeFiles/cmTryCompileExec3223719874.dir/vxl_platform_tests.cxx.o
/usr/bin/c++    -Wall -Wcast-align -Wdisabled-optimization -Wextra -Wformat=2 -Winvalid-pch -Wno-format-nonliteral -Wpointer-arith -Wshadow -Wunused -Wwrite-strings -funit-at-a-time -Wno-strict-overflow -Wno-deprecated -Wno-invalid-offsetof -Woverloaded-virtual -Wstrict-null-sentinel -fPIC  -Wall -Wno-long-double -Wcast-align -Wdisabled-optimization -Wextra -Wformat=2 -Winvalid-pch -Wno-format-nonliteral -Wpointer-arith -Wshadow -Wunused -Wwrite-strings -funit-at-a-time -Wno-strict-overflow -Wno-deprecated -Wno-invalid-offsetof -Woverloaded-virtual -Wstrict-null-sentinel  -w -w  -DVXL_HAS_TYPE_OF_SIZE -I/mnt/projects/CSE_BME_AXM788/home/soumya/DEV/ANTs/build/ITKv4-build/CMakeTmp    -o CMakeFiles/cmTryCompileExec3223719874.dir/vxl_platform_tests.cxx.o -c /mnt/projects/CSE_BME_AXM788/home/soumya/DEV/ANTs/build/ITKv4/Modules/ThirdParty/VNL/src/vxl/config/cmake/config/vxl_platform_tests.cxx
/mnt/projects/CSE_BME_AXM788/home/soumya/DEV/ANTs/build/ITKv4/Modules/ThirdParty/VNL/src/vxl/config/cmake/config/vxl_platform_tests.cxx:1071: error: conflicting declaration ‘int (* verify_size)[8]’
/mnt/projects/CSE_BME_AXM788/home/soumya/DEV/ANTs/build/ITKv4/Modules/ThirdParty/VNL/src/vxl/config/cmake/config/vxl_platform_tests.cxx:1070: error: ‘verify_size’ has a previous declaration as ‘int (* verify_size)[16]’
gmake[4]: *** [CMakeFiles/cmTryCompileExec3223719874.dir/vxl_platform_tests.cxx.o] Error 1
gmake[4]: Leaving directory `/mnt/projects/CSE_BME_AXM788/home/soumya/DEV/ANTs/build/ITKv4-build/CMakeFiles/CMakeTmp'
gmake[3]: *** [cmTryCompileExec3223719874/fast] Error 2
gmake[3]: Leaving directory `/mnt/projects/CSE_BME_AXM788/home/soumya/DEV/ANTs/build/ITKv4-build/CMakeFiles/CMakeTmp'

Looking for 16-bit int. Failed to compile with the following output:
(FLAGS=-DVXL_HAS_TYPE_OF_SIZE)
Change Dir: /mnt/projects/CSE_BME_AXM788/home/soumya/DEV/ANTs/build/ITKv4-build/CMakeFiles/CMakeTmp

Run Build Command:/usr/bin/gmake "cmTryCompileExec2779661607/fast"
gmake[3]: Entering directory `/mnt/projects/CSE_BME_AXM788/home/soumya/DEV/ANTs/build/ITKv4-build/CMakeFiles/CMakeTmp'
/usr/bin/gmake -f CMakeFiles/cmTryCompileExec2779661607.dir/build.make CMakeFiles/cmTryCompileExec2779661607.dir/build
gmake[4]: Entering directory `/mnt/projects/CSE_BME_AXM788/home/soumya/DEV/ANTs/build/ITKv4-build/CMakeFiles/CMakeTmp'
/usr/local/cmake/2.8.10.2/bin/cmake -E cmake_progress_report /mnt/projects/CSE_BME_AXM788/home/soumya/DEV/ANTs/build/ITKv4-build/CMakeFiles/CMakeTmp/CMakeFiles 1
Building CXX object CMakeFiles/cmTryCompileExec2779661607.dir/vxl_platform_tests.cxx.o
/usr/bin/c++    -Wall -Wcast-align -Wdisabled-optimization -Wextra -Wformat=2 -Winvalid-pch -Wno-format-nonliteral -Wpointer-arith -Wshadow -Wunused -Wwrite-strings -funit-at-a-time -Wno-strict-overflow -Wno-deprecated -Wno-invalid-offsetof -Woverloaded-virtual -Wstrict-null-sentinel -fPIC  -Wall -Wno-long-double -Wcast-align -Wdisabled-optimization -Wextra -Wformat=2 -Winvalid-pch -Wno-format-nonliteral -Wpointer-arith -Wshadow -Wunused -Wwrite-strings -funit-at-a-time -Wno-strict-overflow -Wno-deprecated -Wno-invalid-offsetof -Woverloaded-virtual -Wstrict-null-sentinel  -w -w  -DVXL_HAS_TYPE_OF_SIZE -I/mnt/projects/CSE_BME_AXM788/home/soumya/DEV/ANTs/build/ITKv4-build/CMakeTmp    -o CMakeFiles/cmTryCompileExec2779661607.dir/vxl_platform_tests.cxx.o -c /mnt/projects/CSE_BME_AXM788/home/soumya/DEV/ANTs/build/ITKv4/Modules/ThirdParty/VNL/src/vxl/config/cmake/config/vxl_platform_tests.cxx
/mnt/projects/CSE_BME_AXM788/home/soumya/DEV/ANTs/build/ITKv4/Modules/ThirdParty/VNL/src/vxl/config/cmake/config/vxl_platform_tests.cxx:1071: error: conflicting declaration ‘int (* verify_size)[16]’
/mnt/projects/CSE_BME_AXM788/home/soumya/DEV/ANTs/build/ITKv4/Modules/ThirdParty/VNL/src/vxl/config/cmake/config/vxl_platform_tests.cxx:1070: error: ‘verify_size’ has a previous declaration as ‘int (* verify_size)[8]’
gmake[4]: *** [CMakeFiles/cmTryCompileExec2779661607.dir/vxl_platform_tests.cxx.o] Error 1
gmake[4]: Leaving directory `/mnt/projects/CSE_BME_AXM788/home/soumya/DEV/ANTs/build/ITKv4-build/CMakeFiles/CMakeTmp'
gmake[3]: *** [cmTryCompileExec2779661607/fast] Error 2
gmake[3]: Leaving directory `/mnt/projects/CSE_BME_AXM788/home/soumya/DEV/ANTs/build/ITKv4-build/CMakeFiles/CMakeTmp'

Looking for 16-bit int. Failed to compile with the following output:
(FLAGS=-DVXL_HAS_TYPE_OF_SIZE)
Change Dir: /mnt/projects/CSE_BME_AXM788/home/soumya/DEV/ANTs/build/ITKv4-build/CMakeFiles/CMakeTmp

Run Build Command:/usr/bin/gmake "cmTryCompileExec3977779983/fast"
gmake[3]: Entering directory `/mnt/projects/CSE_BME_AXM788/home/soumya/DEV/ANTs/build/ITKv4-build/CMakeFiles/CMakeTmp'
/usr/bin/gmake -f CMakeFiles/cmTryCompileExec3977779983.dir/build.make CMakeFiles/cmTryCompileExec3977779983.dir/build
gmake[4]: Entering directory `/mnt/projects/CSE_BME_AXM788/home/soumya/DEV/ANTs/build/ITKv4-build/CMakeFiles/CMakeTmp'
/usr/local/cmake/2.8.10.2/bin/cmake -E cmake_progress_report /mnt/projects/CSE_BME_AXM788/home/soumya/DEV/ANTs/build/ITKv4-build/CMakeFiles/CMakeTmp/CMakeFiles 1
Building CXX object CMakeFiles/cmTryCompileExec3977779983.dir/vxl_platform_tests.cxx.o
/usr/bin/c++    -Wall -Wcast-align -Wdisabled-optimization -Wextra -Wformat=2 -Winvalid-pch -Wno-format-nonliteral -Wpointer-arith -Wshadow -Wunused -Wwrite-strings -funit-at-a-time -Wno-strict-overflow -Wno-deprecated -Wno-invalid-offsetof -Woverloaded-virtual -Wstrict-null-sentinel -fPIC  -Wall -Wno-long-double -Wcast-align -Wdisabled-optimization -Wextra -Wformat=2 -Winvalid-pch -Wno-format-nonliteral -Wpointer-arith -Wshadow -Wunused -Wwrite-strings -funit-at-a-time -Wno-strict-overflow -Wno-deprecated -Wno-invalid-offsetof -Woverloaded-virtual -Wstrict-null-sentinel  -w -w  -DVXL_HAS_TYPE_OF_SIZE -I/mnt/projects/CSE_BME_AXM788/home/soumya/DEV/ANTs/build/ITKv4-build/CMakeTmp    -o CMakeFiles/cmTryCompileExec3977779983.dir/vxl_platform_tests.cxx.o -c /mnt/projects/CSE_BME_AXM788/home/soumya/DEV/ANTs/build/ITKv4/Modules/ThirdParty/VNL/src/vxl/config/cmake/config/vxl_platform_tests.cxx
/mnt/projects/CSE_BME_AXM788/home/soumya/DEV/ANTs/build/ITKv4/Modules/ThirdParty/VNL/src/vxl/config/cmake/config/vxl_platform_tests.cxx:1071: error: conflicting declaration ‘int (* verify_size)[16]’
/mnt/projects/CSE_BME_AXM788/home/soumya/DEV/ANTs/build/ITKv4/Modules/ThirdParty/VNL/src/vxl/config/cmake/config/vxl_platform_tests.cxx:1070: error: ‘verify_size’ has a previous declaration as ‘int (* verify_size)[32]’
gmake[4]: *** [CMakeFiles/cmTryCompileExec3977779983.dir/vxl_platform_tests.cxx.o] Error 1
gmake[4]: Leaving directory `/mnt/projects/CSE_BME_AXM788/home/soumya/DEV/ANTs/build/ITKv4-build/CMakeFiles/CMakeTmp'
gmake[3]: *** [cmTryCompileExec3977779983/fast] Error 2
gmake[3]: Leaving directory `/mnt/projects/CSE_BME_AXM788/home/soumya/DEV/ANTs/build/ITKv4-build/CMakeFiles/CMakeTmp'

Looking for 32-bit int. Failed to compile with the following output:
(FLAGS=-DVXL_HAS_TYPE_OF_SIZE)
Change Dir: /mnt/projects/CSE_BME_AXM788/home/soumya/DEV/ANTs/build/ITKv4-build/CMakeFiles/CMakeTmp

Run Build Command:/usr/bin/gmake "cmTryCompileExec3986738659/fast"
gmake[3]: Entering directory `/mnt/projects/CSE_BME_AXM788/home/soumya/DEV/ANTs/build/ITKv4-build/CMakeFiles/CMakeTmp'
/usr/bin/gmake -f CMakeFiles/cmTryCompileExec3986738659.dir/build.make CMakeFiles/cmTryCompileExec3986738659.dir/build
gmake[4]: Entering directory `/mnt/projects/CSE_BME_AXM788/home/soumya/DEV/ANTs/build/ITKv4-build/CMakeFiles/CMakeTmp'
/usr/local/cmake/2.8.10.2/bin/cmake -E cmake_progress_report /mnt/projects/CSE_BME_AXM788/home/soumya/DEV/ANTs/build/ITKv4-build/CMakeFiles/CMakeTmp/CMakeFiles 1
Building CXX object CMakeFiles/cmTryCompileExec3986738659.dir/vxl_platform_tests.cxx.o
/usr/bin/c++    -Wall -Wcast-align -Wdisabled-optimization -Wextra -Wformat=2 -Winvalid-pch -Wno-format-nonliteral -Wpointer-arith -Wshadow -Wunused -Wwrite-strings -funit-at-a-time -Wno-strict-overflow -Wno-deprecated -Wno-invalid-offsetof -Woverloaded-virtual -Wstrict-null-sentinel -fPIC  -Wall -Wno-long-double -Wcast-align -Wdisabled-optimization -Wextra -Wformat=2 -Winvalid-pch -Wno-format-nonliteral -Wpointer-arith -Wshadow -Wunused -Wwrite-strings -funit-at-a-time -Wno-strict-overflow -Wno-deprecated -Wno-invalid-offsetof -Woverloaded-virtual -Wstrict-null-sentinel  -w -w  -DVXL_HAS_TYPE_OF_SIZE -I/mnt/projects/CSE_BME_AXM788/home/soumya/DEV/ANTs/build/ITKv4-build/CMakeTmp    -o CMakeFiles/cmTryCompileExec3986738659.dir/vxl_platform_tests.cxx.o -c /mnt/projects/CSE_BME_AXM788/home/soumya/DEV/ANTs/build/ITKv4/Modules/ThirdParty/VNL/src/vxl/config/cmake/config/vxl_platform_tests.cxx
/mnt/projects/CSE_BME_AXM788/home/soumya/DEV/ANTs/build/ITKv4/Modules/ThirdParty/VNL/src/vxl/config/cmake/config/vxl_platform_tests.cxx:1071: error: conflicting declaration ‘int (* verify_size)[32]’
/mnt/projects/CSE_BME_AXM788/home/soumya/DEV/ANTs/build/ITKv4/Modules/ThirdParty/VNL/src/vxl/config/cmake/config/vxl_platform_tests.cxx:1070: error: ‘verify_size’ has a previous declaration as ‘int (* verify_size)[16]’
gmake[4]: *** [CMakeFiles/cmTryCompileExec3986738659.dir/vxl_platform_tests.cxx.o] Error 1
gmake[4]: Leaving directory `/mnt/projects/CSE_BME_AXM788/home/soumya/DEV/ANTs/build/ITKv4-build/CMakeFiles/CMakeTmp'
gmake[3]: *** [cmTryCompileExec3986738659/fast] Error 2
gmake[3]: Leaving directory `/mnt/projects/CSE_BME_AXM788/home/soumya/DEV/ANTs/build/ITKv4-build/CMakeFiles/CMakeTmp'

Looking for 32-bit int. Failed to compile with the following output:
(FLAGS=-DVXL_HAS_TYPE_OF_SIZE)
Change Dir: /mnt/projects/CSE_BME_AXM788/home/soumya/DEV/ANTs/build/ITKv4-build/CMakeFiles/CMakeTmp

Run Build Command:/usr/bin/gmake "cmTryCompileExec1490761800/fast"
gmake[3]: Entering directory `/mnt/projects/CSE_BME_AXM788/home/soumya/DEV/ANTs/build/ITKv4-build/CMakeFiles/CMakeTmp'
/usr/bin/gmake -f CMakeFiles/cmTryCompileExec1490761800.dir/build.make CMakeFiles/cmTryCompileExec1490761800.dir/build
gmake[4]: Entering directory `/mnt/projects/CSE_BME_AXM788/home/soumya/DEV/ANTs/build/ITKv4-build/CMakeFiles/CMakeTmp'
/usr/local/cmake/2.8.10.2/bin/cmake -E cmake_progress_report /mnt/projects/CSE_BME_AXM788/home/soumya/DEV/ANTs/build/ITKv4-build/CMakeFiles/CMakeTmp/CMakeFiles 1
Building CXX object CMakeFiles/cmTryCompileExec1490761800.dir/vxl_platform_tests.cxx.o
/usr/bin/c++    -Wall -Wcast-align -Wdisabled-optimization -Wextra -Wformat=2 -Winvalid-pch -Wno-format-nonliteral -Wpointer-arith -Wshadow -Wunused -Wwrite-strings -funit-at-a-time -Wno-strict-overflow -Wno-deprecated -Wno-invalid-offsetof -Woverloaded-virtual -Wstrict-null-sentinel -fPIC  -Wall -Wno-long-double -Wcast-align -Wdisabled-optimization -Wextra -Wformat=2 -Winvalid-pch -Wno-format-nonliteral -Wpointer-arith -Wshadow -Wunused -Wwrite-strings -funit-at-a-time -Wno-strict-overflow -Wno-deprecated -Wno-invalid-offsetof -Woverloaded-virtual -Wstrict-null-sentinel  -w -w  -DVXL_HAS_TYPE_OF_SIZE -I/mnt/projects/CSE_BME_AXM788/home/soumya/DEV/ANTs/build/ITKv4-build/CMakeTmp    -o CMakeFiles/cmTryCompileExec1490761800.dir/vxl_platform_tests.cxx.o -c /mnt/projects/CSE_BME_AXM788/home/soumya/DEV/ANTs/build/ITKv4/Modules/ThirdParty/VNL/src/vxl/config/cmake/config/vxl_platform_tests.cxx
/mnt/projects/CSE_BME_AXM788/home/soumya/DEV/ANTs/build/ITKv4/Modules/ThirdParty/VNL/src/vxl/config/cmake/config/vxl_platform_tests.cxx:1071: error: conflicting declaration ‘int (* verify_size)[32]’
/mnt/projects/CSE_BME_AXM788/home/soumya/DEV/ANTs/build/ITKv4/Modules/ThirdParty/VNL/src/vxl/config/cmake/config/vxl_platform_tests.cxx:1070: error: ‘verify_size’ has a previous declaration as ‘int (* verify_size)[64]’
gmake[4]: *** [CMakeFiles/cmTryCompileExec1490761800.dir/vxl_platform_tests.cxx.o] Error 1
gmake[4]: Leaving directory `/mnt/projects/CSE_BME_AXM788/home/soumya/DEV/ANTs/build/ITKv4-build/CMakeFiles/CMakeTmp'
gmake[3]: *** [cmTryCompileExec1490761800/fast] Error 2
gmake[3]: Leaving directory `/mnt/projects/CSE_BME_AXM788/home/soumya/DEV/ANTs/build/ITKv4-build/CMakeFiles/CMakeTmp'

Looking for 64-bit int. Failed to compile with the following output:
(FLAGS=-DVXL_HAS_TYPE_OF_SIZE)
Change Dir: /mnt/projects/CSE_BME_AXM788/home/soumya/DEV/ANTs/build/ITKv4-build/CMakeFiles/CMakeTmp

Run Build Command:/usr/bin/gmake "cmTryCompileExec1883704113/fast"
gmake[3]: Entering directory `/mnt/projects/CSE_BME_AXM788/home/soumya/DEV/ANTs/build/ITKv4-build/CMakeFiles/CMakeTmp'
/usr/bin/gmake -f CMakeFiles/cmTryCompileExec1883704113.dir/build.make CMakeFiles/cmTryCompileExec1883704113.dir/build
gmake[4]: Entering directory `/mnt/projects/CSE_BME_AXM788/home/soumya/DEV/ANTs/build/ITKv4-build/CMakeFiles/CMakeTmp'
/usr/local/cmake/2.8.10.2/bin/cmake -E cmake_progress_report /mnt/projects/CSE_BME_AXM788/home/soumya/DEV/ANTs/build/ITKv4-build/CMakeFiles/CMakeTmp/CMakeFiles 1
Building CXX object CMakeFiles/cmTryCompileExec1883704113.dir/vxl_platform_tests.cxx.o
/usr/bin/c++    -Wall -Wcast-align -Wdisabled-optimization -Wextra -Wformat=2 -Winvalid-pch -Wno-format-nonliteral -Wpointer-arith -Wshadow -Wunused -Wwrite-strings -funit-at-a-time -Wno-strict-overflow -Wno-deprecated -Wno-invalid-offsetof -Woverloaded-virtual -Wstrict-null-sentinel -fPIC  -Wall -Wno-long-double -Wcast-align -Wdisabled-optimization -Wextra -Wformat=2 -Winvalid-pch -Wno-format-nonliteral -Wpointer-arith -Wshadow -Wunused -Wwrite-strings -funit-at-a-time -Wno-strict-overflow -Wno-deprecated -Wno-invalid-offsetof -Woverloaded-virtual -Wstrict-null-sentinel  -w -w  -DVXL_HAS_TYPE_OF_SIZE -I/mnt/projects/CSE_BME_AXM788/home/soumya/DEV/ANTs/build/ITKv4-build/CMakeTmp    -o CMakeFiles/cmTryCompileExec1883704113.dir/vxl_platform_tests.cxx.o -c /mnt/projects/CSE_BME_AXM788/home/soumya/DEV/ANTs/build/ITKv4/Modules/ThirdParty/VNL/src/vxl/config/cmake/config/vxl_platform_tests.cxx
/mnt/projects/CSE_BME_AXM788/home/soumya/DEV/ANTs/build/ITKv4/Modules/ThirdParty/VNL/src/vxl/config/cmake/config/vxl_platform_tests.cxx:1058: error: ‘__int64’ was not declared in this scope
/mnt/projects/CSE_BME_AXM788/home/soumya/DEV/ANTs/build/ITKv4/Modules/ThirdParty/VNL/src/vxl/config/cmake/config/vxl_platform_tests.cxx:1058: error: expected primary-expression before ‘unsigned’
/mnt/projects/CSE_BME_AXM788/home/soumya/DEV/ANTs/build/ITKv4/Modules/ThirdParty/VNL/src/vxl/config/cmake/config/vxl_platform_tests.cxx:1058: error: expected primary-expression before ‘signed’
/mnt/projects/CSE_BME_AXM788/home/soumya/DEV/ANTs/build/ITKv4/Modules/ThirdParty/VNL/src/vxl/config/cmake/config/vxl_platform_tests.cxx:1058: error: initializer expression list treated as compound expression
/mnt/projects/CSE_BME_AXM788/home/soumya/DEV/ANTs/build/ITKv4/Modules/ThirdParty/VNL/src/vxl/config/cmake/config/vxl_platform_tests.cxx:1059: error: expected ‘,’ or ‘;’ before ‘{’ token
/mnt/projects/CSE_BME_AXM788/home/soumya/DEV/ANTs/build/ITKv4/Modules/ThirdParty/VNL/src/vxl/config/cmake/config/vxl_platform_tests.cxx:1070: error: ‘__int64’ was not declared in this scope
gmake[4]: *** [CMakeFiles/cmTryCompileExec1883704113.dir/vxl_platform_tests.cxx.o] Error 1
gmake[4]: Leaving directory `/mnt/projects/CSE_BME_AXM788/home/soumya/DEV/ANTs/build/ITKv4-build/CMakeFiles/CMakeTmp'
gmake[3]: *** [cmTryCompileExec1883704113/fast] Error 2
gmake[3]: Leaving directory `/mnt/projects/CSE_BME_AXM788/home/soumya/DEV/ANTs/build/ITKv4-build/CMakeFiles/CMakeTmp'

Looking for 32-bit float. Failed to compile with the following output:
(FLAGS=-DVXL_HAS_TYPE_OF_SIZE)
Change Dir: /mnt/projects/CSE_BME_AXM788/home/soumya/DEV/ANTs/build/ITKv4-build/CMakeFiles/CMakeTmp

Run Build Command:/usr/bin/gmake "cmTryCompileExec3815212756/fast"
gmake[3]: Entering directory `/mnt/projects/CSE_BME_AXM788/home/soumya/DEV/ANTs/build/ITKv4-build/CMakeFiles/CMakeTmp'
/usr/bin/gmake -f CMakeFiles/cmTryCompileExec3815212756.dir/build.make CMakeFiles/cmTryCompileExec3815212756.dir/build
gmake[4]: Entering directory `/mnt/projects/CSE_BME_AXM788/home/soumya/DEV/ANTs/build/ITKv4-build/CMakeFiles/CMakeTmp'
/usr/local/cmake/2.8.10.2/bin/cmake -E cmake_progress_report /mnt/projects/CSE_BME_AXM788/home/soumya/DEV/ANTs/build/ITKv4-build/CMakeFiles/CMakeTmp/CMakeFiles 1
Building CXX object CMakeFiles/cmTryCompileExec3815212756.dir/vxl_platform_tests.cxx.o
/usr/bin/c++    -Wall -Wcast-align -Wdisabled-optimization -Wextra -Wformat=2 -Winvalid-pch -Wno-format-nonliteral -Wpointer-arith -Wshadow -Wunused -Wwrite-strings -funit-at-a-time -Wno-strict-overflow -Wno-deprecated -Wno-invalid-offsetof -Woverloaded-virtual -Wstrict-null-sentinel -fPIC  -Wall -Wno-long-double -Wcast-align -Wdisabled-optimization -Wextra -Wformat=2 -Winvalid-pch -Wno-format-nonliteral -Wpointer-arith -Wshadow -Wunused -Wwrite-strings -funit-at-a-time -Wno-strict-overflow -Wno-deprecated -Wno-invalid-offsetof -Woverloaded-virtual -Wstrict-null-sentinel  -w -w  -DVXL_HAS_TYPE_OF_SIZE -I/mnt/projects/CSE_BME_AXM788/home/soumya/DEV/ANTs/build/ITKv4-build/CMakeTmp    -o CMakeFiles/cmTryCompileExec3815212756.dir/vxl_platform_tests.cxx.o -c /mnt/projects/CSE_BME_AXM788/home/soumya/DEV/ANTs/build/ITKv4/Modules/ThirdParty/VNL/src/vxl/config/cmake/config/vxl_platform_tests.cxx
/mnt/projects/CSE_BME_AXM788/home/soumya/DEV/ANTs/build/ITKv4/Modules/ThirdParty/VNL/src/vxl/config/cmake/config/vxl_platform_tests.cxx:1071: error: conflicting declaration ‘int (* verify_size)[32]’
/mnt/projects/CSE_BME_AXM788/home/soumya/DEV/ANTs/build/ITKv4/Modules/ThirdParty/VNL/src/vxl/config/cmake/config/vxl_platform_tests.cxx:1070: error: ‘verify_size’ has a previous declaration as ‘int (* verify_size)[128]’
gmake[4]: *** [CMakeFiles/cmTryCompileExec3815212756.dir/vxl_platform_tests.cxx.o] Error 1
gmake[4]: Leaving directory `/mnt/projects/CSE_BME_AXM788/home/soumya/DEV/ANTs/build/ITKv4-build/CMakeFiles/CMakeTmp'
gmake[3]: *** [cmTryCompileExec3815212756/fast] Error 2
gmake[3]: Leaving directory `/mnt/projects/CSE_BME_AXM788/home/soumya/DEV/ANTs/build/ITKv4-build/CMakeFiles/CMakeTmp'

Looking for 32-bit float. Failed to compile with the following output:
(FLAGS=-DVXL_HAS_TYPE_OF_SIZE)
Change Dir: /mnt/projects/CSE_BME_AXM788/home/soumya/DEV/ANTs/build/ITKv4-build/CMakeFiles/CMakeTmp

Run Build Command:/usr/bin/gmake "cmTryCompileExec1172308991/fast"
gmake[3]: Entering directory `/mnt/projects/CSE_BME_AXM788/home/soumya/DEV/ANTs/build/ITKv4-build/CMakeFiles/CMakeTmp'
/usr/bin/gmake -f CMakeFiles/cmTryCompileExec1172308991.dir/build.make CMakeFiles/cmTryCompileExec1172308991.dir/build
gmake[4]: Entering directory `/mnt/projects/CSE_BME_AXM788/home/soumya/DEV/ANTs/build/ITKv4-build/CMakeFiles/CMakeTmp'
/usr/local/cmake/2.8.10.2/bin/cmake -E cmake_progress_report /mnt/projects/CSE_BME_AXM788/home/soumya/DEV/ANTs/build/ITKv4-build/CMakeFiles/CMakeTmp/CMakeFiles 1
Building CXX object CMakeFiles/cmTryCompileExec1172308991.dir/vxl_platform_tests.cxx.o
/usr/bin/c++    -Wall -Wcast-align -Wdisabled-optimization -Wextra -Wformat=2 -Winvalid-pch -Wno-format-nonliteral -Wpointer-arith -Wshadow -Wunused -Wwrite-strings -funit-at-a-time -Wno-strict-overflow -Wno-deprecated -Wno-invalid-offsetof -Woverloaded-virtual -Wstrict-null-sentinel -fPIC  -Wall -Wno-long-double -Wcast-align -Wdisabled-optimization -Wextra -Wformat=2 -Winvalid-pch -Wno-format-nonliteral -Wpointer-arith -Wshadow -Wunused -Wwrite-strings -funit-at-a-time -Wno-strict-overflow -Wno-deprecated -Wno-invalid-offsetof -Woverloaded-virtual -Wstrict-null-sentinel  -w -w  -DVXL_HAS_TYPE_OF_SIZE -I/mnt/projects/CSE_BME_AXM788/home/soumya/DEV/ANTs/build/ITKv4-build/CMakeTmp    -o CMakeFiles/cmTryCompileExec1172308991.dir/vxl_platform_tests.cxx.o -c /mnt/projects/CSE_BME_AXM788/home/soumya/DEV/ANTs/build/ITKv4/Modules/ThirdParty/VNL/src/vxl/config/cmake/config/vxl_platform_tests.cxx
/mnt/projects/CSE_BME_AXM788/home/soumya/DEV/ANTs/build/ITKv4/Modules/ThirdParty/VNL/src/vxl/config/cmake/config/vxl_platform_tests.cxx:1071: error: conflicting declaration ‘int (* verify_size)[32]’
/mnt/projects/CSE_BME_AXM788/home/soumya/DEV/ANTs/build/ITKv4/Modules/ThirdParty/VNL/src/vxl/config/cmake/config/vxl_platform_tests.cxx:1070: error: ‘verify_size’ has a previous declaration as ‘int (* verify_size)[64]’
gmake[4]: *** [CMakeFiles/cmTryCompileExec1172308991.dir/vxl_platform_tests.cxx.o] Error 1
gmake[4]: Leaving directory `/mnt/projects/CSE_BME_AXM788/home/soumya/DEV/ANTs/build/ITKv4-build/CMakeFiles/CMakeTmp'
gmake[3]: *** [cmTryCompileExec1172308991/fast] Error 2
gmake[3]: Leaving directory `/mnt/projects/CSE_BME_AXM788/home/soumya/DEV/ANTs/build/ITKv4-build/CMakeFiles/CMakeTmp'

Looking for 64-bit float. Failed to compile with the following output:
(FLAGS=-DVXL_HAS_TYPE_OF_SIZE)
Change Dir: /mnt/projects/CSE_BME_AXM788/home/soumya/DEV/ANTs/build/ITKv4-build/CMakeFiles/CMakeTmp

Run Build Command:/usr/bin/gmake "cmTryCompileExec2205509946/fast"
gmake[3]: Entering directory `/mnt/projects/CSE_BME_AXM788/home/soumya/DEV/ANTs/build/ITKv4-build/CMakeFiles/CMakeTmp'
/usr/bin/gmake -f CMakeFiles/cmTryCompileExec2205509946.dir/build.make CMakeFiles/cmTryCompileExec2205509946.dir/build
gmake[4]: Entering directory `/mnt/projects/CSE_BME_AXM788/home/soumya/DEV/ANTs/build/ITKv4-build/CMakeFiles/CMakeTmp'
/usr/local/cmake/2.8.10.2/bin/cmake -E cmake_progress_report /mnt/projects/CSE_BME_AXM788/home/soumya/DEV/ANTs/build/ITKv4-build/CMakeFiles/CMakeTmp/CMakeFiles 1
Building CXX object CMakeFiles/cmTryCompileExec2205509946.dir/vxl_platform_tests.cxx.o
/usr/bin/c++    -Wall -Wcast-align -Wdisabled-optimization -Wextra -Wformat=2 -Winvalid-pch -Wno-format-nonliteral -Wpointer-arith -Wshadow -Wunused -Wwrite-strings -funit-at-a-time -Wno-strict-overflow -Wno-deprecated -Wno-invalid-offsetof -Woverloaded-virtual -Wstrict-null-sentinel -fPIC  -Wall -Wno-long-double -Wcast-align -Wdisabled-optimization -Wextra -Wformat=2 -Winvalid-pch -Wno-format-nonliteral -Wpointer-arith -Wshadow -Wunused -Wwrite-strings -funit-at-a-time -Wno-strict-overflow -Wno-deprecated -Wno-invalid-offsetof -Woverloaded-virtual -Wstrict-null-sentinel  -w -w  -DVXL_HAS_TYPE_OF_SIZE -I/mnt/projects/CSE_BME_AXM788/home/soumya/DEV/ANTs/build/ITKv4-build/CMakeTmp    -o CMakeFiles/cmTryCompileExec2205509946.dir/vxl_platform_tests.cxx.o -c /mnt/projects/CSE_BME_AXM788/home/soumya/DEV/ANTs/build/ITKv4/Modules/ThirdParty/VNL/src/vxl/config/cmake/config/vxl_platform_tests.cxx
/mnt/projects/CSE_BME_AXM788/home/soumya/DEV/ANTs/build/ITKv4/Modules/ThirdParty/VNL/src/vxl/config/cmake/config/vxl_platform_tests.cxx:1071: error: conflicting declaration ‘int (* verify_size)[64]’
/mnt/projects/CSE_BME_AXM788/home/soumya/DEV/ANTs/build/ITKv4/Modules/ThirdParty/VNL/src/vxl/config/cmake/config/vxl_platform_tests.cxx:1070: error: ‘verify_size’ has a previous declaration as ‘int (* verify_size)[32]’
gmake[4]: *** [CMakeFiles/cmTryCompileExec2205509946.dir/vxl_platform_tests.cxx.o] Error 1
gmake[4]: Leaving directory `/mnt/projects/CSE_BME_AXM788/home/soumya/DEV/ANTs/build/ITKv4-build/CMakeFiles/CMakeTmp'
gmake[3]: *** [cmTryCompileExec2205509946/fast] Error 2
gmake[3]: Leaving directory `/mnt/projects/CSE_BME_AXM788/home/soumya/DEV/ANTs/build/ITKv4-build/CMakeFiles/CMakeTmp'

Looking for 64-bit float. Failed to compile with the following output:
(FLAGS=-DVXL_HAS_TYPE_OF_SIZE)
Change Dir: /mnt/projects/CSE_BME_AXM788/home/soumya/DEV/ANTs/build/ITKv4-build/CMakeFiles/CMakeTmp

Run Build Command:/usr/bin/gmake "cmTryCompileExec4217859122/fast"
gmake[3]: Entering directory `/mnt/projects/CSE_BME_AXM788/home/soumya/DEV/ANTs/build/ITKv4-build/CMakeFiles/CMakeTmp'
/usr/bin/gmake -f CMakeFiles/cmTryCompileExec4217859122.dir/build.make CMakeFiles/cmTryCompileExec4217859122.dir/build
gmake[4]: Entering directory `/mnt/projects/CSE_BME_AXM788/home/soumya/DEV/ANTs/build/ITKv4-build/CMakeFiles/CMakeTmp'
/usr/local/cmake/2.8.10.2/bin/cmake -E cmake_progress_report /mnt/projects/CSE_BME_AXM788/home/soumya/DEV/ANTs/build/ITKv4-build/CMakeFiles/CMakeTmp/CMakeFiles 1
Building CXX object CMakeFiles/cmTryCompileExec4217859122.dir/vxl_platform_tests.cxx.o
/usr/bin/c++    -Wall -Wcast-align -Wdisabled-optimization -Wextra -Wformat=2 -Winvalid-pch -Wno-format-nonliteral -Wpointer-arith -Wshadow -Wunused -Wwrite-strings -funit-at-a-time -Wno-strict-overflow -Wno-deprecated -Wno-invalid-offsetof -Woverloaded-virtual -Wstrict-null-sentinel -fPIC  -Wall -Wno-long-double -Wcast-align -Wdisabled-optimization -Wextra -Wformat=2 -Winvalid-pch -Wno-format-nonliteral -Wpointer-arith -Wshadow -Wunused -Wwrite-strings -funit-at-a-time -Wno-strict-overflow -Wno-deprecated -Wno-invalid-offsetof -Woverloaded-virtual -Wstrict-null-sentinel  -w -w  -DVXL_HAS_TYPE_OF_SIZE -I/mnt/projects/CSE_BME_AXM788/home/soumya/DEV/ANTs/build/ITKv4-build/CMakeTmp    -o CMakeFiles/cmTryCompileExec4217859122.dir/vxl_platform_tests.cxx.o -c /mnt/projects/CSE_BME_AXM788/home/soumya/DEV/ANTs/build/ITKv4/Modules/ThirdParty/VNL/src/vxl/config/cmake/config/vxl_platform_tests.cxx
/mnt/projects/CSE_BME_AXM788/home/soumya/DEV/ANTs/build/ITKv4/Modules/ThirdParty/VNL/src/vxl/config/cmake/config/vxl_platform_tests.cxx:1071: error: conflicting declaration ‘int (* verify_size)[64]’
/mnt/projects/CSE_BME_AXM788/home/soumya/DEV/ANTs/build/ITKv4/Modules/ThirdParty/VNL/src/vxl/config/cmake/config/vxl_platform_tests.cxx:1070: error: ‘verify_size’ has a previous declaration as ‘int (* verify_size)[128]’
gmake[4]: *** [CMakeFiles/cmTryCompileExec4217859122.dir/vxl_platform_tests.cxx.o] Error 1
gmake[4]: Leaving directory `/mnt/projects/CSE_BME_AXM788/home/soumya/DEV/ANTs/build/ITKv4-build/CMakeFiles/CMakeTmp'
gmake[3]: *** [cmTryCompileExec4217859122/fast] Error 2
gmake[3]: Leaving directory `/mnt/projects/CSE_BME_AXM788/home/soumya/DEV/ANTs/build/ITKv4-build/CMakeFiles/CMakeTmp'

Looking for 96-bit float. Failed to compile with the following output:
(FLAGS=-DVXL_HAS_TYPE_OF_SIZE)
Change Dir: /mnt/projects/CSE_BME_AXM788/home/soumya/DEV/ANTs/build/ITKv4-build/CMakeFiles/CMakeTmp

Run Build Command:/usr/bin/gmake "cmTryCompileExec3841626267/fast"
gmake[3]: Entering directory `/mnt/projects/CSE_BME_AXM788/home/soumya/DEV/ANTs/build/ITKv4-build/CMakeFiles/CMakeTmp'
/usr/bin/gmake -f CMakeFiles/cmTryCompileExec3841626267.dir/build.make CMakeFiles/cmTryCompileExec3841626267.dir/build
gmake[4]: Entering directory `/mnt/projects/CSE_BME_AXM788/home/soumya/DEV/ANTs/build/ITKv4-build/CMakeFiles/CMakeTmp'
/usr/local/cmake/2.8.10.2/bin/cmake -E cmake_progress_report /mnt/projects/CSE_BME_AXM788/home/soumya/DEV/ANTs/build/ITKv4-build/CMakeFiles/CMakeTmp/CMakeFiles 1
Building CXX object CMakeFiles/cmTryCompileExec3841626267.dir/vxl_platform_tests.cxx.o
/usr/bin/c++    -Wall -Wcast-align -Wdisabled-optimization -Wextra -Wformat=2 -Winvalid-pch -Wno-format-nonliteral -Wpointer-arith -Wshadow -Wunused -Wwrite-strings -funit-at-a-time -Wno-strict-overflow -Wno-deprecated -Wno-invalid-offsetof -Woverloaded-virtual -Wstrict-null-sentinel -fPIC  -Wall -Wno-long-double -Wcast-align -Wdisabled-optimization -Wextra -Wformat=2 -Winvalid-pch -Wno-format-nonliteral -Wpointer-arith -Wshadow -Wunused -Wwrite-strings -funit-at-a-time -Wno-strict-overflow -Wno-deprecated -Wno-invalid-offsetof -Woverloaded-virtual -Wstrict-null-sentinel  -w -w  -DVXL_HAS_TYPE_OF_SIZE -I/mnt/projects/CSE_BME_AXM788/home/soumya/DEV/ANTs/build/ITKv4-build/CMakeTmp    -o CMakeFiles/cmTryCompileExec3841626267.dir/vxl_platform_tests.cxx.o -c /mnt/projects/CSE_BME_AXM788/home/soumya/DEV/ANTs/build/ITKv4/Modules/ThirdParty/VNL/src/vxl/config/cmake/config/vxl_platform_tests.cxx
/mnt/projects/CSE_BME_AXM788/home/soumya/DEV/ANTs/build/ITKv4/Modules/ThirdParty/VNL/src/vxl/config/cmake/config/vxl_platform_tests.cxx:1071: error: conflicting declaration ‘int (* verify_size)[96]’
/mnt/projects/CSE_BME_AXM788/home/soumya/DEV/ANTs/build/ITKv4/Modules/ThirdParty/VNL/src/vxl/config/cmake/config/vxl_platform_tests.cxx:1070: error: ‘verify_size’ has a previous declaration as ‘int (* verify_size)[32]’
gmake[4]: *** [CMakeFiles/cmTryCompileExec3841626267.dir/vxl_platform_tests.cxx.o] Error 1
gmake[4]: Leaving directory `/mnt/projects/CSE_BME_AXM788/home/soumya/DEV/ANTs/build/ITKv4-build/CMakeFiles/CMakeTmp'
gmake[3]: *** [cmTryCompileExec3841626267/fast] Error 2
gmake[3]: Leaving directory `/mnt/projects/CSE_BME_AXM788/home/soumya/DEV/ANTs/build/ITKv4-build/CMakeFiles/CMakeTmp'

Looking for 96-bit float. Failed to compile with the following output:
(FLAGS=-DVXL_HAS_TYPE_OF_SIZE)
Change Dir: /mnt/projects/CSE_BME_AXM788/home/soumya/DEV/ANTs/build/ITKv4-build/CMakeFiles/CMakeTmp

Run Build Command:/usr/bin/gmake "cmTryCompileExec1476480017/fast"
gmake[3]: Entering directory `/mnt/projects/CSE_BME_AXM788/home/soumya/DEV/ANTs/build/ITKv4-build/CMakeFiles/CMakeTmp'
/usr/bin/gmake -f CMakeFiles/cmTryCompileExec1476480017.dir/build.make CMakeFiles/cmTryCompileExec1476480017.dir/build
gmake[4]: Entering directory `/mnt/projects/CSE_BME_AXM788/home/soumya/DEV/ANTs/build/ITKv4-build/CMakeFiles/CMakeTmp'
/usr/local/cmake/2.8.10.2/bin/cmake -E cmake_progress_report /mnt/projects/CSE_BME_AXM788/home/soumya/DEV/ANTs/build/ITKv4-build/CMakeFiles/CMakeTmp/CMakeFiles 1
Building CXX object CMakeFiles/cmTryCompileExec1476480017.dir/vxl_platform_tests.cxx.o
/usr/bin/c++    -Wall -Wcast-align -Wdisabled-optimization -Wextra -Wformat=2 -Winvalid-pch -Wno-format-nonliteral -Wpointer-arith -Wshadow -Wunused -Wwrite-strings -funit-at-a-time -Wno-strict-overflow -Wno-deprecated -Wno-invalid-offsetof -Woverloaded-virtual -Wstrict-null-sentinel -fPIC  -Wall -Wno-long-double -Wcast-align -Wdisabled-optimization -Wextra -Wformat=2 -Winvalid-pch -Wno-format-nonliteral -Wpointer-arith -Wshadow -Wunused -Wwrite-strings -funit-at-a-time -Wno-strict-overflow -Wno-deprecated -Wno-invalid-offsetof -Woverloaded-virtual -Wstrict-null-sentinel  -w -w  -DVXL_HAS_TYPE_OF_SIZE -I/mnt/projects/CSE_BME_AXM788/home/soumya/DEV/ANTs/build/ITKv4-build/CMakeTmp    -o CMakeFiles/cmTryCompileExec1476480017.dir/vxl_platform_tests.cxx.o -c /mnt/projects/CSE_BME_AXM788/home/soumya/DEV/ANTs/build/ITKv4/Modules/ThirdParty/VNL/src/vxl/config/cmake/config/vxl_platform_tests.cxx
/mnt/projects/CSE_BME_AXM788/home/soumya/DEV/ANTs/build/ITKv4/Modules/ThirdParty/VNL/src/vxl/config/cmake/config/vxl_platform_tests.cxx:1071: error: conflicting declaration ‘int (* verify_size)[96]’
/mnt/projects/CSE_BME_AXM788/home/soumya/DEV/ANTs/build/ITKv4/Modules/ThirdParty/VNL/src/vxl/config/cmake/config/vxl_platform_tests.cxx:1070: error: ‘verify_size’ has a previous declaration as ‘int (* verify_size)[64]’
gmake[4]: *** [CMakeFiles/cmTryCompileExec1476480017.dir/vxl_platform_tests.cxx.o] Error 1
gmake[4]: Leaving directory `/mnt/projects/CSE_BME_AXM788/home/soumya/DEV/ANTs/build/ITKv4-build/CMakeFiles/CMakeTmp'
gmake[3]: *** [cmTryCompileExec1476480017/fast] Error 2
gmake[3]: Leaving directory `/mnt/projects/CSE_BME_AXM788/home/soumya/DEV/ANTs/build/ITKv4-build/CMakeFiles/CMakeTmp'

Looking for 96-bit float. Failed to compile with the following output:
(FLAGS=-DVXL_HAS_TYPE_OF_SIZE)
Change Dir: /mnt/projects/CSE_BME_AXM788/home/soumya/DEV/ANTs/build/ITKv4-build/CMakeFiles/CMakeTmp

Run Build Command:/usr/bin/gmake "cmTryCompileExec1830340446/fast"
gmake[3]: Entering directory `/mnt/projects/CSE_BME_AXM788/home/soumya/DEV/ANTs/build/ITKv4-build/CMakeFiles/CMakeTmp'
/usr/bin/gmake -f CMakeFiles/cmTryCompileExec1830340446.dir/build.make CMakeFiles/cmTryCompileExec1830340446.dir/build
gmake[4]: Entering directory `/mnt/projects/CSE_BME_AXM788/home/soumya/DEV/ANTs/build/ITKv4-build/CMakeFiles/CMakeTmp'
/usr/local/cmake/2.8.10.2/bin/cmake -E cmake_progress_report /mnt/projects/CSE_BME_AXM788/home/soumya/DEV/ANTs/build/ITKv4-build/CMakeFiles/CMakeTmp/CMakeFiles 1
Building CXX object CMakeFiles/cmTryCompileExec1830340446.dir/vxl_platform_tests.cxx.o
/usr/bin/c++    -Wall -Wcast-align -Wdisabled-optimization -Wextra -Wformat=2 -Winvalid-pch -Wno-format-nonliteral -Wpointer-arith -Wshadow -Wunused -Wwrite-strings -funit-at-a-time -Wno-strict-overflow -Wno-deprecated -Wno-invalid-offsetof -Woverloaded-virtual -Wstrict-null-sentinel -fPIC  -Wall -Wno-long-double -Wcast-align -Wdisabled-optimization -Wextra -Wformat=2 -Winvalid-pch -Wno-format-nonliteral -Wpointer-arith -Wshadow -Wunused -Wwrite-strings -funit-at-a-time -Wno-strict-overflow -Wno-deprecated -Wno-invalid-offsetof -Woverloaded-virtual -Wstrict-null-sentinel  -w -w  -DVXL_HAS_TYPE_OF_SIZE -I/mnt/projects/CSE_BME_AXM788/home/soumya/DEV/ANTs/build/ITKv4-build/CMakeTmp    -o CMakeFiles/cmTryCompileExec1830340446.dir/vxl_platform_tests.cxx.o -c /mnt/projects/CSE_BME_AXM788/home/soumya/DEV/ANTs/build/ITKv4/Modules/ThirdParty/VNL/src/vxl/config/cmake/config/vxl_platform_tests.cxx
/mnt/projects/CSE_BME_AXM788/home/soumya/DEV/ANTs/build/ITKv4/Modules/ThirdParty/VNL/src/vxl/config/cmake/config/vxl_platform_tests.cxx:1071: error: conflicting declaration ‘int (* verify_size)[96]’
/mnt/projects/CSE_BME_AXM788/home/soumya/DEV/ANTs/build/ITKv4/Modules/ThirdParty/VNL/src/vxl/config/cmake/config/vxl_platform_tests.cxx:1070: error: ‘verify_size’ has a previous declaration as ‘int (* verify_size)[128]’
gmake[4]: *** [CMakeFiles/cmTryCompileExec1830340446.dir/vxl_platform_tests.cxx.o] Error 1
gmake[4]: Leaving directory `/mnt/projects/CSE_BME_AXM788/home/soumya/DEV/ANTs/build/ITKv4-build/CMakeFiles/CMakeTmp'
gmake[3]: *** [cmTryCompileExec1830340446/fast] Error 2
gmake[3]: Leaving directory `/mnt/projects/CSE_BME_AXM788/home/soumya/DEV/ANTs/build/ITKv4-build/CMakeFiles/CMakeTmp'

Looking for 128-bit float. Failed to compile with the following output:
(FLAGS=-DVXL_HAS_TYPE_OF_SIZE)
Change Dir: /mnt/projects/CSE_BME_AXM788/home/soumya/DEV/ANTs/build/ITKv4-build/CMakeFiles/CMakeTmp

Run Build Command:/usr/bin/gmake "cmTryCompileExec2237892941/fast"
gmake[3]: Entering directory `/mnt/projects/CSE_BME_AXM788/home/soumya/DEV/ANTs/build/ITKv4-build/CMakeFiles/CMakeTmp'
/usr/bin/gmake -f CMakeFiles/cmTryCompileExec2237892941.dir/build.make CMakeFiles/cmTryCompileExec2237892941.dir/build
gmake[4]: Entering directory `/mnt/projects/CSE_BME_AXM788/home/soumya/DEV/ANTs/build/ITKv4-build/CMakeFiles/CMakeTmp'
/usr/local/cmake/2.8.10.2/bin/cmake -E cmake_progress_report /mnt/projects/CSE_BME_AXM788/home/soumya/DEV/ANTs/build/ITKv4-build/CMakeFiles/CMakeTmp/CMakeFiles 1
Building CXX object CMakeFiles/cmTryCompileExec2237892941.dir/vxl_platform_tests.cxx.o
/usr/bin/c++    -Wall -Wcast-align -Wdisabled-optimization -Wextra -Wformat=2 -Winvalid-pch -Wno-format-nonliteral -Wpointer-arith -Wshadow -Wunused -Wwrite-strings -funit-at-a-time -Wno-strict-overflow -Wno-deprecated -Wno-invalid-offsetof -Woverloaded-virtual -Wstrict-null-sentinel -fPIC  -Wall -Wno-long-double -Wcast-align -Wdisabled-optimization -Wextra -Wformat=2 -Winvalid-pch -Wno-format-nonliteral -Wpointer-arith -Wshadow -Wunused -Wwrite-strings -funit-at-a-time -Wno-strict-overflow -Wno-deprecated -Wno-invalid-offsetof -Woverloaded-virtual -Wstrict-null-sentinel  -w -w  -DVXL_HAS_TYPE_OF_SIZE -I/mnt/projects/CSE_BME_AXM788/home/soumya/DEV/ANTs/build/ITKv4-build/CMakeTmp    -o CMakeFiles/cmTryCompileExec2237892941.dir/vxl_platform_tests.cxx.o -c /mnt/projects/CSE_BME_AXM788/home/soumya/DEV/ANTs/build/ITKv4/Modules/ThirdParty/VNL/src/vxl/config/cmake/config/vxl_platform_tests.cxx
/mnt/projects/CSE_BME_AXM788/home/soumya/DEV/ANTs/build/ITKv4/Modules/ThirdParty/VNL/src/vxl/config/cmake/config/vxl_platform_tests.cxx:1071: error: conflicting declaration ‘int (* verify_size)[128]’
/mnt/projects/CSE_BME_AXM788/home/soumya/DEV/ANTs/build/ITKv4/Modules/ThirdParty/VNL/src/vxl/config/cmake/config/vxl_platform_tests.cxx:1070: error: ‘verify_size’ has a previous declaration as ‘int (* verify_size)[32]’
gmake[4]: *** [CMakeFiles/cmTryCompileExec2237892941.dir/vxl_platform_tests.cxx.o] Error 1
gmake[4]: Leaving directory `/mnt/projects/CSE_BME_AXM788/home/soumya/DEV/ANTs/build/ITKv4-build/CMakeFiles/CMakeTmp'
gmake[3]: *** [cmTryCompileExec2237892941/fast] Error 2
gmake[3]: Leaving directory `/mnt/projects/CSE_BME_AXM788/home/soumya/DEV/ANTs/build/ITKv4-build/CMakeFiles/CMakeTmp'

Looking for 128-bit float. Failed to compile with the following output:
(FLAGS=-DVXL_HAS_TYPE_OF_SIZE)
Change Dir: /mnt/projects/CSE_BME_AXM788/home/soumya/DEV/ANTs/build/ITKv4-build/CMakeFiles/CMakeTmp

Run Build Command:/usr/bin/gmake "cmTryCompileExec2307856950/fast"
gmake[3]: Entering directory `/mnt/projects/CSE_BME_AXM788/home/soumya/DEV/ANTs/build/ITKv4-build/CMakeFiles/CMakeTmp'
/usr/bin/gmake -f CMakeFiles/cmTryCompileExec2307856950.dir/build.make CMakeFiles/cmTryCompileExec2307856950.dir/build
gmake[4]: Entering directory `/mnt/projects/CSE_BME_AXM788/home/soumya/DEV/ANTs/build/ITKv4-build/CMakeFiles/CMakeTmp'
/usr/local/cmake/2.8.10.2/bin/cmake -E cmake_progress_report /mnt/projects/CSE_BME_AXM788/home/soumya/DEV/ANTs/build/ITKv4-build/CMakeFiles/CMakeTmp/CMakeFiles 1
Building CXX object CMakeFiles/cmTryCompileExec2307856950.dir/vxl_platform_tests.cxx.o
/usr/bin/c++    -Wall -Wcast-align -Wdisabled-optimization -Wextra -Wformat=2 -Winvalid-pch -Wno-format-nonliteral -Wpointer-arith -Wshadow -Wunused -Wwrite-strings -funit-at-a-time -Wno-strict-overflow -Wno-deprecated -Wno-invalid-offsetof -Woverloaded-virtual -Wstrict-null-sentinel -fPIC  -Wall -Wno-long-double -Wcast-align -Wdisabled-optimization -Wextra -Wformat=2 -Winvalid-pch -Wno-format-nonliteral -Wpointer-arith -Wshadow -Wunused -Wwrite-strings -funit-at-a-time -Wno-strict-overflow -Wno-deprecated -Wno-invalid-offsetof -Woverloaded-virtual -Wstrict-null-sentinel  -w -w  -DVXL_HAS_TYPE_OF_SIZE -I/mnt/projects/CSE_BME_AXM788/home/soumya/DEV/ANTs/build/ITKv4-build/CMakeTmp    -o CMakeFiles/cmTryCompileExec2307856950.dir/vxl_platform_tests.cxx.o -c /mnt/projects/CSE_BME_AXM788/home/soumya/DEV/ANTs/build/ITKv4/Modules/ThirdParty/VNL/src/vxl/config/cmake/config/vxl_platform_tests.cxx
/mnt/projects/CSE_BME_AXM788/home/soumya/DEV/ANTs/build/ITKv4/Modules/ThirdParty/VNL/src/vxl/config/cmake/config/vxl_platform_tests.cxx:1071: error: conflicting declaration ‘int (* verify_size)[128]’
/mnt/projects/CSE_BME_AXM788/home/soumya/DEV/ANTs/build/ITKv4/Modules/ThirdParty/VNL/src/vxl/config/cmake/config/vxl_platform_tests.cxx:1070: error: ‘verify_size’ has a previous declaration as ‘int (* verify_size)[64]’
gmake[4]: *** [CMakeFiles/cmTryCompileExec2307856950.dir/vxl_platform_tests.cxx.o] Error 1
gmake[4]: Leaving directory `/mnt/projects/CSE_BME_AXM788/home/soumya/DEV/ANTs/build/ITKv4-build/CMakeFiles/CMakeTmp'
gmake[3]: *** [cmTryCompileExec2307856950/fast] Error 2
gmake[3]: Leaving directory `/mnt/projects/CSE_BME_AXM788/home/soumya/DEV/ANTs/build/ITKv4-build/CMakeFiles/CMakeTmp'

Determining if the function tell exists failed with the following output:
Change Dir: /mnt/projects/CSE_BME_AXM788/home/soumya/DEV/ANTs/build/ITKv4-build/CMakeFiles/CMakeTmp

Run Build Command:/usr/bin/gmake "cmTryCompileExec969718668/fast"
gmake[3]: Entering directory `/mnt/projects/CSE_BME_AXM788/home/soumya/DEV/ANTs/build/ITKv4-build/CMakeFiles/CMakeTmp'
/usr/bin/gmake -f CMakeFiles/cmTryCompileExec969718668.dir/build.make CMakeFiles/cmTryCompileExec969718668.dir/build
gmake[4]: Entering directory `/mnt/projects/CSE_BME_AXM788/home/soumya/DEV/ANTs/build/ITKv4-build/CMakeFiles/CMakeTmp'
/usr/local/cmake/2.8.10.2/bin/cmake -E cmake_progress_report /mnt/projects/CSE_BME_AXM788/home/soumya/DEV/ANTs/build/ITKv4-build/CMakeFiles/CMakeTmp/CMakeFiles 1
Building C object CMakeFiles/cmTryCompileExec969718668.dir/CheckFunctionExists.c.o
/usr/bin/cc   -Wno-uninitialized -Wno-unused-parameter -Wall -Wcast-align -Wdisabled-optimization -Wextra -Wformat=2 -Winvalid-pch -Wno-format-nonliteral -Wpointer-arith -Wshadow -Wunused -Wwrite-strings -funit-at-a-time -Wno-strict-overflow -fPIC  -Wno-uninitialized -Wno-unused-parameter -Wall -Wno-long-double -Wcast-align -Wdisabled-optimization -Wextra -Wformat=2 -Winvalid-pch -Wno-format-nonliteral -Wpointer-arith -Wshadow -Wunused -Wwrite-strings -funit-at-a-time -Wno-strict-overflow  -w  -DCHECK_FUNCTION_EXISTS=tell   -o CMakeFiles/cmTryCompileExec969718668.dir/CheckFunctionExists.c.o   -c /usr/local/cmake/2.8.10.2/share/cmake-2.8/Modules/CheckFunctionExists.c
Linking C executable cmTryCompileExec969718668
/usr/local/cmake/2.8.10.2/bin/cmake -E cmake_link_script CMakeFiles/cmTryCompileExec969718668.dir/link.txt --verbose=1
/usr/bin/cc     -Wno-uninitialized -Wno-unused-parameter -Wall -Wcast-align -Wdisabled-optimization -Wextra -Wformat=2 -Winvalid-pch -Wno-format-nonliteral -Wpointer-arith -Wshadow -Wunused -Wwrite-strings -funit-at-a-time -Wno-strict-overflow -fPIC  -Wno-uninitialized -Wno-unused-parameter -Wall -Wno-long-double -Wcast-align -Wdisabled-optimization -Wextra -Wformat=2 -Winvalid-pch -Wno-format-nonliteral -Wpointer-arith -Wshadow -Wunused -Wwrite-strings -funit-at-a-time -Wno-strict-overflow  -w  -DCHECK_FUNCTION_EXISTS=tell    CMakeFiles/cmTryCompileExec969718668.dir/CheckFunctionExists.c.o  -o cmTryCompileExec969718668 -rdynamic -lm 
CMakeFiles/cmTryCompileExec969718668.dir/CheckFunctionExists.c.o: In function `main':
CheckFunctionExists.c:(.text+0x15): undefined reference to `tell'
collect2: ld returned 1 exit status
gmake[4]: *** [cmTryCompileExec969718668] Error 1
gmake[4]: Leaving directory `/mnt/projects/CSE_BME_AXM788/home/soumya/DEV/ANTs/build/ITKv4-build/CMakeFiles/CMakeTmp'
gmake[3]: *** [cmTryCompileExec969718668/fast] Error 2
gmake[3]: Leaving directory `/mnt/projects/CSE_BME_AXM788/home/soumya/DEV/ANTs/build/ITKv4-build/CMakeFiles/CMakeTmp'


Performing Test VCL_NUMERIC_LIMITS_HAS_INFINITY succeeded with the following output:
Change Dir: /mnt/projects/CSE_BME_AXM788/home/soumya/DEV/ANTs/build/ITKv4-build/CMakeFiles/CMakeTmp

Run Build Command:/usr/bin/gmake "cmTryCompileExec1802060133/fast"
gmake[3]: Entering directory `/mnt/projects/CSE_BME_AXM788/home/soumya/DEV/ANTs/build/ITKv4-build/CMakeFiles/CMakeTmp'
/usr/bin/gmake -f CMakeFiles/cmTryCompileExec1802060133.dir/build.make CMakeFiles/cmTryCompileExec1802060133.dir/build
gmake[4]: Entering directory `/mnt/projects/CSE_BME_AXM788/home/soumya/DEV/ANTs/build/ITKv4-build/CMakeFiles/CMakeTmp'
/usr/local/cmake/2.8.10.2/bin/cmake -E cmake_progress_report /mnt/projects/CSE_BME_AXM788/home/soumya/DEV/ANTs/build/ITKv4-build/CMakeFiles/CMakeTmp/CMakeFiles 1
Building CXX object CMakeFiles/cmTryCompileExec1802060133.dir/vxl_platform_tests.cxx.o
/usr/bin/c++    -Wall -Wcast-align -Wdisabled-optimization -Wextra -Wformat=2 -Winvalid-pch -Wno-format-nonliteral -Wpointer-arith -Wshadow -Wunused -Wwrite-strings -funit-at-a-time -Wno-strict-overflow -Wno-deprecated -Wno-invalid-offsetof -Woverloaded-virtual -Wstrict-null-sentinel -fPIC  -Wall -Wno-long-double -Wcast-align -Wdisabled-optimization -Wextra -Wformat=2 -Winvalid-pch -Wno-format-nonliteral -Wpointer-arith -Wshadow -Wunused -Wwrite-strings -funit-at-a-time -Wno-strict-overflow -Wno-deprecated -Wno-invalid-offsetof -Woverloaded-virtual -Wstrict-null-sentinel  -w -w  -DVCL_NUMERIC_LIMITS_HAS_INFINITY   -o CMakeFiles/cmTryCompileExec1802060133.dir/vxl_platform_tests.cxx.o -c /mnt/projects/CSE_BME_AXM788/home/soumya/DEV/ANTs/build/ITKv4/Modules/ThirdParty/VNL/src/vxl/config/cmake/config/vxl_platform_tests.cxx
Linking CXX executable cmTryCompileExec1802060133
/usr/local/cmake/2.8.10.2/bin/cmake -E cmake_link_script CMakeFiles/cmTryCompileExec1802060133.dir/link.txt --verbose=1
/usr/bin/c++      -Wall -Wcast-align -Wdisabled-optimization -Wextra -Wformat=2 -Winvalid-pch -Wno-format-nonliteral -Wpointer-arith -Wshadow -Wunused -Wwrite-strings -funit-at-a-time -Wno-strict-overflow -Wno-deprecated -Wno-invalid-offsetof -Woverloaded-virtual -Wstrict-null-sentinel -fPIC  -Wall -Wno-long-double -Wcast-align -Wdisabled-optimization -Wextra -Wformat=2 -Winvalid-pch -Wno-format-nonliteral -Wpointer-arith -Wshadow -Wunused -Wwrite-strings -funit-at-a-time -Wno-strict-overflow -Wno-deprecated -Wno-invalid-offsetof -Woverloaded-virtual -Wstrict-null-sentinel  -w -w  -DVCL_NUMERIC_LIMITS_HAS_INFINITY    CMakeFiles/cmTryCompileExec1802060133.dir/vxl_platform_tests.cxx.o  -o cmTryCompileExec1802060133 -rdynamic -lm 
gmake[4]: Leaving directory `/mnt/projects/CSE_BME_AXM788/home/soumya/DEV/ANTs/build/ITKv4-build/CMakeFiles/CMakeTmp'
gmake[3]: Leaving directory `/mnt/projects/CSE_BME_AXM788/home/soumya/DEV/ANTs/build/ITKv4-build/CMakeFiles/CMakeTmp'

Performing Test VCL_PROCESSOR_HAS_INFINITY succeeded with the following output:
Change Dir: /mnt/projects/CSE_BME_AXM788/home/soumya/DEV/ANTs/build/ITKv4-build/CMakeFiles/CMakeTmp

Run Build Command:/usr/bin/gmake "cmTryCompileExec1550875069/fast"
gmake[3]: Entering directory `/mnt/projects/CSE_BME_AXM788/home/soumya/DEV/ANTs/build/ITKv4-build/CMakeFiles/CMakeTmp'
/usr/bin/gmake -f CMakeFiles/cmTryCompileExec1550875069.dir/build.make CMakeFiles/cmTryCompileExec1550875069.dir/build
gmake[4]: Entering directory `/mnt/projects/CSE_BME_AXM788/home/soumya/DEV/ANTs/build/ITKv4-build/CMakeFiles/CMakeTmp'
/usr/local/cmake/2.8.10.2/bin/cmake -E cmake_progress_report /mnt/projects/CSE_BME_AXM788/home/soumya/DEV/ANTs/build/ITKv4-build/CMakeFiles/CMakeTmp/CMakeFiles 1
Building CXX object CMakeFiles/cmTryCompileExec1550875069.dir/vxl_platform_tests.cxx.o
/usr/bin/c++    -Wall -Wcast-align -Wdisabled-optimization -Wextra -Wformat=2 -Winvalid-pch -Wno-format-nonliteral -Wpointer-arith -Wshadow -Wunused -Wwrite-strings -funit-at-a-time -Wno-strict-overflow -Wno-deprecated -Wno-invalid-offsetof -Woverloaded-virtual -Wstrict-null-sentinel -fPIC  -Wall -Wno-long-double -Wcast-align -Wdisabled-optimization -Wextra -Wformat=2 -Winvalid-pch -Wno-format-nonliteral -Wpointer-arith -Wshadow -Wunused -Wwrite-strings -funit-at-a-time -Wno-strict-overflow -Wno-deprecated -Wno-invalid-offsetof -Woverloaded-virtual -Wstrict-null-sentinel  -w -w  -DVCL_PROCESSOR_HAS_INFINITY   -o CMakeFiles/cmTryCompileExec1550875069.dir/vxl_platform_tests.cxx.o -c /mnt/projects/CSE_BME_AXM788/home/soumya/DEV/ANTs/build/ITKv4/Modules/ThirdParty/VNL/src/vxl/config/cmake/config/vxl_platform_tests.cxx
Linking CXX executable cmTryCompileExec1550875069
/usr/local/cmake/2.8.10.2/bin/cmake -E cmake_link_script CMakeFiles/cmTryCompileExec1550875069.dir/link.txt --verbose=1
/usr/bin/c++      -Wall -Wcast-align -Wdisabled-optimization -Wextra -Wformat=2 -Winvalid-pch -Wno-format-nonliteral -Wpointer-arith -Wshadow -Wunused -Wwrite-strings -funit-at-a-time -Wno-strict-overflow -Wno-deprecated -Wno-invalid-offsetof -Woverloaded-virtual -Wstrict-null-sentinel -fPIC  -Wall -Wno-long-double -Wcast-align -Wdisabled-optimization -Wextra -Wformat=2 -Winvalid-pch -Wno-format-nonliteral -Wpointer-arith -Wshadow -Wunused -Wwrite-strings -funit-at-a-time -Wno-strict-overflow -Wno-deprecated -Wno-invalid-offsetof -Woverloaded-virtual -Wstrict-null-sentinel  -w -w  -DVCL_PROCESSOR_HAS_INFINITY    CMakeFiles/cmTryCompileExec1550875069.dir/vxl_platform_tests.cxx.o  -o cmTryCompileExec1550875069 -rdynamic -lm 
gmake[4]: Leaving directory `/mnt/projects/CSE_BME_AXM788/home/soumya/DEV/ANTs/build/ITKv4-build/CMakeFiles/CMakeTmp'
gmake[3]: Leaving directory `/mnt/projects/CSE_BME_AXM788/home/soumya/DEV/ANTs/build/ITKv4-build/CMakeFiles/CMakeTmp'

Determining if the system is big endian passed with the following output:
Change Dir: /mnt/projects/CSE_BME_AXM788/home/soumya/DEV/ANTs/build/ITKv4-build/CMakeFiles/CMakeTmp

Run Build Command:/usr/bin/gmake "cmTryCompileExec746429996/fast"
gmake[3]: Entering directory `/mnt/projects/CSE_BME_AXM788/home/soumya/DEV/ANTs/build/ITKv4-build/CMakeFiles/CMakeTmp'
/usr/bin/gmake -f CMakeFiles/cmTryCompileExec746429996.dir/build.make CMakeFiles/cmTryCompileExec746429996.dir/build
gmake[4]: Entering directory `/mnt/projects/CSE_BME_AXM788/home/soumya/DEV/ANTs/build/ITKv4-build/CMakeFiles/CMakeTmp'
/usr/local/cmake/2.8.10.2/bin/cmake -E cmake_progress_report /mnt/projects/CSE_BME_AXM788/home/soumya/DEV/ANTs/build/ITKv4-build/CMakeFiles/CMakeTmp/CMakeFiles 1
Building C object CMakeFiles/cmTryCompileExec746429996.dir/TestEndianess.c.o
/usr/bin/cc   -Wno-uninitialized -Wno-unused-parameter -Wall -Wcast-align -Wdisabled-optimization -Wextra -Wformat=2 -Winvalid-pch -Wno-format-nonliteral -Wpointer-arith -Wshadow -Wunused -Wwrite-strings -funit-at-a-time -Wno-strict-overflow -fPIC  -Wno-uninitialized -Wno-unused-parameter -Wall -Wno-long-double -Wcast-align -Wdisabled-optimization -Wextra -Wformat=2 -Winvalid-pch -Wno-format-nonliteral -Wpointer-arith -Wshadow -Wunused -Wwrite-strings -funit-at-a-time -Wno-strict-overflow      -o CMakeFiles/cmTryCompileExec746429996.dir/TestEndianess.c.o   -c /mnt/projects/CSE_BME_AXM788/home/soumya/DEV/ANTs/build/ITKv4-build/CMakeFiles/CMakeTmp/TestEndianess.c
Linking C executable cmTryCompileExec746429996
/usr/local/cmake/2.8.10.2/bin/cmake -E cmake_link_script CMakeFiles/cmTryCompileExec746429996.dir/link.txt --verbose=1
/usr/bin/cc     -Wno-uninitialized -Wno-unused-parameter -Wall -Wcast-align -Wdisabled-optimization -Wextra -Wformat=2 -Winvalid-pch -Wno-format-nonliteral -Wpointer-arith -Wshadow -Wunused -Wwrite-strings -funit-at-a-time -Wno-strict-overflow -fPIC  -Wno-uninitialized -Wno-unused-parameter -Wall -Wno-long-double -Wcast-align -Wdisabled-optimization -Wextra -Wformat=2 -Winvalid-pch -Wno-format-nonliteral -Wpointer-arith -Wshadow -Wunused -Wwrite-strings -funit-at-a-time -Wno-strict-overflow       CMakeFiles/cmTryCompileExec746429996.dir/TestEndianess.c.o  -o cmTryCompileExec746429996 -rdynamic 
gmake[4]: Leaving directory `/mnt/projects/CSE_BME_AXM788/home/soumya/DEV/ANTs/build/ITKv4-build/CMakeFiles/CMakeTmp'
gmake[3]: Leaving directory `/mnt/projects/CSE_BME_AXM788/home/soumya/DEV/ANTs/build/ITKv4-build/CMakeFiles/CMakeTmp'

TestEndianess.c:
/* A 16 bit integer is required. */
typedef unsigned short cmakeint16;

/* On a little endian machine, these 16bit ints will give "THIS IS LITTLE ENDIAN."
   On a big endian machine the characters will be exchanged pairwise. */
const cmakeint16 info_little[] =  {0x4854, 0x5349, 0x4920, 0x2053, 0x494c, 0x5454, 0x454c, 0x4520, 0x444e, 0x4149, 0x2e4e, 0x0000};

/* on a big endian machine, these 16bit ints will give "THIS IS BIG ENDIAN."
   On a little endian machine the characters will be exchanged pairwise. */
const cmakeint16 info_big[] =     {0x5448, 0x4953, 0x2049, 0x5320, 0x4249, 0x4720, 0x454e, 0x4449, 0x414e, 0x2e2e, 0x0000};

#ifdef __CLASSIC_C__
int main(argc, argv) int argc; char *argv[];
#else
int main(int argc, char *argv[])
#endif
{
  int require = 0;
  require += info_little[argc];
  require += info_big[argc];
  (void)argv;
  return require;
}


Determining if the pthread_create exist failed with the following output:
Change Dir: /mnt/projects/CSE_BME_AXM788/home/soumya/DEV/ANTs/build/ITKv4-build/CMakeFiles/CMakeTmp

Run Build Command:/usr/bin/gmake "cmTryCompileExec1026948059/fast"
gmake[3]: Entering directory `/mnt/projects/CSE_BME_AXM788/home/soumya/DEV/ANTs/build/ITKv4-build/CMakeFiles/CMakeTmp'
/usr/bin/gmake -f CMakeFiles/cmTryCompileExec1026948059.dir/build.make CMakeFiles/cmTryCompileExec1026948059.dir/build
gmake[4]: Entering directory `/mnt/projects/CSE_BME_AXM788/home/soumya/DEV/ANTs/build/ITKv4-build/CMakeFiles/CMakeTmp'
/usr/local/cmake/2.8.10.2/bin/cmake -E cmake_progress_report /mnt/projects/CSE_BME_AXM788/home/soumya/DEV/ANTs/build/ITKv4-build/CMakeFiles/CMakeTmp/CMakeFiles 1
Building C object CMakeFiles/cmTryCompileExec1026948059.dir/CheckSymbolExists.c.o
/usr/bin/cc   -Wno-uninitialized -Wno-unused-parameter -Wall -Wcast-align -Wdisabled-optimization -Wextra -Wformat=2 -Winvalid-pch -Wno-format-nonliteral -Wpointer-arith -Wshadow -Wunused -Wwrite-strings -funit-at-a-time -Wno-strict-overflow -fPIC  -Wno-uninitialized -Wno-unused-parameter -Wall -Wno-long-double -Wcast-align -Wdisabled-optimization -Wextra -Wformat=2 -Winvalid-pch -Wno-format-nonliteral -Wpointer-arith -Wshadow -Wunused -Wwrite-strings -funit-at-a-time -Wno-strict-overflow      -o CMakeFiles/cmTryCompileExec1026948059.dir/CheckSymbolExists.c.o   -c /mnt/projects/CSE_BME_AXM788/home/soumya/DEV/ANTs/build/ITKv4-build/CMakeFiles/CMakeTmp/CheckSymbolExists.c
Linking C executable cmTryCompileExec1026948059
/usr/local/cmake/2.8.10.2/bin/cmake -E cmake_link_script CMakeFiles/cmTryCompileExec1026948059.dir/link.txt --verbose=1
/usr/bin/cc     -Wno-uninitialized -Wno-unused-parameter -Wall -Wcast-align -Wdisabled-optimization -Wextra -Wformat=2 -Winvalid-pch -Wno-format-nonliteral -Wpointer-arith -Wshadow -Wunused -Wwrite-strings -funit-at-a-time -Wno-strict-overflow -fPIC  -Wno-uninitialized -Wno-unused-parameter -Wall -Wno-long-double -Wcast-align -Wdisabled-optimization -Wextra -Wformat=2 -Winvalid-pch -Wno-format-nonliteral -Wpointer-arith -Wshadow -Wunused -Wwrite-strings -funit-at-a-time -Wno-strict-overflow       CMakeFiles/cmTryCompileExec1026948059.dir/CheckSymbolExists.c.o  -o cmTryCompileExec1026948059 -rdynamic 
CMakeFiles/cmTryCompileExec1026948059.dir/CheckSymbolExists.c.o: In function `main':
CheckSymbolExists.c:(.text+0xe): undefined reference to `pthread_create'
collect2: ld returned 1 exit status
gmake[4]: *** [cmTryCompileExec1026948059] Error 1
gmake[4]: Leaving directory `/mnt/projects/CSE_BME_AXM788/home/soumya/DEV/ANTs/build/ITKv4-build/CMakeFiles/CMakeTmp'
gmake[3]: *** [cmTryCompileExec1026948059/fast] Error 2
gmake[3]: Leaving directory `/mnt/projects/CSE_BME_AXM788/home/soumya/DEV/ANTs/build/ITKv4-build/CMakeFiles/CMakeTmp'

File /mnt/projects/CSE_BME_AXM788/home/soumya/DEV/ANTs/build/ITKv4-build/CMakeFiles/CMakeTmp/CheckSymbolExists.c:
/* */
#include <pthread.h>

int main(int argc, char** argv)
{
  (void)argv;
#ifndef pthread_create
  return ((int*)(&pthread_create))[argc];
#else
  (void)argc;
  return 0;
#endif
}

Determining if the function pthread_create exists in the pthreads failed with the following output:
Change Dir: /mnt/projects/CSE_BME_AXM788/home/soumya/DEV/ANTs/build/ITKv4-build/CMakeFiles/CMakeTmp

Run Build Command:/usr/bin/gmake "cmTryCompileExec3935311780/fast"
gmake[3]: Entering directory `/mnt/projects/CSE_BME_AXM788/home/soumya/DEV/ANTs/build/ITKv4-build/CMakeFiles/CMakeTmp'
/usr/bin/gmake -f CMakeFiles/cmTryCompileExec3935311780.dir/build.make CMakeFiles/cmTryCompileExec3935311780.dir/build
gmake[4]: Entering directory `/mnt/projects/CSE_BME_AXM788/home/soumya/DEV/ANTs/build/ITKv4-build/CMakeFiles/CMakeTmp'
/usr/local/cmake/2.8.10.2/bin/cmake -E cmake_progress_report /mnt/projects/CSE_BME_AXM788/home/soumya/DEV/ANTs/build/ITKv4-build/CMakeFiles/CMakeTmp/CMakeFiles 1
Building C object CMakeFiles/cmTryCompileExec3935311780.dir/CheckFunctionExists.c.o
/usr/bin/cc   -Wno-uninitialized -Wno-unused-parameter -Wall -Wcast-align -Wdisabled-optimization -Wextra -Wformat=2 -Winvalid-pch -Wno-format-nonliteral -Wpointer-arith -Wshadow -Wunused -Wwrite-strings -funit-at-a-time -Wno-strict-overflow -fPIC  -Wno-uninitialized -Wno-unused-parameter -Wall -Wno-long-double -Wcast-align -Wdisabled-optimization -Wextra -Wformat=2 -Winvalid-pch -Wno-format-nonliteral -Wpointer-arith -Wshadow -Wunused -Wwrite-strings -funit-at-a-time -Wno-strict-overflow   -DCHECK_FUNCTION_EXISTS=pthread_create   -o CMakeFiles/cmTryCompileExec3935311780.dir/CheckFunctionExists.c.o   -c /usr/local/cmake/2.8.10.2/share/cmake-2.8/Modules/CheckFunctionExists.c
Linking C executable cmTryCompileExec3935311780
/usr/local/cmake/2.8.10.2/bin/cmake -E cmake_link_script CMakeFiles/cmTryCompileExec3935311780.dir/link.txt --verbose=1
/usr/bin/cc     -Wno-uninitialized -Wno-unused-parameter -Wall -Wcast-align -Wdisabled-optimization -Wextra -Wformat=2 -Winvalid-pch -Wno-format-nonliteral -Wpointer-arith -Wshadow -Wunused -Wwrite-strings -funit-at-a-time -Wno-strict-overflow -fPIC  -Wno-uninitialized -Wno-unused-parameter -Wall -Wno-long-double -Wcast-align -Wdisabled-optimization -Wextra -Wformat=2 -Winvalid-pch -Wno-format-nonliteral -Wpointer-arith -Wshadow -Wunused -Wwrite-strings -funit-at-a-time -Wno-strict-overflow   -DCHECK_FUNCTION_EXISTS=pthread_create    CMakeFiles/cmTryCompileExec3935311780.dir/CheckFunctionExists.c.o  -o cmTryCompileExec3935311780 -rdynamic -lpthreads 
/usr/bin/ld: cannot find -lpthreads
collect2: ld returned 1 exit status
gmake[4]: *** [cmTryCompileExec3935311780] Error 1
gmake[4]: Leaving directory `/mnt/projects/CSE_BME_AXM788/home/soumya/DEV/ANTs/build/ITKv4-build/CMakeFiles/CMakeTmp'
gmake[3]: Leaving directory `/mnt/projects/CSE_BME_AXM788/home/soumya/DEV/ANTs/build/ITKv4-build/CMakeFiles/CMakeTmp'
gmake[3]: *** [cmTryCompileExec3935311780/fast] Error 2


Determining if the include file type_traits exists failed with the following output:
Change Dir: /mnt/projects/CSE_BME_AXM788/home/soumya/DEV/ANTs/build/ITKv4-build/CMakeFiles/CMakeTmp

Run Build Command:/usr/bin/gmake "cmTryCompileExec3367346522/fast"
gmake[3]: Entering directory `/mnt/projects/CSE_BME_AXM788/home/soumya/DEV/ANTs/build/ITKv4-build/CMakeFiles/CMakeTmp'
/usr/bin/gmake -f CMakeFiles/cmTryCompileExec3367346522.dir/build.make CMakeFiles/cmTryCompileExec3367346522.dir/build
gmake[4]: Entering directory `/mnt/projects/CSE_BME_AXM788/home/soumya/DEV/ANTs/build/ITKv4-build/CMakeFiles/CMakeTmp'
/usr/local/cmake/2.8.10.2/bin/cmake -E cmake_progress_report /mnt/projects/CSE_BME_AXM788/home/soumya/DEV/ANTs/build/ITKv4-build/CMakeFiles/CMakeTmp/CMakeFiles 1
Building CXX object CMakeFiles/cmTryCompileExec3367346522.dir/CheckIncludeFile.cxx.o
/usr/bin/c++    -Wall -Wcast-align -Wdisabled-optimization -Wextra -Wformat=2 -Winvalid-pch -Wno-format-nonliteral -Wpointer-arith -Wshadow -Wunused -Wwrite-strings -funit-at-a-time -Wno-strict-overflow -Wno-deprecated -Wno-invalid-offsetof -Woverloaded-virtual -Wstrict-null-sentinel -fPIC  -Wall -Wno-long-double -Wcast-align -Wdisabled-optimization -Wextra -Wformat=2 -Winvalid-pch -Wno-format-nonliteral -Wpointer-arith -Wshadow -Wunused -Wwrite-strings -funit-at-a-time -Wno-strict-overflow -Wno-deprecated -Wno-invalid-offsetof -Woverloaded-virtual -Wstrict-null-sentinel      -o CMakeFiles/cmTryCompileExec3367346522.dir/CheckIncludeFile.cxx.o -c /mnt/projects/CSE_BME_AXM788/home/soumya/DEV/ANTs/build/ITKv4-build/CMakeFiles/CMakeTmp/CheckIncludeFile.cxx
In file included from /usr/lib/gcc/x86_64-redhat-linux/4.4.7/../../../../include/c++/4.4.7/type_traits:35,
                 from /mnt/projects/CSE_BME_AXM788/home/soumya/DEV/ANTs/build/ITKv4-build/CMakeFiles/CMakeTmp/CheckIncludeFile.cxx:1:
/usr/lib/gcc/x86_64-redhat-linux/4.4.7/../../../../include/c++/4.4.7/c++0x_warning.h:31:2: error: #error This file requires compiler and library support for the upcoming ISO C++ standard, C++0x. This support is currently experimental, and must be enabled with the -std=c++0x or -std=gnu++0x compiler options.
cc1plus: warning: unrecognized command line option "-Wno-long-double"
gmake[4]: *** [CMakeFiles/cmTryCompileExec3367346522.dir/CheckIncludeFile.cxx.o] Error 1
gmake[4]: Leaving directory `/mnt/projects/CSE_BME_AXM788/home/soumya/DEV/ANTs/build/ITKv4-build/CMakeFiles/CMakeTmp'
gmake[3]: *** [cmTryCompileExec3367346522/fast] Error 2
gmake[3]: Leaving directory `/mnt/projects/CSE_BME_AXM788/home/soumya/DEV/ANTs/build/ITKv4-build/CMakeFiles/CMakeTmp'


Determining if files sys/time.h;winsock.h exist failed with the following output:
Change Dir: /mnt/projects/CSE_BME_AXM788/home/soumya/DEV/ANTs/build/ITKv4-build/CMakeFiles/CMakeTmp

Run Build Command:/usr/bin/gmake "cmTryCompileExec4276789125/fast"
gmake[3]: Entering directory `/mnt/projects/CSE_BME_AXM788/home/soumya/DEV/ANTs/build/ITKv4-build/CMakeFiles/CMakeTmp'
/usr/bin/gmake -f CMakeFiles/cmTryCompileExec4276789125.dir/build.make CMakeFiles/cmTryCompileExec4276789125.dir/build
gmake[4]: Entering directory `/mnt/projects/CSE_BME_AXM788/home/soumya/DEV/ANTs/build/ITKv4-build/CMakeFiles/CMakeTmp'
/usr/local/cmake/2.8.10.2/bin/cmake -E cmake_progress_report /mnt/projects/CSE_BME_AXM788/home/soumya/DEV/ANTs/build/ITKv4-build/CMakeFiles/CMakeTmp/CMakeFiles 1
Building C object CMakeFiles/cmTryCompileExec4276789125.dir/CheckIncludeFiles.c.o
/usr/bin/cc   -Wno-uninitialized -Wno-unused-parameter -Wall -Wcast-align -Wdisabled-optimization -Wextra -Wformat=2 -Winvalid-pch -Wno-format-nonliteral -Wpointer-arith -Wshadow -Wunused -Wwrite-strings -funit-at-a-time -Wno-strict-overflow -fPIC  -Wno-uninitialized -Wno-unused-parameter -Wall -Wno-long-double -Wcast-align -Wdisabled-optimization -Wextra -Wformat=2 -Winvalid-pch -Wno-format-nonliteral -Wpointer-arith -Wshadow -Wunused -Wwrite-strings -funit-at-a-time -Wno-strict-overflow  -w -fno-ipa-cp-clone     -o CMakeFiles/cmTryCompileExec4276789125.dir/CheckIncludeFiles.c.o   -c /mnt/projects/CSE_BME_AXM788/home/soumya/DEV/ANTs/build/ITKv4-build/CMakeFiles/CMakeTmp/CheckIncludeFiles.c
/mnt/projects/CSE_BME_AXM788/home/soumya/DEV/ANTs/build/ITKv4-build/CMakeFiles/CMakeTmp/CheckIncludeFiles.c:3:21: error: winsock.h: No such file or directory
gmake[4]: *** [CMakeFiles/cmTryCompileExec4276789125.dir/CheckIncludeFiles.c.o] Error 1
gmake[4]: Leaving directory `/mnt/projects/CSE_BME_AXM788/home/soumya/DEV/ANTs/build/ITKv4-build/CMakeFiles/CMakeTmp'
gmake[3]: *** [cmTryCompileExec4276789125/fast] Error 2
gmake[3]: Leaving directory `/mnt/projects/CSE_BME_AXM788/home/soumya/DEV/ANTs/build/ITKv4-build/CMakeFiles/CMakeTmp'

Source:
/* */
#include <sys/time.h>
#include <winsock.h>


int main(){return 0;}

Determining if the include file rpc.h exists failed with the following output:
Change Dir: /mnt/projects/CSE_BME_AXM788/home/soumya/DEV/ANTs/build/ITKv4-build/CMakeFiles/CMakeTmp

Run Build Command:/usr/bin/gmake "cmTryCompileExec216869441/fast"
gmake[3]: Entering directory `/mnt/projects/CSE_BME_AXM788/home/soumya/DEV/ANTs/build/ITKv4-build/CMakeFiles/CMakeTmp'
/usr/bin/gmake -f CMakeFiles/cmTryCompileExec216869441.dir/build.make CMakeFiles/cmTryCompileExec216869441.dir/build
gmake[4]: Entering directory `/mnt/projects/CSE_BME_AXM788/home/soumya/DEV/ANTs/build/ITKv4-build/CMakeFiles/CMakeTmp'
/usr/local/cmake/2.8.10.2/bin/cmake -E cmake_progress_report /mnt/projects/CSE_BME_AXM788/home/soumya/DEV/ANTs/build/ITKv4-build/CMakeFiles/CMakeTmp/CMakeFiles 1
Building C object CMakeFiles/cmTryCompileExec216869441.dir/CheckIncludeFile.c.o
/usr/bin/cc   -Wno-uninitialized -Wno-unused-parameter -Wall -Wcast-align -Wdisabled-optimization -Wextra -Wformat=2 -Winvalid-pch -Wno-format-nonliteral -Wpointer-arith -Wshadow -Wunused -Wwrite-strings -funit-at-a-time -Wno-strict-overflow -fPIC  -Wno-uninitialized -Wno-unused-parameter -Wall -Wno-long-double -Wcast-align -Wdisabled-optimization -Wextra -Wformat=2 -Winvalid-pch -Wno-format-nonliteral -Wpointer-arith -Wshadow -Wunused -Wwrite-strings -funit-at-a-time -Wno-strict-overflow  -w -fno-ipa-cp-clone     -o CMakeFiles/cmTryCompileExec216869441.dir/CheckIncludeFile.c.o   -c /mnt/projects/CSE_BME_AXM788/home/soumya/DEV/ANTs/build/ITKv4-build/CMakeFiles/CMakeTmp/CheckIncludeFile.c
/mnt/projects/CSE_BME_AXM788/home/soumya/DEV/ANTs/build/ITKv4-build/CMakeFiles/CMakeTmp/CheckIncludeFile.c:1:17: error: rpc.h: No such file or directory
gmake[4]: Leaving directory `/mnt/projects/CSE_BME_AXM788/home/soumya/DEV/ANTs/build/ITKv4-build/CMakeFiles/CMakeTmp'
gmake[4]: *** [CMakeFiles/cmTryCompileExec216869441.dir/CheckIncludeFile.c.o] Error 1
gmake[3]: *** [cmTryCompileExec216869441/fast] Error 2
gmake[3]: Leaving directory `/mnt/projects/CSE_BME_AXM788/home/soumya/DEV/ANTs/build/ITKv4-build/CMakeFiles/CMakeTmp'


Determining if the function _stricmp exists failed with the following output:
Change Dir: /mnt/projects/CSE_BME_AXM788/home/soumya/DEV/ANTs/build/ITKv4-build/CMakeFiles/CMakeTmp

Run Build Command:/usr/bin/gmake "cmTryCompileExec2133468742/fast"
gmake[3]: Entering directory `/mnt/projects/CSE_BME_AXM788/home/soumya/DEV/ANTs/build/ITKv4-build/CMakeFiles/CMakeTmp'
/usr/bin/gmake -f CMakeFiles/cmTryCompileExec2133468742.dir/build.make CMakeFiles/cmTryCompileExec2133468742.dir/build
gmake[4]: Entering directory `/mnt/projects/CSE_BME_AXM788/home/soumya/DEV/ANTs/build/ITKv4-build/CMakeFiles/CMakeTmp'
/usr/local/cmake/2.8.10.2/bin/cmake -E cmake_progress_report /mnt/projects/CSE_BME_AXM788/home/soumya/DEV/ANTs/build/ITKv4-build/CMakeFiles/CMakeTmp/CMakeFiles 1
Building C object CMakeFiles/cmTryCompileExec2133468742.dir/CheckFunctionExists.c.o
/usr/bin/cc   -Wno-uninitialized -Wno-unused-parameter -Wall -Wcast-align -Wdisabled-optimization -Wextra -Wformat=2 -Winvalid-pch -Wno-format-nonliteral -Wpointer-arith -Wshadow -Wunused -Wwrite-strings -funit-at-a-time -Wno-strict-overflow -fPIC  -Wno-uninitialized -Wno-unused-parameter -Wall -Wno-long-double -Wcast-align -Wdisabled-optimization -Wextra -Wformat=2 -Winvalid-pch -Wno-format-nonliteral -Wpointer-arith -Wshadow -Wunused -Wwrite-strings -funit-at-a-time -Wno-strict-overflow  -w -fno-ipa-cp-clone  -DCHECK_FUNCTION_EXISTS=_stricmp   -o CMakeFiles/cmTryCompileExec2133468742.dir/CheckFunctionExists.c.o   -c /usr/local/cmake/2.8.10.2/share/cmake-2.8/Modules/CheckFunctionExists.c
Linking C executable cmTryCompileExec2133468742
/usr/local/cmake/2.8.10.2/bin/cmake -E cmake_link_script CMakeFiles/cmTryCompileExec2133468742.dir/link.txt --verbose=1
/usr/bin/cc     -Wno-uninitialized -Wno-unused-parameter -Wall -Wcast-align -Wdisabled-optimization -Wextra -Wformat=2 -Winvalid-pch -Wno-format-nonliteral -Wpointer-arith -Wshadow -Wunused -Wwrite-strings -funit-at-a-time -Wno-strict-overflow -fPIC  -Wno-uninitialized -Wno-unused-parameter -Wall -Wno-long-double -Wcast-align -Wdisabled-optimization -Wextra -Wformat=2 -Winvalid-pch -Wno-format-nonliteral -Wpointer-arith -Wshadow -Wunused -Wwrite-strings -funit-at-a-time -Wno-strict-overflow  -w -fno-ipa-cp-clone  -DCHECK_FUNCTION_EXISTS=_stricmp    CMakeFiles/cmTryCompileExec2133468742.dir/CheckFunctionExists.c.o  -o cmTryCompileExec2133468742 -rdynamic 
CMakeFiles/cmTryCompileExec2133468742.dir/CheckFunctionExists.c.o: In function `main':
CheckFunctionExists.c:(.text+0x15): undefined reference to `_stricmp'
collect2: ld returned 1 exit status
gmake[4]: Leaving directory `/mnt/projects/CSE_BME_AXM788/home/soumya/DEV/ANTs/build/ITKv4-build/CMakeFiles/CMakeTmp'
gmake[4]: *** [cmTryCompileExec2133468742] Error 1
gmake[3]: *** [cmTryCompileExec2133468742/fast] Error 2
gmake[3]: Leaving directory `/mnt/projects/CSE_BME_AXM788/home/soumya/DEV/ANTs/build/ITKv4-build/CMakeFiles/CMakeTmp'


Determining if the function _strnicmp exists failed with the following output:
Change Dir: /mnt/projects/CSE_BME_AXM788/home/soumya/DEV/ANTs/build/ITKv4-build/CMakeFiles/CMakeTmp

Run Build Command:/usr/bin/gmake "cmTryCompileExec1085014574/fast"
gmake[3]: Entering directory `/mnt/projects/CSE_BME_AXM788/home/soumya/DEV/ANTs/build/ITKv4-build/CMakeFiles/CMakeTmp'
/usr/bin/gmake -f CMakeFiles/cmTryCompileExec1085014574.dir/build.make CMakeFiles/cmTryCompileExec1085014574.dir/build
gmake[4]: Entering directory `/mnt/projects/CSE_BME_AXM788/home/soumya/DEV/ANTs/build/ITKv4-build/CMakeFiles/CMakeTmp'
/usr/local/cmake/2.8.10.2/bin/cmake -E cmake_progress_report /mnt/projects/CSE_BME_AXM788/home/soumya/DEV/ANTs/build/ITKv4-build/CMakeFiles/CMakeTmp/CMakeFiles 1
Building C object CMakeFiles/cmTryCompileExec1085014574.dir/CheckFunctionExists.c.o
/usr/bin/cc   -Wno-uninitialized -Wno-unused-parameter -Wall -Wcast-align -Wdisabled-optimization -Wextra -Wformat=2 -Winvalid-pch -Wno-format-nonliteral -Wpointer-arith -Wshadow -Wunused -Wwrite-strings -funit-at-a-time -Wno-strict-overflow -fPIC  -Wno-uninitialized -Wno-unused-parameter -Wall -Wno-long-double -Wcast-align -Wdisabled-optimization -Wextra -Wformat=2 -Winvalid-pch -Wno-format-nonliteral -Wpointer-arith -Wshadow -Wunused -Wwrite-strings -funit-at-a-time -Wno-strict-overflow  -w -fno-ipa-cp-clone  -DCHECK_FUNCTION_EXISTS=_strnicmp   -o CMakeFiles/cmTryCompileExec1085014574.dir/CheckFunctionExists.c.o   -c /usr/local/cmake/2.8.10.2/share/cmake-2.8/Modules/CheckFunctionExists.c
Linking C executable cmTryCompileExec1085014574
/usr/local/cmake/2.8.10.2/bin/cmake -E cmake_link_script CMakeFiles/cmTryCompileExec1085014574.dir/link.txt --verbose=1
/usr/bin/cc     -Wno-uninitialized -Wno-unused-parameter -Wall -Wcast-align -Wdisabled-optimization -Wextra -Wformat=2 -Winvalid-pch -Wno-format-nonliteral -Wpointer-arith -Wshadow -Wunused -Wwrite-strings -funit-at-a-time -Wno-strict-overflow -fPIC  -Wno-uninitialized -Wno-unused-parameter -Wall -Wno-long-double -Wcast-align -Wdisabled-optimization -Wextra -Wformat=2 -Winvalid-pch -Wno-format-nonliteral -Wpointer-arith -Wshadow -Wunused -Wwrite-strings -funit-at-a-time -Wno-strict-overflow  -w -fno-ipa-cp-clone  -DCHECK_FUNCTION_EXISTS=_strnicmp    CMakeFiles/cmTryCompileExec1085014574.dir/CheckFunctionExists.c.o  -o cmTryCompileExec1085014574 -rdynamic 
CMakeFiles/cmTryCompileExec1085014574.dir/CheckFunctionExists.c.o: In function `main':
CheckFunctionExists.c:(.text+0x15): undefined reference to `_strnicmp'
collect2: ld returned 1 exit status
gmake[4]: *** [cmTryCompileExec1085014574] Error 1
gmake[4]: Leaving directory `/mnt/projects/CSE_BME_AXM788/home/soumya/DEV/ANTs/build/ITKv4-build/CMakeFiles/CMakeTmp'
gmake[3]: *** [cmTryCompileExec1085014574/fast] Error 2
gmake[3]: Leaving directory `/mnt/projects/CSE_BME_AXM788/home/soumya/DEV/ANTs/build/ITKv4-build/CMakeFiles/CMakeTmp'


Determining if the function _snprintf exists failed with the following output:
Change Dir: /mnt/projects/CSE_BME_AXM788/home/soumya/DEV/ANTs/build/ITKv4-build/CMakeFiles/CMakeTmp

Run Build Command:/usr/bin/gmake "cmTryCompileExec2245045158/fast"
gmake[3]: Entering directory `/mnt/projects/CSE_BME_AXM788/home/soumya/DEV/ANTs/build/ITKv4-build/CMakeFiles/CMakeTmp'
/usr/bin/gmake -f CMakeFiles/cmTryCompileExec2245045158.dir/build.make CMakeFiles/cmTryCompileExec2245045158.dir/build
gmake[4]: Entering directory `/mnt/projects/CSE_BME_AXM788/home/soumya/DEV/ANTs/build/ITKv4-build/CMakeFiles/CMakeTmp'
/usr/local/cmake/2.8.10.2/bin/cmake -E cmake_progress_report /mnt/projects/CSE_BME_AXM788/home/soumya/DEV/ANTs/build/ITKv4-build/CMakeFiles/CMakeTmp/CMakeFiles 1
Building C object CMakeFiles/cmTryCompileExec2245045158.dir/CheckFunctionExists.c.o
/usr/bin/cc   -Wno-uninitialized -Wno-unused-parameter -Wall -Wcast-align -Wdisabled-optimization -Wextra -Wformat=2 -Winvalid-pch -Wno-format-nonliteral -Wpointer-arith -Wshadow -Wunused -Wwrite-strings -funit-at-a-time -Wno-strict-overflow -fPIC  -Wno-uninitialized -Wno-unused-parameter -Wall -Wno-long-double -Wcast-align -Wdisabled-optimization -Wextra -Wformat=2 -Winvalid-pch -Wno-format-nonliteral -Wpointer-arith -Wshadow -Wunused -Wwrite-strings -funit-at-a-time -Wno-strict-overflow  -w -fno-ipa-cp-clone  -DCHECK_FUNCTION_EXISTS=_snprintf   -o CMakeFiles/cmTryCompileExec2245045158.dir/CheckFunctionExists.c.o   -c /usr/local/cmake/2.8.10.2/share/cmake-2.8/Modules/CheckFunctionExists.c
Linking C executable cmTryCompileExec2245045158
/usr/local/cmake/2.8.10.2/bin/cmake -E cmake_link_script CMakeFiles/cmTryCompileExec2245045158.dir/link.txt --verbose=1
/usr/bin/cc     -Wno-uninitialized -Wno-unused-parameter -Wall -Wcast-align -Wdisabled-optimization -Wextra -Wformat=2 -Winvalid-pch -Wno-format-nonliteral -Wpointer-arith -Wshadow -Wunused -Wwrite-strings -funit-at-a-time -Wno-strict-overflow -fPIC  -Wno-uninitialized -Wno-unused-parameter -Wall -Wno-long-double -Wcast-align -Wdisabled-optimization -Wextra -Wformat=2 -Winvalid-pch -Wno-format-nonliteral -Wpointer-arith -Wshadow -Wunused -Wwrite-strings -funit-at-a-time -Wno-strict-overflow  -w -fno-ipa-cp-clone  -DCHECK_FUNCTION_EXISTS=_snprintf    CMakeFiles/cmTryCompileExec2245045158.dir/CheckFunctionExists.c.o  -o cmTryCompileExec2245045158 -rdynamic 
CMakeFiles/cmTryCompileExec2245045158.dir/CheckFunctionExists.c.o: In function `main':
CheckFunctionExists.c:(.text+0x15): undefined reference to `_snprintf'
collect2: ld returned 1 exit status
gmake[4]: *** [cmTryCompileExec2245045158] Error 1
gmake[4]: Leaving directory `/mnt/projects/CSE_BME_AXM788/home/soumya/DEV/ANTs/build/ITKv4-build/CMakeFiles/CMakeTmp'
gmake[3]: *** [cmTryCompileExec2245045158/fast] Error 2
gmake[3]: Leaving directory `/mnt/projects/CSE_BME_AXM788/home/soumya/DEV/ANTs/build/ITKv4-build/CMakeFiles/CMakeTmp'


Performing C++ SOURCE FILE Test GDCM_HAVE_WCHAR_IFSTREAM failed with the following output:
Change Dir: /mnt/projects/CSE_BME_AXM788/home/soumya/DEV/ANTs/build/ITKv4-build/CMakeFiles/CMakeTmp

Run Build Command:/usr/bin/gmake "cmTryCompileExec3692220846/fast"
gmake[3]: Entering directory `/mnt/projects/CSE_BME_AXM788/home/soumya/DEV/ANTs/build/ITKv4-build/CMakeFiles/CMakeTmp'
/usr/bin/gmake -f CMakeFiles/cmTryCompileExec3692220846.dir/build.make CMakeFiles/cmTryCompileExec3692220846.dir/build
gmake[4]: Entering directory `/mnt/projects/CSE_BME_AXM788/home/soumya/DEV/ANTs/build/ITKv4-build/CMakeFiles/CMakeTmp'
/usr/local/cmake/2.8.10.2/bin/cmake -E cmake_progress_report /mnt/projects/CSE_BME_AXM788/home/soumya/DEV/ANTs/build/ITKv4-build/CMakeFiles/CMakeTmp/CMakeFiles 1
Building CXX object CMakeFiles/cmTryCompileExec3692220846.dir/src.cxx.o
/usr/bin/c++    -Wall -Wcast-align -Wdisabled-optimization -Wextra -Wformat=2 -Winvalid-pch -Wno-format-nonliteral -Wpointer-arith -Wshadow -Wunused -Wwrite-strings -funit-at-a-time -Wno-strict-overflow -Wno-deprecated -Wno-invalid-offsetof -Woverloaded-virtual -Wstrict-null-sentinel -fPIC  -Wall -Wno-long-double -Wcast-align -Wdisabled-optimization -Wextra -Wformat=2 -Winvalid-pch -Wno-format-nonliteral -Wpointer-arith -Wshadow -Wunused -Wwrite-strings -funit-at-a-time -Wno-strict-overflow -Wno-deprecated -Wno-invalid-offsetof -Woverloaded-virtual -Wstrict-null-sentinel  -w -fno-ipa-cp-clone  -DGDCM_HAVE_WCHAR_IFSTREAM   -o CMakeFiles/cmTryCompileExec3692220846.dir/src.cxx.o -c /mnt/projects/CSE_BME_AXM788/home/soumya/DEV/ANTs/build/ITKv4-build/CMakeFiles/CMakeTmp/src.cxx
/mnt/projects/CSE_BME_AXM788/home/soumya/DEV/ANTs/build/ITKv4-build/CMakeFiles/CMakeTmp/src.cxx: In function ‘int main()’:
/mnt/projects/CSE_BME_AXM788/home/soumya/DEV/ANTs/build/ITKv4-build/CMakeFiles/CMakeTmp/src.cxx:2: error: no matching function for call to ‘std::basic_ifstream<char, std::char_traits<char> >::basic_ifstream(const wchar_t [10])’
/usr/lib/gcc/x86_64-redhat-linux/4.4.7/../../../../include/c++/4.4.7/fstream:454: note: candidates are: std::basic_ifstream<_CharT, _Traits>::basic_ifstream(const char*, std::ios_base::openmode) [with _CharT = char, _Traits = std::char_traits<char>]
/usr/lib/gcc/x86_64-redhat-linux/4.4.7/../../../../include/c++/4.4.7/fstream:440: note:                 std::basic_ifstream<_CharT, _Traits>::basic_ifstream() [with _CharT = char, _Traits = std::char_traits<char>]
/usr/lib/gcc/x86_64-redhat-linux/4.4.7/../../../../include/c++/4.4.7/iosfwd:81: note:                 std::basic_ifstream<char, std::char_traits<char> >::basic_ifstream(const std::basic_ifstream<char, std::char_traits<char> >&)
gmake[4]: *** [CMakeFiles/cmTryCompileExec3692220846.dir/src.cxx.o] Error 1
gmake[4]: Leaving directory `/mnt/projects/CSE_BME_AXM788/home/soumya/DEV/ANTs/build/ITKv4-build/CMakeFiles/CMakeTmp'
gmake[3]: *** [cmTryCompileExec3692220846/fast] Error 2
gmake[3]: Leaving directory `/mnt/projects/CSE_BME_AXM788/home/soumya/DEV/ANTs/build/ITKv4-build/CMakeFiles/CMakeTmp'

Source file was:
#include <fstream>
int main() { const wchar_t fn[10] = {}; std::ifstream is( fn ); return 0;}
Determining if files stdlib.h;unistd.h;inttypes.h;sys/ioctl.h;sys/time.h;sys/file.h;sys/socket.h;sys/sockio.h exist failed with the following output:
Change Dir: /mnt/projects/CSE_BME_AXM788/home/soumya/DEV/ANTs/build/ITKv4-build/CMakeFiles/CMakeTmp

Run Build Command:/usr/bin/gmake "cmTryCompileExec339120723/fast"
gmake[3]: Entering directory `/mnt/projects/CSE_BME_AXM788/home/soumya/DEV/ANTs/build/ITKv4-build/CMakeFiles/CMakeTmp'
/usr/bin/gmake -f CMakeFiles/cmTryCompileExec339120723.dir/build.make CMakeFiles/cmTryCompileExec339120723.dir/build
gmake[4]: Entering directory `/mnt/projects/CSE_BME_AXM788/home/soumya/DEV/ANTs/build/ITKv4-build/CMakeFiles/CMakeTmp'
/usr/local/cmake/2.8.10.2/bin/cmake -E cmake_progress_report /mnt/projects/CSE_BME_AXM788/home/soumya/DEV/ANTs/build/ITKv4-build/CMakeFiles/CMakeTmp/CMakeFiles 1
Building C object CMakeFiles/cmTryCompileExec339120723.dir/CheckIncludeFiles.c.o
/usr/bin/cc   -Wno-uninitialized -Wno-unused-parameter -Wall -Wcast-align -Wdisabled-optimization -Wextra -Wformat=2 -Winvalid-pch -Wno-format-nonliteral -Wpointer-arith -Wshadow -Wunused -Wwrite-strings -funit-at-a-time -Wno-strict-overflow -fPIC  -Wno-uninitialized -Wno-unused-parameter -Wall -Wno-long-double -Wcast-align -Wdisabled-optimization -Wextra -Wformat=2 -Winvalid-pch -Wno-format-nonliteral -Wpointer-arith -Wshadow -Wunused -Wwrite-strings -funit-at-a-time -Wno-strict-overflow  -w -fno-ipa-cp-clone     -o CMakeFiles/cmTryCompileExec339120723.dir/CheckIncludeFiles.c.o   -c /mnt/projects/CSE_BME_AXM788/home/soumya/DEV/ANTs/build/ITKv4-build/CMakeFiles/CMakeTmp/CheckIncludeFiles.c
/mnt/projects/CSE_BME_AXM788/home/soumya/DEV/ANTs/build/ITKv4-build/CMakeFiles/CMakeTmp/CheckIncludeFiles.c:9:24: error: sys/sockio.h: No such file or directory
gmake[4]: *** [CMakeFiles/cmTryCompileExec339120723.dir/CheckIncludeFiles.c.o] Error 1
gmake[4]: Leaving directory `/mnt/projects/CSE_BME_AXM788/home/soumya/DEV/ANTs/build/ITKv4-build/CMakeFiles/CMakeTmp'
gmake[3]: *** [cmTryCompileExec339120723/fast] Error 2
gmake[3]: Leaving directory `/mnt/projects/CSE_BME_AXM788/home/soumya/DEV/ANTs/build/ITKv4-build/CMakeFiles/CMakeTmp'

Source:
/* */
#include <stdlib.h>
#include <unistd.h>
#include <inttypes.h>
#include <sys/ioctl.h>
#include <sys/time.h>
#include <sys/file.h>
#include <sys/socket.h>
#include <sys/sockio.h>


int main(){return 0;}

Determining if files stdlib.h;unistd.h;inttypes.h;sys/ioctl.h;sys/time.h;sys/file.h;sys/socket.h;net/if.h;netinet/in.h;net/if_dl.h exist failed with the following output:
Change Dir: /mnt/projects/CSE_BME_AXM788/home/soumya/DEV/ANTs/build/ITKv4-build/CMakeFiles/CMakeTmp

Run Build Command:/usr/bin/gmake "cmTryCompileExec4144805760/fast"
gmake[3]: Entering directory `/mnt/projects/CSE_BME_AXM788/home/soumya/DEV/ANTs/build/ITKv4-build/CMakeFiles/CMakeTmp'
/usr/bin/gmake -f CMakeFiles/cmTryCompileExec4144805760.dir/build.make CMakeFiles/cmTryCompileExec4144805760.dir/build
gmake[4]: Entering directory `/mnt/projects/CSE_BME_AXM788/home/soumya/DEV/ANTs/build/ITKv4-build/CMakeFiles/CMakeTmp'
/usr/local/cmake/2.8.10.2/bin/cmake -E cmake_progress_report /mnt/projects/CSE_BME_AXM788/home/soumya/DEV/ANTs/build/ITKv4-build/CMakeFiles/CMakeTmp/CMakeFiles 1
Building C object CMakeFiles/cmTryCompileExec4144805760.dir/CheckIncludeFiles.c.o
/usr/bin/cc   -Wno-uninitialized -Wno-unused-parameter -Wall -Wcast-align -Wdisabled-optimization -Wextra -Wformat=2 -Winvalid-pch -Wno-format-nonliteral -Wpointer-arith -Wshadow -Wunused -Wwrite-strings -funit-at-a-time -Wno-strict-overflow -fPIC  -Wno-uninitialized -Wno-unused-parameter -Wall -Wno-long-double -Wcast-align -Wdisabled-optimization -Wextra -Wformat=2 -Winvalid-pch -Wno-format-nonliteral -Wpointer-arith -Wshadow -Wunused -Wwrite-strings -funit-at-a-time -Wno-strict-overflow  -w -fno-ipa-cp-clone     -o CMakeFiles/cmTryCompileExec4144805760.dir/CheckIncludeFiles.c.o   -c /mnt/projects/CSE_BME_AXM788/home/soumya/DEV/ANTs/build/ITKv4-build/CMakeFiles/CMakeTmp/CheckIncludeFiles.c
/mnt/projects/CSE_BME_AXM788/home/soumya/DEV/ANTs/build/ITKv4-build/CMakeFiles/CMakeTmp/CheckIncludeFiles.c:11:23: error: net/if_dl.h: No such file or directory
gmake[4]: *** [CMakeFiles/cmTryCompileExec4144805760.dir/CheckIncludeFiles.c.o] Error 1
gmake[4]: Leaving directory `/mnt/projects/CSE_BME_AXM788/home/soumya/DEV/ANTs/build/ITKv4-build/CMakeFiles/CMakeTmp'
gmake[3]: *** [cmTryCompileExec4144805760/fast] Error 2
gmake[3]: Leaving directory `/mnt/projects/CSE_BME_AXM788/home/soumya/DEV/ANTs/build/ITKv4-build/CMakeFiles/CMakeTmp'

Source:
/* */
#include <stdlib.h>
#include <unistd.h>
#include <inttypes.h>
#include <sys/ioctl.h>
#include <sys/time.h>
#include <sys/file.h>
#include <sys/socket.h>
#include <net/if.h>
#include <netinet/in.h>
#include <net/if_dl.h>


int main(){return 0;}

Determining if the function WSAStartup exists in the ws2_32;m failed with the following output:
Change Dir: /mnt/projects/CSE_BME_AXM788/home/soumya/DEV/ANTs/build/ITKv4-build/CMakeFiles/CMakeTmp

Run Build Command:/usr/bin/gmake "cmTryCompileExec1206521767/fast"
gmake[3]: Entering directory `/mnt/projects/CSE_BME_AXM788/home/soumya/DEV/ANTs/build/ITKv4-build/CMakeFiles/CMakeTmp'
/usr/bin/gmake -f CMakeFiles/cmTryCompileExec1206521767.dir/build.make CMakeFiles/cmTryCompileExec1206521767.dir/build
gmake[4]: Entering directory `/mnt/projects/CSE_BME_AXM788/home/soumya/DEV/ANTs/build/ITKv4-build/CMakeFiles/CMakeTmp'
/usr/local/cmake/2.8.10.2/bin/cmake -E cmake_progress_report /mnt/projects/CSE_BME_AXM788/home/soumya/DEV/ANTs/build/ITKv4-build/CMakeFiles/CMakeTmp/CMakeFiles 1
Building C object CMakeFiles/cmTryCompileExec1206521767.dir/CheckFunctionExists.c.o
/usr/bin/cc   -Wno-uninitialized -Wno-unused-parameter -Wall -Wcast-align -Wdisabled-optimization -Wextra -Wformat=2 -Winvalid-pch -Wno-format-nonliteral -Wpointer-arith -Wshadow -Wunused -Wwrite-strings -funit-at-a-time -Wno-strict-overflow -fPIC  -Wno-uninitialized -Wno-unused-parameter -Wall -Wno-long-double -Wcast-align -Wdisabled-optimization -Wextra -Wformat=2 -Winvalid-pch -Wno-format-nonliteral -Wpointer-arith -Wshadow -Wunused -Wwrite-strings -funit-at-a-time -Wno-strict-overflow  -w  -DCHECK_FUNCTION_EXISTS=WSAStartup   -o CMakeFiles/cmTryCompileExec1206521767.dir/CheckFunctionExists.c.o   -c /usr/local/cmake/2.8.10.2/share/cmake-2.8/Modules/CheckFunctionExists.c
Linking C executable cmTryCompileExec1206521767
/usr/local/cmake/2.8.10.2/bin/cmake -E cmake_link_script CMakeFiles/cmTryCompileExec1206521767.dir/link.txt --verbose=1
/usr/bin/cc     -Wno-uninitialized -Wno-unused-parameter -Wall -Wcast-align -Wdisabled-optimization -Wextra -Wformat=2 -Winvalid-pch -Wno-format-nonliteral -Wpointer-arith -Wshadow -Wunused -Wwrite-strings -funit-at-a-time -Wno-strict-overflow -fPIC  -Wno-uninitialized -Wno-unused-parameter -Wall -Wno-long-double -Wcast-align -Wdisabled-optimization -Wextra -Wformat=2 -Winvalid-pch -Wno-format-nonliteral -Wpointer-arith -Wshadow -Wunused -Wwrite-strings -funit-at-a-time -Wno-strict-overflow  -w  -DCHECK_FUNCTION_EXISTS=WSAStartup    CMakeFiles/cmTryCompileExec1206521767.dir/CheckFunctionExists.c.o  -o cmTryCompileExec1206521767 -rdynamic -lws2_32 -lm 
/usr/bin/ld: cannot find -lws2_32
collect2: ld returned 1 exit status
gmake[4]: *** [cmTryCompileExec1206521767] Error 1
gmake[4]: Leaving directory `/mnt/projects/CSE_BME_AXM788/home/soumya/DEV/ANTs/build/ITKv4-build/CMakeFiles/CMakeTmp'
gmake[3]: *** [cmTryCompileExec1206521767/fast] Error 2
gmake[3]: Leaving directory `/mnt/projects/CSE_BME_AXM788/home/soumya/DEV/ANTs/build/ITKv4-build/CMakeFiles/CMakeTmp'


Determining if the function gethostbyname exists in the wsock32;m failed with the following output:
Change Dir: /mnt/projects/CSE_BME_AXM788/home/soumya/DEV/ANTs/build/ITKv4-build/CMakeFiles/CMakeTmp

Run Build Command:/usr/bin/gmake "cmTryCompileExec3749304094/fast"
gmake[3]: Entering directory `/mnt/projects/CSE_BME_AXM788/home/soumya/DEV/ANTs/build/ITKv4-build/CMakeFiles/CMakeTmp'
/usr/bin/gmake -f CMakeFiles/cmTryCompileExec3749304094.dir/build.make CMakeFiles/cmTryCompileExec3749304094.dir/build
gmake[4]: Entering directory `/mnt/projects/CSE_BME_AXM788/home/soumya/DEV/ANTs/build/ITKv4-build/CMakeFiles/CMakeTmp'
/usr/local/cmake/2.8.10.2/bin/cmake -E cmake_progress_report /mnt/projects/CSE_BME_AXM788/home/soumya/DEV/ANTs/build/ITKv4-build/CMakeFiles/CMakeTmp/CMakeFiles 1
Building C object CMakeFiles/cmTryCompileExec3749304094.dir/CheckFunctionExists.c.o
/usr/bin/cc   -Wno-uninitialized -Wno-unused-parameter -Wall -Wcast-align -Wdisabled-optimization -Wextra -Wformat=2 -Winvalid-pch -Wno-format-nonliteral -Wpointer-arith -Wshadow -Wunused -Wwrite-strings -funit-at-a-time -Wno-strict-overflow -fPIC  -Wno-uninitialized -Wno-unused-parameter -Wall -Wno-long-double -Wcast-align -Wdisabled-optimization -Wextra -Wformat=2 -Winvalid-pch -Wno-format-nonliteral -Wpointer-arith -Wshadow -Wunused -Wwrite-strings -funit-at-a-time -Wno-strict-overflow  -w  -DCHECK_FUNCTION_EXISTS=gethostbyname   -o CMakeFiles/cmTryCompileExec3749304094.dir/CheckFunctionExists.c.o   -c /usr/local/cmake/2.8.10.2/share/cmake-2.8/Modules/CheckFunctionExists.c
Linking C executable cmTryCompileExec3749304094
/usr/local/cmake/2.8.10.2/bin/cmake -E cmake_link_script CMakeFiles/cmTryCompileExec3749304094.dir/link.txt --verbose=1
/usr/bin/cc     -Wno-uninitialized -Wno-unused-parameter -Wall -Wcast-align -Wdisabled-optimization -Wextra -Wformat=2 -Winvalid-pch -Wno-format-nonliteral -Wpointer-arith -Wshadow -Wunused -Wwrite-strings -funit-at-a-time -Wno-strict-overflow -fPIC  -Wno-uninitialized -Wno-unused-parameter -Wall -Wno-long-double -Wcast-align -Wdisabled-optimization -Wextra -Wformat=2 -Winvalid-pch -Wno-format-nonliteral -Wpointer-arith -Wshadow -Wunused -Wwrite-strings -funit-at-a-time -Wno-strict-overflow  -w  -DCHECK_FUNCTION_EXISTS=gethostbyname    CMakeFiles/cmTryCompileExec3749304094.dir/CheckFunctionExists.c.o  -o cmTryCompileExec3749304094 -rdynamic -lwsock32 -lm 
/usr/bin/ld: cannot find -lwsock32
collect2: ld returned 1 exit status
gmake[4]: *** [cmTryCompileExec3749304094] Error 1
gmake[4]: Leaving directory `/mnt/projects/CSE_BME_AXM788/home/soumya/DEV/ANTs/build/ITKv4-build/CMakeFiles/CMakeTmp'
gmake[3]: *** [cmTryCompileExec3749304094/fast] Error 2
gmake[3]: Leaving directory `/mnt/projects/CSE_BME_AXM788/home/soumya/DEV/ANTs/build/ITKv4-build/CMakeFiles/CMakeTmp'


Determining if the function gethostname exists in the ucb;m failed with the following output:
Change Dir: /mnt/projects/CSE_BME_AXM788/home/soumya/DEV/ANTs/build/ITKv4-build/CMakeFiles/CMakeTmp

Run Build Command:/usr/bin/gmake "cmTryCompileExec4070831110/fast"
gmake[3]: Entering directory `/mnt/projects/CSE_BME_AXM788/home/soumya/DEV/ANTs/build/ITKv4-build/CMakeFiles/CMakeTmp'
/usr/bin/gmake -f CMakeFiles/cmTryCompileExec4070831110.dir/build.make CMakeFiles/cmTryCompileExec4070831110.dir/build
gmake[4]: Entering directory `/mnt/projects/CSE_BME_AXM788/home/soumya/DEV/ANTs/build/ITKv4-build/CMakeFiles/CMakeTmp'
/usr/local/cmake/2.8.10.2/bin/cmake -E cmake_progress_report /mnt/projects/CSE_BME_AXM788/home/soumya/DEV/ANTs/build/ITKv4-build/CMakeFiles/CMakeTmp/CMakeFiles 1
Building C object CMakeFiles/cmTryCompileExec4070831110.dir/CheckFunctionExists.c.o
/usr/bin/cc   -Wno-uninitialized -Wno-unused-parameter -Wall -Wcast-align -Wdisabled-optimization -Wextra -Wformat=2 -Winvalid-pch -Wno-format-nonliteral -Wpointer-arith -Wshadow -Wunused -Wwrite-strings -funit-at-a-time -Wno-strict-overflow -fPIC  -Wno-uninitialized -Wno-unused-parameter -Wall -Wno-long-double -Wcast-align -Wdisabled-optimization -Wextra -Wformat=2 -Winvalid-pch -Wno-format-nonliteral -Wpointer-arith -Wshadow -Wunused -Wwrite-strings -funit-at-a-time -Wno-strict-overflow  -w  -DCHECK_FUNCTION_EXISTS=gethostname   -o CMakeFiles/cmTryCompileExec4070831110.dir/CheckFunctionExists.c.o   -c /usr/local/cmake/2.8.10.2/share/cmake-2.8/Modules/CheckFunctionExists.c
Linking C executable cmTryCompileExec4070831110
/usr/local/cmake/2.8.10.2/bin/cmake -E cmake_link_script CMakeFiles/cmTryCompileExec4070831110.dir/link.txt --verbose=1
/usr/bin/cc     -Wno-uninitialized -Wno-unused-parameter -Wall -Wcast-align -Wdisabled-optimization -Wextra -Wformat=2 -Winvalid-pch -Wno-format-nonliteral -Wpointer-arith -Wshadow -Wunused -Wwrite-strings -funit-at-a-time -Wno-strict-overflow -fPIC  -Wno-uninitialized -Wno-unused-parameter -Wall -Wno-long-double -Wcast-align -Wdisabled-optimization -Wextra -Wformat=2 -Winvalid-pch -Wno-format-nonliteral -Wpointer-arith -Wshadow -Wunused -Wwrite-strings -funit-at-a-time -Wno-strict-overflow  -w  -DCHECK_FUNCTION_EXISTS=gethostname    CMakeFiles/cmTryCompileExec4070831110.dir/CheckFunctionExists.c.o  -o cmTryCompileExec4070831110 -rdynamic -lucb -lm 
/usr/bin/ld: cannot find -lucb
collect2: ld returned 1 exit status
gmake[4]: *** [cmTryCompileExec4070831110] Error 1
gmake[4]: Leaving directory `/mnt/projects/CSE_BME_AXM788/home/soumya/DEV/ANTs/build/ITKv4-build/CMakeFiles/CMakeTmp'
gmake[3]: Leaving directory `/mnt/projects/CSE_BME_AXM788/home/soumya/DEV/ANTs/build/ITKv4-build/CMakeFiles/CMakeTmp'
gmake[3]: *** [cmTryCompileExec4070831110/fast] Error 2


Determining if the function connect exists in the socket;m failed with the following output:
Change Dir: /mnt/projects/CSE_BME_AXM788/home/soumya/DEV/ANTs/build/ITKv4-build/CMakeFiles/CMakeTmp

Run Build Command:/usr/bin/gmake "cmTryCompileExec2013576598/fast"
gmake[3]: Entering directory `/mnt/projects/CSE_BME_AXM788/home/soumya/DEV/ANTs/build/ITKv4-build/CMakeFiles/CMakeTmp'
/usr/bin/gmake -f CMakeFiles/cmTryCompileExec2013576598.dir/build.make CMakeFiles/cmTryCompileExec2013576598.dir/build
gmake[4]: Entering directory `/mnt/projects/CSE_BME_AXM788/home/soumya/DEV/ANTs/build/ITKv4-build/CMakeFiles/CMakeTmp'
/usr/local/cmake/2.8.10.2/bin/cmake -E cmake_progress_report /mnt/projects/CSE_BME_AXM788/home/soumya/DEV/ANTs/build/ITKv4-build/CMakeFiles/CMakeTmp/CMakeFiles 1
Building C object CMakeFiles/cmTryCompileExec2013576598.dir/CheckFunctionExists.c.o
/usr/bin/cc   -Wno-uninitialized -Wno-unused-parameter -Wall -Wcast-align -Wdisabled-optimization -Wextra -Wformat=2 -Winvalid-pch -Wno-format-nonliteral -Wpointer-arith -Wshadow -Wunused -Wwrite-strings -funit-at-a-time -Wno-strict-overflow -fPIC  -Wno-uninitialized -Wno-unused-parameter -Wall -Wno-long-double -Wcast-align -Wdisabled-optimization -Wextra -Wformat=2 -Winvalid-pch -Wno-format-nonliteral -Wpointer-arith -Wshadow -Wunused -Wwrite-strings -funit-at-a-time -Wno-strict-overflow  -w  -DCHECK_FUNCTION_EXISTS=connect   -o CMakeFiles/cmTryCompileExec2013576598.dir/CheckFunctionExists.c.o   -c /usr/local/cmake/2.8.10.2/share/cmake-2.8/Modules/CheckFunctionExists.c
Linking C executable cmTryCompileExec2013576598
/usr/local/cmake/2.8.10.2/bin/cmake -E cmake_link_script CMakeFiles/cmTryCompileExec2013576598.dir/link.txt --verbose=1
/usr/bin/cc     -Wno-uninitialized -Wno-unused-parameter -Wall -Wcast-align -Wdisabled-optimization -Wextra -Wformat=2 -Winvalid-pch -Wno-format-nonliteral -Wpointer-arith -Wshadow -Wunused -Wwrite-strings -funit-at-a-time -Wno-strict-overflow -fPIC  -Wno-uninitialized -Wno-unused-parameter -Wall -Wno-long-double -Wcast-align -Wdisabled-optimization -Wextra -Wformat=2 -Winvalid-pch -Wno-format-nonliteral -Wpointer-arith -Wshadow -Wunused -Wwrite-strings -funit-at-a-time -Wno-strict-overflow  -w  -DCHECK_FUNCTION_EXISTS=connect    CMakeFiles/cmTryCompileExec2013576598.dir/CheckFunctionExists.c.o  -o cmTryCompileExec2013576598 -rdynamic -lsocket -lm 
/usr/bin/ld: cannot find -lsocket
collect2: ld returned 1 exit status
gmake[4]: *** [cmTryCompileExec2013576598] Error 1
gmake[4]: Leaving directory `/mnt/projects/CSE_BME_AXM788/home/soumya/DEV/ANTs/build/ITKv4-build/CMakeFiles/CMakeTmp'
gmake[3]: *** [cmTryCompileExec2013576598/fast] Error 2
gmake[3]: Leaving directory `/mnt/projects/CSE_BME_AXM788/home/soumya/DEV/ANTs/build/ITKv4-build/CMakeFiles/CMakeTmp'


Determining if files ;globus/common.h exist failed with the following output:
Change Dir: /mnt/projects/CSE_BME_AXM788/home/soumya/DEV/ANTs/build/ITKv4-build/CMakeFiles/CMakeTmp

Run Build Command:/usr/bin/gmake "cmTryCompileExec2580875817/fast"
gmake[3]: Entering directory `/mnt/projects/CSE_BME_AXM788/home/soumya/DEV/ANTs/build/ITKv4-build/CMakeFiles/CMakeTmp'
/usr/bin/gmake -f CMakeFiles/cmTryCompileExec2580875817.dir/build.make CMakeFiles/cmTryCompileExec2580875817.dir/build
gmake[4]: Entering directory `/mnt/projects/CSE_BME_AXM788/home/soumya/DEV/ANTs/build/ITKv4-build/CMakeFiles/CMakeTmp'
/usr/local/cmake/2.8.10.2/bin/cmake -E cmake_progress_report /mnt/projects/CSE_BME_AXM788/home/soumya/DEV/ANTs/build/ITKv4-build/CMakeFiles/CMakeTmp/CMakeFiles 1
Building C object CMakeFiles/cmTryCompileExec2580875817.dir/CheckIncludeFiles.c.o
/usr/bin/cc   -Wno-uninitialized -Wno-unused-parameter -Wall -Wcast-align -Wdisabled-optimization -Wextra -Wformat=2 -Winvalid-pch -Wno-format-nonliteral -Wpointer-arith -Wshadow -Wunused -Wwrite-strings -funit-at-a-time -Wno-strict-overflow -fPIC  -Wno-uninitialized -Wno-unused-parameter -Wall -Wno-long-double -Wcast-align -Wdisabled-optimization -Wextra -Wformat=2 -Winvalid-pch -Wno-format-nonliteral -Wpointer-arith -Wshadow -Wunused -Wwrite-strings -funit-at-a-time -Wno-strict-overflow  -w     -o CMakeFiles/cmTryCompileExec2580875817.dir/CheckIncludeFiles.c.o   -c /mnt/projects/CSE_BME_AXM788/home/soumya/DEV/ANTs/build/ITKv4-build/CMakeFiles/CMakeTmp/CheckIncludeFiles.c
/mnt/projects/CSE_BME_AXM788/home/soumya/DEV/ANTs/build/ITKv4-build/CMakeFiles/CMakeTmp/CheckIncludeFiles.c:2:27: error: globus/common.h: No such file or directory
gmake[4]: Leaving directory `/mnt/projects/CSE_BME_AXM788/home/soumya/DEV/ANTs/build/ITKv4-build/CMakeFiles/CMakeTmp'
gmake[4]: *** [CMakeFiles/cmTryCompileExec2580875817.dir/CheckIncludeFiles.c.o] Error 1
gmake[3]: Leaving directory `/mnt/projects/CSE_BME_AXM788/home/soumya/DEV/ANTs/build/ITKv4-build/CMakeFiles/CMakeTmp'
gmake[3]: *** [cmTryCompileExec2580875817/fast] Error 2

Source:
/* */
#include <globus/common.h>


int main(){return 0;}

Determining if files ;io.h exist failed with the following output:
Change Dir: /mnt/projects/CSE_BME_AXM788/home/soumya/DEV/ANTs/build/ITKv4-build/CMakeFiles/CMakeTmp

Run Build Command:/usr/bin/gmake "cmTryCompileExec1528777427/fast"
gmake[3]: Entering directory `/mnt/projects/CSE_BME_AXM788/home/soumya/DEV/ANTs/build/ITKv4-build/CMakeFiles/CMakeTmp'
/usr/bin/gmake -f CMakeFiles/cmTryCompileExec1528777427.dir/build.make CMakeFiles/cmTryCompileExec1528777427.dir/build
gmake[4]: Entering directory `/mnt/projects/CSE_BME_AXM788/home/soumya/DEV/ANTs/build/ITKv4-build/CMakeFiles/CMakeTmp'
/usr/local/cmake/2.8.10.2/bin/cmake -E cmake_progress_report /mnt/projects/CSE_BME_AXM788/home/soumya/DEV/ANTs/build/ITKv4-build/CMakeFiles/CMakeTmp/CMakeFiles 1
Building C object CMakeFiles/cmTryCompileExec1528777427.dir/CheckIncludeFiles.c.o
/usr/bin/cc   -Wno-uninitialized -Wno-unused-parameter -Wall -Wcast-align -Wdisabled-optimization -Wextra -Wformat=2 -Winvalid-pch -Wno-format-nonliteral -Wpointer-arith -Wshadow -Wunused -Wwrite-strings -funit-at-a-time -Wno-strict-overflow -fPIC  -Wno-uninitialized -Wno-unused-parameter -Wall -Wno-long-double -Wcast-align -Wdisabled-optimization -Wextra -Wformat=2 -Winvalid-pch -Wno-format-nonliteral -Wpointer-arith -Wshadow -Wunused -Wwrite-strings -funit-at-a-time -Wno-strict-overflow  -w     -o CMakeFiles/cmTryCompileExec1528777427.dir/CheckIncludeFiles.c.o   -c /mnt/projects/CSE_BME_AXM788/home/soumya/DEV/ANTs/build/ITKv4-build/CMakeFiles/CMakeTmp/CheckIncludeFiles.c
/mnt/projects/CSE_BME_AXM788/home/soumya/DEV/ANTs/build/ITKv4-build/CMakeFiles/CMakeTmp/CheckIncludeFiles.c:2:16: error: io.h: No such file or directory
gmake[4]: Leaving directory `/mnt/projects/CSE_BME_AXM788/home/soumya/DEV/ANTs/build/ITKv4-build/CMakeFiles/CMakeTmp'
gmake[4]: *** [CMakeFiles/cmTryCompileExec1528777427.dir/CheckIncludeFiles.c.o] Error 1
gmake[3]: *** [cmTryCompileExec1528777427/fast] Error 2
gmake[3]: Leaving directory `/mnt/projects/CSE_BME_AXM788/home/soumya/DEV/ANTs/build/ITKv4-build/CMakeFiles/CMakeTmp'

Source:
/* */
#include <io.h>


int main(){return 0;}

Determining if files ;mfhdf.h exist failed with the following output:
Change Dir: /mnt/projects/CSE_BME_AXM788/home/soumya/DEV/ANTs/build/ITKv4-build/CMakeFiles/CMakeTmp

Run Build Command:/usr/bin/gmake "cmTryCompileExec254182691/fast"
gmake[3]: Entering directory `/mnt/projects/CSE_BME_AXM788/home/soumya/DEV/ANTs/build/ITKv4-build/CMakeFiles/CMakeTmp'
/usr/bin/gmake -f CMakeFiles/cmTryCompileExec254182691.dir/build.make CMakeFiles/cmTryCompileExec254182691.dir/build
gmake[4]: Entering directory `/mnt/projects/CSE_BME_AXM788/home/soumya/DEV/ANTs/build/ITKv4-build/CMakeFiles/CMakeTmp'
/usr/local/cmake/2.8.10.2/bin/cmake -E cmake_progress_report /mnt/projects/CSE_BME_AXM788/home/soumya/DEV/ANTs/build/ITKv4-build/CMakeFiles/CMakeTmp/CMakeFiles 1
Building C object CMakeFiles/cmTryCompileExec254182691.dir/CheckIncludeFiles.c.o
/usr/bin/cc   -Wno-uninitialized -Wno-unused-parameter -Wall -Wcast-align -Wdisabled-optimization -Wextra -Wformat=2 -Winvalid-pch -Wno-format-nonliteral -Wpointer-arith -Wshadow -Wunused -Wwrite-strings -funit-at-a-time -Wno-strict-overflow -fPIC  -Wno-uninitialized -Wno-unused-parameter -Wall -Wno-long-double -Wcast-align -Wdisabled-optimization -Wextra -Wformat=2 -Winvalid-pch -Wno-format-nonliteral -Wpointer-arith -Wshadow -Wunused -Wwrite-strings -funit-at-a-time -Wno-strict-overflow  -w     -o CMakeFiles/cmTryCompileExec254182691.dir/CheckIncludeFiles.c.o   -c /mnt/projects/CSE_BME_AXM788/home/soumya/DEV/ANTs/build/ITKv4-build/CMakeFiles/CMakeTmp/CheckIncludeFiles.c
/mnt/projects/CSE_BME_AXM788/home/soumya/DEV/ANTs/build/ITKv4-build/CMakeFiles/CMakeTmp/CheckIncludeFiles.c:2:19: error: mfhdf.h: No such file or directory
gmake[4]: *** [CMakeFiles/cmTryCompileExec254182691.dir/CheckIncludeFiles.c.o] Error 1
gmake[4]: Leaving directory `/mnt/projects/CSE_BME_AXM788/home/soumya/DEV/ANTs/build/ITKv4-build/CMakeFiles/CMakeTmp'
gmake[3]: *** [cmTryCompileExec254182691/fast] Error 2
gmake[3]: Leaving directory `/mnt/projects/CSE_BME_AXM788/home/soumya/DEV/ANTs/build/ITKv4-build/CMakeFiles/CMakeTmp'

Source:
/* */
#include <mfhdf.h>


int main(){return 0;}

Determining if files ;pdb.h exist failed with the following output:
Change Dir: /mnt/projects/CSE_BME_AXM788/home/soumya/DEV/ANTs/build/ITKv4-build/CMakeFiles/CMakeTmp

Run Build Command:/usr/bin/gmake "cmTryCompileExec4064501856/fast"
gmake[3]: Entering directory `/mnt/projects/CSE_BME_AXM788/home/soumya/DEV/ANTs/build/ITKv4-build/CMakeFiles/CMakeTmp'
/usr/bin/gmake -f CMakeFiles/cmTryCompileExec4064501856.dir/build.make CMakeFiles/cmTryCompileExec4064501856.dir/build
gmake[4]: Entering directory `/mnt/projects/CSE_BME_AXM788/home/soumya/DEV/ANTs/build/ITKv4-build/CMakeFiles/CMakeTmp'
/usr/local/cmake/2.8.10.2/bin/cmake -E cmake_progress_report /mnt/projects/CSE_BME_AXM788/home/soumya/DEV/ANTs/build/ITKv4-build/CMakeFiles/CMakeTmp/CMakeFiles 1
Building C object CMakeFiles/cmTryCompileExec4064501856.dir/CheckIncludeFiles.c.o
/usr/bin/cc   -Wno-uninitialized -Wno-unused-parameter -Wall -Wcast-align -Wdisabled-optimization -Wextra -Wformat=2 -Winvalid-pch -Wno-format-nonliteral -Wpointer-arith -Wshadow -Wunused -Wwrite-strings -funit-at-a-time -Wno-strict-overflow -fPIC  -Wno-uninitialized -Wno-unused-parameter -Wall -Wno-long-double -Wcast-align -Wdisabled-optimization -Wextra -Wformat=2 -Winvalid-pch -Wno-format-nonliteral -Wpointer-arith -Wshadow -Wunused -Wwrite-strings -funit-at-a-time -Wno-strict-overflow  -w     -o CMakeFiles/cmTryCompileExec4064501856.dir/CheckIncludeFiles.c.o   -c /mnt/projects/CSE_BME_AXM788/home/soumya/DEV/ANTs/build/ITKv4-build/CMakeFiles/CMakeTmp/CheckIncludeFiles.c
/mnt/projects/CSE_BME_AXM788/home/soumya/DEV/ANTs/build/ITKv4-build/CMakeFiles/CMakeTmp/CheckIncludeFiles.c:2:17: error: pdb.h: No such file or directory
gmake[4]: *** [CMakeFiles/cmTryCompileExec4064501856.dir/CheckIncludeFiles.c.o] Error 1
gmake[4]: Leaving directory `/mnt/projects/CSE_BME_AXM788/home/soumya/DEV/ANTs/build/ITKv4-build/CMakeFiles/CMakeTmp'
gmake[3]: *** [cmTryCompileExec4064501856/fast] Error 2
gmake[3]: Leaving directory `/mnt/projects/CSE_BME_AXM788/home/soumya/DEV/ANTs/build/ITKv4-build/CMakeFiles/CMakeTmp'

Source:
/* */
#include <pdb.h>


int main(){return 0;}

Determining if files pthread.h;setjmp.h;srbclient.h exist failed with the following output:
Change Dir: /mnt/projects/CSE_BME_AXM788/home/soumya/DEV/ANTs/build/ITKv4-build/CMakeFiles/CMakeTmp

Run Build Command:/usr/bin/gmake "cmTryCompileExec2415675705/fast"
gmake[3]: Entering directory `/mnt/projects/CSE_BME_AXM788/home/soumya/DEV/ANTs/build/ITKv4-build/CMakeFiles/CMakeTmp'
/usr/bin/gmake -f CMakeFiles/cmTryCompileExec2415675705.dir/build.make CMakeFiles/cmTryCompileExec2415675705.dir/build
gmake[4]: Entering directory `/mnt/projects/CSE_BME_AXM788/home/soumya/DEV/ANTs/build/ITKv4-build/CMakeFiles/CMakeTmp'
/usr/local/cmake/2.8.10.2/bin/cmake -E cmake_progress_report /mnt/projects/CSE_BME_AXM788/home/soumya/DEV/ANTs/build/ITKv4-build/CMakeFiles/CMakeTmp/CMakeFiles 1
Building C object CMakeFiles/cmTryCompileExec2415675705.dir/CheckIncludeFiles.c.o
/usr/bin/cc   -Wno-uninitialized -Wno-unused-parameter -Wall -Wcast-align -Wdisabled-optimization -Wextra -Wformat=2 -Winvalid-pch -Wno-format-nonliteral -Wpointer-arith -Wshadow -Wunused -Wwrite-strings -funit-at-a-time -Wno-strict-overflow -fPIC  -Wno-uninitialized -Wno-unused-parameter -Wall -Wno-long-double -Wcast-align -Wdisabled-optimization -Wextra -Wformat=2 -Winvalid-pch -Wno-format-nonliteral -Wpointer-arith -Wshadow -Wunused -Wwrite-strings -funit-at-a-time -Wno-strict-overflow  -w     -o CMakeFiles/cmTryCompileExec2415675705.dir/CheckIncludeFiles.c.o   -c /mnt/projects/CSE_BME_AXM788/home/soumya/DEV/ANTs/build/ITKv4-build/CMakeFiles/CMakeTmp/CheckIncludeFiles.c
/mnt/projects/CSE_BME_AXM788/home/soumya/DEV/ANTs/build/ITKv4-build/CMakeFiles/CMakeTmp/CheckIncludeFiles.c:4:23: error: srbclient.h: No such file or directory
gmake[4]: *** [CMakeFiles/cmTryCompileExec2415675705.dir/CheckIncludeFiles.c.o] Error 1
gmake[4]: Leaving directory `/mnt/projects/CSE_BME_AXM788/home/soumya/DEV/ANTs/build/ITKv4-build/CMakeFiles/CMakeTmp'
gmake[3]: *** [cmTryCompileExec2415675705/fast] Error 2
gmake[3]: Leaving directory `/mnt/projects/CSE_BME_AXM788/home/soumya/DEV/ANTs/build/ITKv4-build/CMakeFiles/CMakeTmp'

Source:
/* */
#include <pthread.h>
#include <setjmp.h>
#include <srbclient.h>


int main(){return 0;}

Determining if files pthread.h;setjmp.h;stddef.h;stdint.h;string.h;strings.h;sys/ioctl.h;sys/proc.h exist failed with the following output:
Change Dir: /mnt/projects/CSE_BME_AXM788/home/soumya/DEV/ANTs/build/ITKv4-build/CMakeFiles/CMakeTmp

Run Build Command:/usr/bin/gmake "cmTryCompileExec4144705753/fast"
gmake[3]: Entering directory `/mnt/projects/CSE_BME_AXM788/home/soumya/DEV/ANTs/build/ITKv4-build/CMakeFiles/CMakeTmp'
/usr/bin/gmake -f CMakeFiles/cmTryCompileExec4144705753.dir/build.make CMakeFiles/cmTryCompileExec4144705753.dir/build
gmake[4]: Entering directory `/mnt/projects/CSE_BME_AXM788/home/soumya/DEV/ANTs/build/ITKv4-build/CMakeFiles/CMakeTmp'
/usr/local/cmake/2.8.10.2/bin/cmake -E cmake_progress_report /mnt/projects/CSE_BME_AXM788/home/soumya/DEV/ANTs/build/ITKv4-build/CMakeFiles/CMakeTmp/CMakeFiles 1
Building C object CMakeFiles/cmTryCompileExec4144705753.dir/CheckIncludeFiles.c.o
/usr/bin/cc   -Wno-uninitialized -Wno-unused-parameter -Wall -Wcast-align -Wdisabled-optimization -Wextra -Wformat=2 -Winvalid-pch -Wno-format-nonliteral -Wpointer-arith -Wshadow -Wunused -Wwrite-strings -funit-at-a-time -Wno-strict-overflow -fPIC  -Wno-uninitialized -Wno-unused-parameter -Wall -Wno-long-double -Wcast-align -Wdisabled-optimization -Wextra -Wformat=2 -Winvalid-pch -Wno-format-nonliteral -Wpointer-arith -Wshadow -Wunused -Wwrite-strings -funit-at-a-time -Wno-strict-overflow  -w     -o CMakeFiles/cmTryCompileExec4144705753.dir/CheckIncludeFiles.c.o   -c /mnt/projects/CSE_BME_AXM788/home/soumya/DEV/ANTs/build/ITKv4-build/CMakeFiles/CMakeTmp/CheckIncludeFiles.c
/mnt/projects/CSE_BME_AXM788/home/soumya/DEV/ANTs/build/ITKv4-build/CMakeFiles/CMakeTmp/CheckIncludeFiles.c:9:22: error: sys/proc.h: No such file or directory
gmake[4]: *** [CMakeFiles/cmTryCompileExec4144705753.dir/CheckIncludeFiles.c.o] Error 1
gmake[4]: Leaving directory `/mnt/projects/CSE_BME_AXM788/home/soumya/DEV/ANTs/build/ITKv4-build/CMakeFiles/CMakeTmp'
gmake[3]: *** [cmTryCompileExec4144705753/fast] Error 2
gmake[3]: Leaving directory `/mnt/projects/CSE_BME_AXM788/home/soumya/DEV/ANTs/build/ITKv4-build/CMakeFiles/CMakeTmp'

Source:
/* */
#include <pthread.h>
#include <setjmp.h>
#include <stddef.h>
#include <stdint.h>
#include <string.h>
#include <strings.h>
#include <sys/ioctl.h>
#include <sys/proc.h>


int main(){return 0;}

Determining if files pthread.h;setjmp.h;stddef.h;stdint.h;string.h;strings.h;sys/ioctl.h;sys/resource.h;sys/socket.h;sys/stat.h;sys/time.h;time.h;sys/timeb.h;sys/types.h;unistd.h;stdlib.h;memory.h;dlfcn.h;features.h;inttypes.h;netinet/in.h;winsock2.h exist failed with the following output:
Change Dir: /mnt/projects/CSE_BME_AXM788/home/soumya/DEV/ANTs/build/ITKv4-build/CMakeFiles/CMakeTmp

Run Build Command:/usr/bin/gmake "cmTryCompileExec677556854/fast"
gmake[3]: Entering directory `/mnt/projects/CSE_BME_AXM788/home/soumya/DEV/ANTs/build/ITKv4-build/CMakeFiles/CMakeTmp'
/usr/bin/gmake -f CMakeFiles/cmTryCompileExec677556854.dir/build.make CMakeFiles/cmTryCompileExec677556854.dir/build
gmake[4]: Entering directory `/mnt/projects/CSE_BME_AXM788/home/soumya/DEV/ANTs/build/ITKv4-build/CMakeFiles/CMakeTmp'
/usr/local/cmake/2.8.10.2/bin/cmake -E cmake_progress_report /mnt/projects/CSE_BME_AXM788/home/soumya/DEV/ANTs/build/ITKv4-build/CMakeFiles/CMakeTmp/CMakeFiles 1
Building C object CMakeFiles/cmTryCompileExec677556854.dir/CheckIncludeFiles.c.o
/usr/bin/cc   -Wno-uninitialized -Wno-unused-parameter -Wall -Wcast-align -Wdisabled-optimization -Wextra -Wformat=2 -Winvalid-pch -Wno-format-nonliteral -Wpointer-arith -Wshadow -Wunused -Wwrite-strings -funit-at-a-time -Wno-strict-overflow -fPIC  -Wno-uninitialized -Wno-unused-parameter -Wall -Wno-long-double -Wcast-align -Wdisabled-optimization -Wextra -Wformat=2 -Winvalid-pch -Wno-format-nonliteral -Wpointer-arith -Wshadow -Wunused -Wwrite-strings -funit-at-a-time -Wno-strict-overflow  -w     -o CMakeFiles/cmTryCompileExec677556854.dir/CheckIncludeFiles.c.o   -c /mnt/projects/CSE_BME_AXM788/home/soumya/DEV/ANTs/build/ITKv4-build/CMakeFiles/CMakeTmp/CheckIncludeFiles.c
/mnt/projects/CSE_BME_AXM788/home/soumya/DEV/ANTs/build/ITKv4-build/CMakeFiles/CMakeTmp/CheckIncludeFiles.c:23:22: error: winsock2.h: No such file or directory
gmake[4]: *** [CMakeFiles/cmTryCompileExec677556854.dir/CheckIncludeFiles.c.o] Error 1
gmake[4]: Leaving directory `/mnt/projects/CSE_BME_AXM788/home/soumya/DEV/ANTs/build/ITKv4-build/CMakeFiles/CMakeTmp'
gmake[3]: *** [cmTryCompileExec677556854/fast] Error 2
gmake[3]: Leaving directory `/mnt/projects/CSE_BME_AXM788/home/soumya/DEV/ANTs/build/ITKv4-build/CMakeFiles/CMakeTmp'

Source:
/* */
#include <pthread.h>
#include <setjmp.h>
#include <stddef.h>
#include <stdint.h>
#include <string.h>
#include <strings.h>
#include <sys/ioctl.h>
#include <sys/resource.h>
#include <sys/socket.h>
#include <sys/stat.h>
#include <sys/time.h>
#include <time.h>
#include <sys/timeb.h>
#include <sys/types.h>
#include <unistd.h>
#include <stdlib.h>
#include <memory.h>
#include <dlfcn.h>
#include <features.h>
#include <inttypes.h>
#include <netinet/in.h>
#include <winsock2.h>


int main(){return 0;}

Determining size of __int64 failed with the following output:
Change Dir: /mnt/projects/CSE_BME_AXM788/home/soumya/DEV/ANTs/build/ITKv4-build/CMakeFiles/CMakeTmp

Run Build Command:/usr/bin/gmake "cmTryCompileExec2014335836/fast"
gmake[3]: Entering directory `/mnt/projects/CSE_BME_AXM788/home/soumya/DEV/ANTs/build/ITKv4-build/CMakeFiles/CMakeTmp'
/usr/bin/gmake -f CMakeFiles/cmTryCompileExec2014335836.dir/build.make CMakeFiles/cmTryCompileExec2014335836.dir/build
gmake[4]: Entering directory `/mnt/projects/CSE_BME_AXM788/home/soumya/DEV/ANTs/build/ITKv4-build/CMakeFiles/CMakeTmp'
/usr/local/cmake/2.8.10.2/bin/cmake -E cmake_progress_report /mnt/projects/CSE_BME_AXM788/home/soumya/DEV/ANTs/build/ITKv4-build/CMakeFiles/CMakeTmp/CMakeFiles 1
Building C object CMakeFiles/cmTryCompileExec2014335836.dir/H5_SIZEOF___INT64.c.o
/usr/bin/cc  -D_BSD_SOURCE -D_FILE_OFFSET_BITS=64 -D_LARGEFILE64_SOURCE -D_LARGEFILE_SOURCE -D_POSIX_SOURCE -Wno-uninitialized -Wno-unused-parameter -Wall -Wcast-align -Wdisabled-optimization -Wextra -Wformat=2 -Winvalid-pch -Wno-format-nonliteral -Wpointer-arith -Wshadow -Wunused -Wwrite-strings -funit-at-a-time -Wno-strict-overflow -fPIC  -Wno-uninitialized -Wno-unused-parameter -Wall -Wno-long-double -Wcast-align -Wdisabled-optimization -Wextra -Wformat=2 -Winvalid-pch -Wno-format-nonliteral -Wpointer-arith -Wshadow -Wunused -Wwrite-strings -funit-at-a-time -Wno-strict-overflow  -w     -o CMakeFiles/cmTryCompileExec2014335836.dir/H5_SIZEOF___INT64.c.o   -c /mnt/projects/CSE_BME_AXM788/home/soumya/DEV/ANTs/build/ITKv4-build/CMakeFiles/CheckTypeSize/H5_SIZEOF___INT64.c
/mnt/projects/CSE_BME_AXM788/home/soumya/DEV/ANTs/build/ITKv4-build/CMakeFiles/CheckTypeSize/H5_SIZEOF___INT64.c:19: error: ‘__int64’ undeclared here (not in a function)
gmake[4]: *** [CMakeFiles/cmTryCompileExec2014335836.dir/H5_SIZEOF___INT64.c.o] Error 1
gmake[4]: Leaving directory `/mnt/projects/CSE_BME_AXM788/home/soumya/DEV/ANTs/build/ITKv4-build/CMakeFiles/CMakeTmp'
gmake[3]: Leaving directory `/mnt/projects/CSE_BME_AXM788/home/soumya/DEV/ANTs/build/ITKv4-build/CMakeFiles/CMakeTmp'
gmake[3]: *** [cmTryCompileExec2014335836/fast] Error 2

/mnt/projects/CSE_BME_AXM788/home/soumya/DEV/ANTs/build/ITKv4-build/CMakeFiles/CheckTypeSize/H5_SIZEOF___INT64.c:
#include <sys/types.h>
#include <stdint.h>
#include <stddef.h>


#undef KEY
#if defined(__i386)
# define KEY '_','_','i','3','8','6'
#elif defined(__x86_64)
# define KEY '_','_','x','8','6','_','6','4'
#elif defined(__ppc__)
# define KEY '_','_','p','p','c','_','_'
#elif defined(__ppc64__)
# define KEY '_','_','p','p','c','6','4','_','_'
#endif

#define SIZE (sizeof(__int64))
char info_size[] =  {'I', 'N', 'F', 'O', ':', 's','i','z','e','[',
  ('0' + ((SIZE / 10000)%10)),
  ('0' + ((SIZE / 1000)%10)),
  ('0' + ((SIZE / 100)%10)),
  ('0' + ((SIZE / 10)%10)),
  ('0' +  (SIZE    % 10)),
  ']',
#ifdef KEY
  ' ','k','e','y','[', KEY, ']',
#endif
  '\0'};

#ifdef __CLASSIC_C__
int main(argc, argv) int argc; char *argv[];
#else
int main(int argc, char *argv[])
#endif
{
  int require = 0;
  require += info_size[argc];
  (void)argv;
  return require;
}


Determining if the function setsysinfo exists failed with the following output:
Change Dir: /mnt/projects/CSE_BME_AXM788/home/soumya/DEV/ANTs/build/ITKv4-build/CMakeFiles/CMakeTmp

Run Build Command:/usr/bin/gmake "cmTryCompileExec2374529637/fast"
gmake[3]: Entering directory `/mnt/projects/CSE_BME_AXM788/home/soumya/DEV/ANTs/build/ITKv4-build/CMakeFiles/CMakeTmp'
/usr/bin/gmake -f CMakeFiles/cmTryCompileExec2374529637.dir/build.make CMakeFiles/cmTryCompileExec2374529637.dir/build
gmake[4]: Entering directory `/mnt/projects/CSE_BME_AXM788/home/soumya/DEV/ANTs/build/ITKv4-build/CMakeFiles/CMakeTmp'
/usr/local/cmake/2.8.10.2/bin/cmake -E cmake_progress_report /mnt/projects/CSE_BME_AXM788/home/soumya/DEV/ANTs/build/ITKv4-build/CMakeFiles/CMakeTmp/CMakeFiles 1
Building C object CMakeFiles/cmTryCompileExec2374529637.dir/CheckFunctionExists.c.o
/usr/bin/cc  -D_BSD_SOURCE -D_FILE_OFFSET_BITS=64 -D_LARGEFILE64_SOURCE -D_LARGEFILE_SOURCE -D_POSIX_SOURCE -Wno-uninitialized -Wno-unused-parameter -Wall -Wcast-align -Wdisabled-optimization -Wextra -Wformat=2 -Winvalid-pch -Wno-format-nonliteral -Wpointer-arith -Wshadow -Wunused -Wwrite-strings -funit-at-a-time -Wno-strict-overflow -fPIC  -Wno-uninitialized -Wno-unused-parameter -Wall -Wno-long-double -Wcast-align -Wdisabled-optimization -Wextra -Wformat=2 -Winvalid-pch -Wno-format-nonliteral -Wpointer-arith -Wshadow -Wunused -Wwrite-strings -funit-at-a-time -Wno-strict-overflow  -w  -DCHECK_FUNCTION_EXISTS=setsysinfo   -o CMakeFiles/cmTryCompileExec2374529637.dir/CheckFunctionExists.c.o   -c /usr/local/cmake/2.8.10.2/share/cmake-2.8/Modules/CheckFunctionExists.c
Linking C executable cmTryCompileExec2374529637
/usr/local/cmake/2.8.10.2/bin/cmake -E cmake_link_script CMakeFiles/cmTryCompileExec2374529637.dir/link.txt --verbose=1
/usr/bin/cc     -Wno-uninitialized -Wno-unused-parameter -Wall -Wcast-align -Wdisabled-optimization -Wextra -Wformat=2 -Winvalid-pch -Wno-format-nonliteral -Wpointer-arith -Wshadow -Wunused -Wwrite-strings -funit-at-a-time -Wno-strict-overflow -fPIC  -Wno-uninitialized -Wno-unused-parameter -Wall -Wno-long-double -Wcast-align -Wdisabled-optimization -Wextra -Wformat=2 -Winvalid-pch -Wno-format-nonliteral -Wpointer-arith -Wshadow -Wunused -Wwrite-strings -funit-at-a-time -Wno-strict-overflow  -w  -DCHECK_FUNCTION_EXISTS=setsysinfo    CMakeFiles/cmTryCompileExec2374529637.dir/CheckFunctionExists.c.o  -o cmTryCompileExec2374529637 -rdynamic -lm 
CMakeFiles/cmTryCompileExec2374529637.dir/CheckFunctionExists.c.o: In function `main':
CheckFunctionExists.c:(.text+0x15): undefined reference to `setsysinfo'
collect2: ld returned 1 exit status
gmake[4]: *** [cmTryCompileExec2374529637] Error 1
gmake[4]: Leaving directory `/mnt/projects/CSE_BME_AXM788/home/soumya/DEV/ANTs/build/ITKv4-build/CMakeFiles/CMakeTmp'
gmake[3]: *** [cmTryCompileExec2374529637/fast] Error 2
gmake[3]: Leaving directory `/mnt/projects/CSE_BME_AXM788/home/soumya/DEV/ANTs/build/ITKv4-build/CMakeFiles/CMakeTmp'


Determining if the function sigsetjmp exists failed with the following output:
Change Dir: /mnt/projects/CSE_BME_AXM788/home/soumya/DEV/ANTs/build/ITKv4-build/CMakeFiles/CMakeTmp

Run Build Command:/usr/bin/gmake "cmTryCompileExec3984720165/fast"
gmake[3]: Entering directory `/mnt/projects/CSE_BME_AXM788/home/soumya/DEV/ANTs/build/ITKv4-build/CMakeFiles/CMakeTmp'
/usr/bin/gmake -f CMakeFiles/cmTryCompileExec3984720165.dir/build.make CMakeFiles/cmTryCompileExec3984720165.dir/build
gmake[4]: Entering directory `/mnt/projects/CSE_BME_AXM788/home/soumya/DEV/ANTs/build/ITKv4-build/CMakeFiles/CMakeTmp'
/usr/local/cmake/2.8.10.2/bin/cmake -E cmake_progress_report /mnt/projects/CSE_BME_AXM788/home/soumya/DEV/ANTs/build/ITKv4-build/CMakeFiles/CMakeTmp/CMakeFiles 1
Building C object CMakeFiles/cmTryCompileExec3984720165.dir/CheckFunctionExists.c.o
/usr/bin/cc  -D_BSD_SOURCE -D_FILE_OFFSET_BITS=64 -D_LARGEFILE64_SOURCE -D_LARGEFILE_SOURCE -D_POSIX_SOURCE -Wno-uninitialized -Wno-unused-parameter -Wall -Wcast-align -Wdisabled-optimization -Wextra -Wformat=2 -Winvalid-pch -Wno-format-nonliteral -Wpointer-arith -Wshadow -Wunused -Wwrite-strings -funit-at-a-time -Wno-strict-overflow -fPIC  -Wno-uninitialized -Wno-unused-parameter -Wall -Wno-long-double -Wcast-align -Wdisabled-optimization -Wextra -Wformat=2 -Winvalid-pch -Wno-format-nonliteral -Wpointer-arith -Wshadow -Wunused -Wwrite-strings -funit-at-a-time -Wno-strict-overflow  -w  -DCHECK_FUNCTION_EXISTS=sigsetjmp   -o CMakeFiles/cmTryCompileExec3984720165.dir/CheckFunctionExists.c.o   -c /usr/local/cmake/2.8.10.2/share/cmake-2.8/Modules/CheckFunctionExists.c
Linking C executable cmTryCompileExec3984720165
/usr/local/cmake/2.8.10.2/bin/cmake -E cmake_link_script CMakeFiles/cmTryCompileExec3984720165.dir/link.txt --verbose=1
/usr/bin/cc     -Wno-uninitialized -Wno-unused-parameter -Wall -Wcast-align -Wdisabled-optimization -Wextra -Wformat=2 -Winvalid-pch -Wno-format-nonliteral -Wpointer-arith -Wshadow -Wunused -Wwrite-strings -funit-at-a-time -Wno-strict-overflow -fPIC  -Wno-uninitialized -Wno-unused-parameter -Wall -Wno-long-double -Wcast-align -Wdisabled-optimization -Wextra -Wformat=2 -Winvalid-pch -Wno-format-nonliteral -Wpointer-arith -Wshadow -Wunused -Wwrite-strings -funit-at-a-time -Wno-strict-overflow  -w  -DCHECK_FUNCTION_EXISTS=sigsetjmp    CMakeFiles/cmTryCompileExec3984720165.dir/CheckFunctionExists.c.o  -o cmTryCompileExec3984720165 -rdynamic -lm 
CMakeFiles/cmTryCompileExec3984720165.dir/CheckFunctionExists.c.o: In function `main':
CheckFunctionExists.c:(.text+0x15): undefined reference to `sigsetjmp'
collect2: ld returned 1 exit status
gmake[4]: *** [cmTryCompileExec3984720165] Error 1
gmake[4]: Leaving directory `/mnt/projects/CSE_BME_AXM788/home/soumya/DEV/ANTs/build/ITKv4-build/CMakeFiles/CMakeTmp'
gmake[3]: *** [cmTryCompileExec3984720165/fast] Error 2
gmake[3]: Leaving directory `/mnt/projects/CSE_BME_AXM788/home/soumya/DEV/ANTs/build/ITKv4-build/CMakeFiles/CMakeTmp'


Test H5_ULONG_TO_FP_BOTTOM_BIT_ACCURATE Run failed with the following output and exit code:
 Change Dir: /mnt/projects/CSE_BME_AXM788/home/soumya/DEV/ANTs/build/ITKv4-build/Modules/ThirdParty/HDF5/src/itkhdf5/CMake/CMakeFiles/CMakeTmp

Run Build Command:/usr/bin/gmake "cmTryCompileExec4117824610/fast"
gmake[3]: Entering directory `/mnt/projects/CSE_BME_AXM788/home/soumya/DEV/ANTs/build/ITKv4-build/Modules/ThirdParty/HDF5/src/itkhdf5/CMake/CMakeFiles/CMakeTmp'
/usr/bin/gmake -f CMakeFiles/cmTryCompileExec4117824610.dir/build.make CMakeFiles/cmTryCompileExec4117824610.dir/build
gmake[4]: Entering directory `/mnt/projects/CSE_BME_AXM788/home/soumya/DEV/ANTs/build/ITKv4-build/Modules/ThirdParty/HDF5/src/itkhdf5/CMake/CMakeFiles/CMakeTmp'
/usr/local/cmake/2.8.10.2/bin/cmake -E cmake_progress_report /mnt/projects/CSE_BME_AXM788/home/soumya/DEV/ANTs/build/ITKv4-build/Modules/ThirdParty/HDF5/src/itkhdf5/CMake/CMakeFiles/CMakeTmp/CMakeFiles 1
Building C object CMakeFiles/cmTryCompileExec4117824610.dir/ConversionTests.c.o
/usr/bin/cc   -Wno-uninitialized -Wno-unused-parameter -Wall -Wcast-align -Wdisabled-optimization -Wextra -Wformat=2 -Winvalid-pch -Wno-format-nonliteral -Wpointer-arith -Wshadow -Wunused -Wwrite-strings -funit-at-a-time -Wno-strict-overflow -fPIC  -Wno-uninitialized -Wno-unused-parameter -Wall -Wno-long-double -Wcast-align -Wdisabled-optimization -Wextra -Wformat=2 -Winvalid-pch -Wno-format-nonliteral -Wpointer-arith -Wshadow -Wunused -Wwrite-strings -funit-at-a-time -Wno-strict-overflow  -w  -DH5_ULONG_TO_FP_BOTTOM_BIT_ACCURATE_TEST   -o CMakeFiles/cmTryCompileExec4117824610.dir/ConversionTests.c.o   -c /mnt/projects/CSE_BME_AXM788/home/soumya/DEV/ANTs/build/ITKv4/Modules/ThirdParty/HDF5/src/itkhdf5/config/cmake/ConversionTests.c
Linking C executable cmTryCompileExec4117824610
/usr/local/cmake/2.8.10.2/bin/cmake -E cmake_link_script CMakeFiles/cmTryCompileExec4117824610.dir/link.txt --verbose=1
/usr/bin/cc     -Wno-uninitialized -Wno-unused-parameter -Wall -Wcast-align -Wdisabled-optimization -Wextra -Wformat=2 -Winvalid-pch -Wno-format-nonliteral -Wpointer-arith -Wshadow -Wunused -Wwrite-strings -funit-at-a-time -Wno-strict-overflow -fPIC  -Wno-uninitialized -Wno-unused-parameter -Wall -Wno-long-double -Wcast-align -Wdisabled-optimization -Wextra -Wformat=2 -Winvalid-pch -Wno-format-nonliteral -Wpointer-arith -Wshadow -Wunused -Wwrite-strings -funit-at-a-time -Wno-strict-overflow  -w  -DH5_ULONG_TO_FP_BOTTOM_BIT_ACCURATE_TEST    CMakeFiles/cmTryCompileExec4117824610.dir/ConversionTests.c.o  -o cmTryCompileExec4117824610 -rdynamic 
gmake[4]: Leaving directory `/mnt/projects/CSE_BME_AXM788/home/soumya/DEV/ANTs/build/ITKv4-build/Modules/ThirdParty/HDF5/src/itkhdf5/CMake/CMakeFiles/CMakeTmp'
gmake[3]: Leaving directory `/mnt/projects/CSE_BME_AXM788/home/soumya/DEV/ANTs/build/ITKv4-build/Modules/ThirdParty/HDF5/src/itkhdf5/CMake/CMakeFiles/CMakeTmp'

Test H5_FP_TO_ULLONG_RIGHT_MAXIMUM Run failed with the following output and exit code:
 Change Dir: /mnt/projects/CSE_BME_AXM788/home/soumya/DEV/ANTs/build/ITKv4-build/Modules/ThirdParty/HDF5/src/itkhdf5/CMake/CMakeFiles/CMakeTmp

Run Build Command:/usr/bin/gmake "cmTryCompileExec382797779/fast"
gmake[3]: Entering directory `/mnt/projects/CSE_BME_AXM788/home/soumya/DEV/ANTs/build/ITKv4-build/Modules/ThirdParty/HDF5/src/itkhdf5/CMake/CMakeFiles/CMakeTmp'
/usr/bin/gmake -f CMakeFiles/cmTryCompileExec382797779.dir/build.make CMakeFiles/cmTryCompileExec382797779.dir/build
gmake[4]: Entering directory `/mnt/projects/CSE_BME_AXM788/home/soumya/DEV/ANTs/build/ITKv4-build/Modules/ThirdParty/HDF5/src/itkhdf5/CMake/CMakeFiles/CMakeTmp'
/usr/local/cmake/2.8.10.2/bin/cmake -E cmake_progress_report /mnt/projects/CSE_BME_AXM788/home/soumya/DEV/ANTs/build/ITKv4-build/Modules/ThirdParty/HDF5/src/itkhdf5/CMake/CMakeFiles/CMakeTmp/CMakeFiles 1
Building C object CMakeFiles/cmTryCompileExec382797779.dir/ConversionTests.c.o
/usr/bin/cc   -Wno-uninitialized -Wno-unused-parameter -Wall -Wcast-align -Wdisabled-optimization -Wextra -Wformat=2 -Winvalid-pch -Wno-format-nonliteral -Wpointer-arith -Wshadow -Wunused -Wwrite-strings -funit-at-a-time -Wno-strict-overflow -fPIC  -Wno-uninitialized -Wno-unused-parameter -Wall -Wno-long-double -Wcast-align -Wdisabled-optimization -Wextra -Wformat=2 -Winvalid-pch -Wno-format-nonliteral -Wpointer-arith -Wshadow -Wunused -Wwrite-strings -funit-at-a-time -Wno-strict-overflow  -w  -DH5_FP_TO_ULLONG_RIGHT_MAXIMUM_TEST   -o CMakeFiles/cmTryCompileExec382797779.dir/ConversionTests.c.o   -c /mnt/projects/CSE_BME_AXM788/home/soumya/DEV/ANTs/build/ITKv4/Modules/ThirdParty/HDF5/src/itkhdf5/config/cmake/ConversionTests.c
Linking C executable cmTryCompileExec382797779
/usr/local/cmake/2.8.10.2/bin/cmake -E cmake_link_script CMakeFiles/cmTryCompileExec382797779.dir/link.txt --verbose=1
/usr/bin/cc     -Wno-uninitialized -Wno-unused-parameter -Wall -Wcast-align -Wdisabled-optimization -Wextra -Wformat=2 -Winvalid-pch -Wno-format-nonliteral -Wpointer-arith -Wshadow -Wunused -Wwrite-strings -funit-at-a-time -Wno-strict-overflow -fPIC  -Wno-uninitialized -Wno-unused-parameter -Wall -Wno-long-double -Wcast-align -Wdisabled-optimization -Wextra -Wformat=2 -Winvalid-pch -Wno-format-nonliteral -Wpointer-arith -Wshadow -Wunused -Wwrite-strings -funit-at-a-time -Wno-strict-overflow  -w  -DH5_FP_TO_ULLONG_RIGHT_MAXIMUM_TEST    CMakeFiles/cmTryCompileExec382797779.dir/ConversionTests.c.o  -o cmTryCompileExec382797779 -rdynamic 
gmake[4]: Leaving directory `/mnt/projects/CSE_BME_AXM788/home/soumya/DEV/ANTs/build/ITKv4-build/Modules/ThirdParty/HDF5/src/itkhdf5/CMake/CMakeFiles/CMakeTmp'
gmake[3]: Leaving directory `/mnt/projects/CSE_BME_AXM788/home/soumya/DEV/ANTs/build/ITKv4-build/Modules/ThirdParty/HDF5/src/itkhdf5/CMake/CMakeFiles/CMakeTmp'

Determining if files windows.h exist failed with the following output:
Change Dir: /mnt/projects/CSE_BME_AXM788/home/soumya/DEV/ANTs/build/ITKv4-build/CMakeFiles/CMakeTmp

Run Build Command:/usr/bin/gmake "cmTryCompileExec832715007/fast"
gmake[3]: Entering directory `/mnt/projects/CSE_BME_AXM788/home/soumya/DEV/ANTs/build/ITKv4-build/CMakeFiles/CMakeTmp'
/usr/bin/gmake -f CMakeFiles/cmTryCompileExec832715007.dir/build.make CMakeFiles/cmTryCompileExec832715007.dir/build
gmake[4]: Entering directory `/mnt/projects/CSE_BME_AXM788/home/soumya/DEV/ANTs/build/ITKv4-build/CMakeFiles/CMakeTmp'
/usr/local/cmake/2.8.10.2/bin/cmake -E cmake_progress_report /mnt/projects/CSE_BME_AXM788/home/soumya/DEV/ANTs/build/ITKv4-build/CMakeFiles/CMakeTmp/CMakeFiles 1
Building C object CMakeFiles/cmTryCompileExec832715007.dir/CheckIncludeFiles.c.o
/usr/bin/cc   -Wno-uninitialized -Wno-unused-parameter -Wall -Wcast-align -Wdisabled-optimization -Wextra -Wformat=2 -Winvalid-pch -Wno-format-nonliteral -Wpointer-arith -Wshadow -Wunused -Wwrite-strings -funit-at-a-time -Wno-strict-overflow -fPIC  -Wno-uninitialized -Wno-unused-parameter -Wall -Wno-long-double -Wcast-align -Wdisabled-optimization -Wextra -Wformat=2 -Winvalid-pch -Wno-format-nonliteral -Wpointer-arith -Wshadow -Wunused -Wwrite-strings -funit-at-a-time -Wno-strict-overflow  -w     -o CMakeFiles/cmTryCompileExec832715007.dir/CheckIncludeFiles.c.o   -c /mnt/projects/CSE_BME_AXM788/home/soumya/DEV/ANTs/build/ITKv4-build/CMakeFiles/CMakeTmp/CheckIncludeFiles.c
/mnt/projects/CSE_BME_AXM788/home/soumya/DEV/ANTs/build/ITKv4-build/CMakeFiles/CMakeTmp/CheckIncludeFiles.c:2:21: error: windows.h: No such file or directory
gmake[4]: Leaving directory `/mnt/projects/CSE_BME_AXM788/home/soumya/DEV/ANTs/build/ITKv4-build/CMakeFiles/CMakeTmp'
gmake[4]: *** [CMakeFiles/cmTryCompileExec832715007.dir/CheckIncludeFiles.c.o] Error 1
gmake[3]: *** [cmTryCompileExec832715007/fast] Error 2
gmake[3]: Leaving directory `/mnt/projects/CSE_BME_AXM788/home/soumya/DEV/ANTs/build/ITKv4-build/CMakeFiles/CMakeTmp'

Source:
/* */
#include <windows.h>


int main(){return 0;}

Determining if files ieeefp.h exist failed with the following output:
Change Dir: /mnt/projects/CSE_BME_AXM788/home/soumya/DEV/ANTs/build/ITKv4-build/CMakeFiles/CMakeTmp

Run Build Command:/usr/bin/gmake "cmTryCompileExec1248372168/fast"
gmake[3]: Entering directory `/mnt/projects/CSE_BME_AXM788/home/soumya/DEV/ANTs/build/ITKv4-build/CMakeFiles/CMakeTmp'
/usr/bin/gmake -f CMakeFiles/cmTryCompileExec1248372168.dir/build.make CMakeFiles/cmTryCompileExec1248372168.dir/build
gmake[4]: Entering directory `/mnt/projects/CSE_BME_AXM788/home/soumya/DEV/ANTs/build/ITKv4-build/CMakeFiles/CMakeTmp'
/usr/local/cmake/2.8.10.2/bin/cmake -E cmake_progress_report /mnt/projects/CSE_BME_AXM788/home/soumya/DEV/ANTs/build/ITKv4-build/CMakeFiles/CMakeTmp/CMakeFiles 1
Building C object CMakeFiles/cmTryCompileExec1248372168.dir/CheckIncludeFiles.c.o
/usr/bin/cc   -Wno-uninitialized -Wno-unused-parameter -Wall -Wcast-align -Wdisabled-optimization -Wextra -Wformat=2 -Winvalid-pch -Wno-format-nonliteral -Wpointer-arith -Wshadow -Wunused -Wwrite-strings -funit-at-a-time -Wno-strict-overflow -fPIC  -Wno-uninitialized -Wno-unused-parameter -Wall -Wno-long-double -Wcast-align -Wdisabled-optimization -Wextra -Wformat=2 -Winvalid-pch -Wno-format-nonliteral -Wpointer-arith -Wshadow -Wunused -Wwrite-strings -funit-at-a-time -Wno-strict-overflow  -w     -o CMakeFiles/cmTryCompileExec1248372168.dir/CheckIncludeFiles.c.o   -c /mnt/projects/CSE_BME_AXM788/home/soumya/DEV/ANTs/build/ITKv4-build/CMakeFiles/CMakeTmp/CheckIncludeFiles.c
/mnt/projects/CSE_BME_AXM788/home/soumya/DEV/ANTs/build/ITKv4-build/CMakeFiles/CMakeTmp/CheckIncludeFiles.c:2:20: error: ieeefp.h: No such file or directory
gmake[4]: *** [CMakeFiles/cmTryCompileExec1248372168.dir/CheckIncludeFiles.c.o] Error 1
gmake[4]: Leaving directory `/mnt/projects/CSE_BME_AXM788/home/soumya/DEV/ANTs/build/ITKv4-build/CMakeFiles/CMakeTmp'
gmake[3]: *** [cmTryCompileExec1248372168/fast] Error 2
gmake[3]: Leaving directory `/mnt/projects/CSE_BME_AXM788/home/soumya/DEV/ANTs/build/ITKv4-build/CMakeFiles/CMakeTmp'

Source:
/* */
#include <ieeefp.h>


int main(){return 0;}

Determining if the function floor exists failed with the following output:
Change Dir: /mnt/projects/CSE_BME_AXM788/home/soumya/DEV/ANTs/build/ITKv4-build/CMakeFiles/CMakeTmp

Run Build Command:/usr/bin/gmake "cmTryCompileExec1992289652/fast"
gmake[3]: Entering directory `/mnt/projects/CSE_BME_AXM788/home/soumya/DEV/ANTs/build/ITKv4-build/CMakeFiles/CMakeTmp'
/usr/bin/gmake -f CMakeFiles/cmTryCompileExec1992289652.dir/build.make CMakeFiles/cmTryCompileExec1992289652.dir/build
gmake[4]: Entering directory `/mnt/projects/CSE_BME_AXM788/home/soumya/DEV/ANTs/build/ITKv4-build/CMakeFiles/CMakeTmp'
/usr/local/cmake/2.8.10.2/bin/cmake -E cmake_progress_report /mnt/projects/CSE_BME_AXM788/home/soumya/DEV/ANTs/build/ITKv4-build/CMakeFiles/CMakeTmp/CMakeFiles 1
Building C object CMakeFiles/cmTryCompileExec1992289652.dir/CheckFunctionExists.c.o
/usr/bin/cc   -Wno-uninitialized -Wno-unused-parameter -Wall -Wcast-align -Wdisabled-optimization -Wextra -Wformat=2 -Winvalid-pch -Wno-format-nonliteral -Wpointer-arith -Wshadow -Wunused -Wwrite-strings -funit-at-a-time -Wno-strict-overflow -fPIC  -Wno-uninitialized -Wno-unused-parameter -Wall -Wno-long-double -Wcast-align -Wdisabled-optimization -Wextra -Wformat=2 -Winvalid-pch -Wno-format-nonliteral -Wpointer-arith -Wshadow -Wunused -Wwrite-strings -funit-at-a-time -Wno-strict-overflow  -w  -DCHECK_FUNCTION_EXISTS=floor   -o CMakeFiles/cmTryCompileExec1992289652.dir/CheckFunctionExists.c.o   -c /usr/local/cmake/2.8.10.2/share/cmake-2.8/Modules/CheckFunctionExists.c
Linking C executable cmTryCompileExec1992289652
/usr/local/cmake/2.8.10.2/bin/cmake -E cmake_link_script CMakeFiles/cmTryCompileExec1992289652.dir/link.txt --verbose=1
/usr/bin/cc     -Wno-uninitialized -Wno-unused-parameter -Wall -Wcast-align -Wdisabled-optimization -Wextra -Wformat=2 -Winvalid-pch -Wno-format-nonliteral -Wpointer-arith -Wshadow -Wunused -Wwrite-strings -funit-at-a-time -Wno-strict-overflow -fPIC  -Wno-uninitialized -Wno-unused-parameter -Wall -Wno-long-double -Wcast-align -Wdisabled-optimization -Wextra -Wformat=2 -Winvalid-pch -Wno-format-nonliteral -Wpointer-arith -Wshadow -Wunused -Wwrite-strings -funit-at-a-time -Wno-strict-overflow  -w  -DCHECK_FUNCTION_EXISTS=floor    CMakeFiles/cmTryCompileExec1992289652.dir/CheckFunctionExists.c.o  -o cmTryCompileExec1992289652 -rdynamic 
CMakeFiles/cmTryCompileExec1992289652.dir/CheckFunctionExists.c.o: In function `main':
CheckFunctionExists.c:(.text+0x15): undefined reference to `floor'
collect2: ld returned 1 exit status
gmake[4]: *** [cmTryCompileExec1992289652] Error 1
gmake[4]: Leaving directory `/mnt/projects/CSE_BME_AXM788/home/soumya/DEV/ANTs/build/ITKv4-build/CMakeFiles/CMakeTmp'
gmake[3]: *** [cmTryCompileExec1992289652/fast] Error 2
gmake[3]: Leaving directory `/mnt/projects/CSE_BME_AXM788/home/soumya/DEV/ANTs/build/ITKv4-build/CMakeFiles/CMakeTmp'


Determining if the function pow exists failed with the following output:
Change Dir: /mnt/projects/CSE_BME_AXM788/home/soumya/DEV/ANTs/build/ITKv4-build/CMakeFiles/CMakeTmp

Run Build Command:/usr/bin/gmake "cmTryCompileExec3568590980/fast"
gmake[3]: Entering directory `/mnt/projects/CSE_BME_AXM788/home/soumya/DEV/ANTs/build/ITKv4-build/CMakeFiles/CMakeTmp'
/usr/bin/gmake -f CMakeFiles/cmTryCompileExec3568590980.dir/build.make CMakeFiles/cmTryCompileExec3568590980.dir/build
gmake[4]: Entering directory `/mnt/projects/CSE_BME_AXM788/home/soumya/DEV/ANTs/build/ITKv4-build/CMakeFiles/CMakeTmp'
/usr/local/cmake/2.8.10.2/bin/cmake -E cmake_progress_report /mnt/projects/CSE_BME_AXM788/home/soumya/DEV/ANTs/build/ITKv4-build/CMakeFiles/CMakeTmp/CMakeFiles 1
Building C object CMakeFiles/cmTryCompileExec3568590980.dir/CheckFunctionExists.c.o
/usr/bin/cc   -Wno-uninitialized -Wno-unused-parameter -Wall -Wcast-align -Wdisabled-optimization -Wextra -Wformat=2 -Winvalid-pch -Wno-format-nonliteral -Wpointer-arith -Wshadow -Wunused -Wwrite-strings -funit-at-a-time -Wno-strict-overflow -fPIC  -Wno-uninitialized -Wno-unused-parameter -Wall -Wno-long-double -Wcast-align -Wdisabled-optimization -Wextra -Wformat=2 -Winvalid-pch -Wno-format-nonliteral -Wpointer-arith -Wshadow -Wunused -Wwrite-strings -funit-at-a-time -Wno-strict-overflow  -w  -DCHECK_FUNCTION_EXISTS=pow   -o CMakeFiles/cmTryCompileExec3568590980.dir/CheckFunctionExists.c.o   -c /usr/local/cmake/2.8.10.2/share/cmake-2.8/Modules/CheckFunctionExists.c
Linking C executable cmTryCompileExec3568590980
/usr/local/cmake/2.8.10.2/bin/cmake -E cmake_link_script CMakeFiles/cmTryCompileExec3568590980.dir/link.txt --verbose=1
/usr/bin/cc     -Wno-uninitialized -Wno-unused-parameter -Wall -Wcast-align -Wdisabled-optimization -Wextra -Wformat=2 -Winvalid-pch -Wno-format-nonliteral -Wpointer-arith -Wshadow -Wunused -Wwrite-strings -funit-at-a-time -Wno-strict-overflow -fPIC  -Wno-uninitialized -Wno-unused-parameter -Wall -Wno-long-double -Wcast-align -Wdisabled-optimization -Wextra -Wformat=2 -Winvalid-pch -Wno-format-nonliteral -Wpointer-arith -Wshadow -Wunused -Wwrite-strings -funit-at-a-time -Wno-strict-overflow  -w  -DCHECK_FUNCTION_EXISTS=pow    CMakeFiles/cmTryCompileExec3568590980.dir/CheckFunctionExists.c.o  -o cmTryCompileExec3568590980 -rdynamic 
CMakeFiles/cmTryCompileExec3568590980.dir/CheckFunctionExists.c.o: In function `main':
CheckFunctionExists.c:(.text+0x15): undefined reference to `pow'
collect2: ld returned 1 exit status
gmake[4]: *** [cmTryCompileExec3568590980] Error 1
gmake[4]: Leaving directory `/mnt/projects/CSE_BME_AXM788/home/soumya/DEV/ANTs/build/ITKv4-build/CMakeFiles/CMakeTmp'
gmake[3]: *** [cmTryCompileExec3568590980/fast] Error 2
gmake[3]: Leaving directory `/mnt/projects/CSE_BME_AXM788/home/soumya/DEV/ANTs/build/ITKv4-build/CMakeFiles/CMakeTmp'


Determining if the function sqrt exists failed with the following output:
Change Dir: /mnt/projects/CSE_BME_AXM788/home/soumya/DEV/ANTs/build/ITKv4-build/CMakeFiles/CMakeTmp

Run Build Command:/usr/bin/gmake "cmTryCompileExec2901277219/fast"
gmake[3]: Entering directory `/mnt/projects/CSE_BME_AXM788/home/soumya/DEV/ANTs/build/ITKv4-build/CMakeFiles/CMakeTmp'
/usr/bin/gmake -f CMakeFiles/cmTryCompileExec2901277219.dir/build.make CMakeFiles/cmTryCompileExec2901277219.dir/build
gmake[4]: Entering directory `/mnt/projects/CSE_BME_AXM788/home/soumya/DEV/ANTs/build/ITKv4-build/CMakeFiles/CMakeTmp'
/usr/local/cmake/2.8.10.2/bin/cmake -E cmake_progress_report /mnt/projects/CSE_BME_AXM788/home/soumya/DEV/ANTs/build/ITKv4-build/CMakeFiles/CMakeTmp/CMakeFiles 1
Building C object CMakeFiles/cmTryCompileExec2901277219.dir/CheckFunctionExists.c.o
/usr/bin/cc   -Wno-uninitialized -Wno-unused-parameter -Wall -Wcast-align -Wdisabled-optimization -Wextra -Wformat=2 -Winvalid-pch -Wno-format-nonliteral -Wpointer-arith -Wshadow -Wunused -Wwrite-strings -funit-at-a-time -Wno-strict-overflow -fPIC  -Wno-uninitialized -Wno-unused-parameter -Wall -Wno-long-double -Wcast-align -Wdisabled-optimization -Wextra -Wformat=2 -Winvalid-pch -Wno-format-nonliteral -Wpointer-arith -Wshadow -Wunused -Wwrite-strings -funit-at-a-time -Wno-strict-overflow  -w  -DCHECK_FUNCTION_EXISTS=sqrt   -o CMakeFiles/cmTryCompileExec2901277219.dir/CheckFunctionExists.c.o   -c /usr/local/cmake/2.8.10.2/share/cmake-2.8/Modules/CheckFunctionExists.c
Linking C executable cmTryCompileExec2901277219
/usr/local/cmake/2.8.10.2/bin/cmake -E cmake_link_script CMakeFiles/cmTryCompileExec2901277219.dir/link.txt --verbose=1
/usr/bin/cc     -Wno-uninitialized -Wno-unused-parameter -Wall -Wcast-align -Wdisabled-optimization -Wextra -Wformat=2 -Winvalid-pch -Wno-format-nonliteral -Wpointer-arith -Wshadow -Wunused -Wwrite-strings -funit-at-a-time -Wno-strict-overflow -fPIC  -Wno-uninitialized -Wno-unused-parameter -Wall -Wno-long-double -Wcast-align -Wdisabled-optimization -Wextra -Wformat=2 -Winvalid-pch -Wno-format-nonliteral -Wpointer-arith -Wshadow -Wunused -Wwrite-strings -funit-at-a-time -Wno-strict-overflow  -w  -DCHECK_FUNCTION_EXISTS=sqrt    CMakeFiles/cmTryCompileExec2901277219.dir/CheckFunctionExists.c.o  -o cmTryCompileExec2901277219 -rdynamic 
CMakeFiles/cmTryCompileExec2901277219.dir/CheckFunctionExists.c.o: In function `main':
CheckFunctionExists.c:(.text+0x15): undefined reference to `sqrt'
collect2: ld returned 1 exit status
gmake[4]: Leaving directory `/mnt/projects/CSE_BME_AXM788/home/soumya/DEV/ANTs/build/ITKv4-build/CMakeFiles/CMakeTmp'
gmake[4]: *** [cmTryCompileExec2901277219] Error 1
gmake[3]: *** [cmTryCompileExec2901277219/fast] Error 2
gmake[3]: Leaving directory `/mnt/projects/CSE_BME_AXM788/home/soumya/DEV/ANTs/build/ITKv4-build/CMakeFiles/CMakeTmp'


Determining if the system is big endian passed with the following output:
Change Dir: /mnt/projects/CSE_BME_AXM788/home/soumya/DEV/ANTs/build/ITKv4-build/CMakeFiles/CMakeTmp

Run Build Command:/usr/bin/gmake "cmTryCompileExec1946222924/fast"
gmake[3]: Entering directory `/mnt/projects/CSE_BME_AXM788/home/soumya/DEV/ANTs/build/ITKv4-build/CMakeFiles/CMakeTmp'
/usr/bin/gmake -f CMakeFiles/cmTryCompileExec1946222924.dir/build.make CMakeFiles/cmTryCompileExec1946222924.dir/build
gmake[4]: Entering directory `/mnt/projects/CSE_BME_AXM788/home/soumya/DEV/ANTs/build/ITKv4-build/CMakeFiles/CMakeTmp'
/usr/local/cmake/2.8.10.2/bin/cmake -E cmake_progress_report /mnt/projects/CSE_BME_AXM788/home/soumya/DEV/ANTs/build/ITKv4-build/CMakeFiles/CMakeTmp/CMakeFiles 1
Building C object CMakeFiles/cmTryCompileExec1946222924.dir/TestEndianess.c.o
/usr/bin/cc   -Wno-uninitialized -Wno-unused-parameter -Wall -Wcast-align -Wdisabled-optimization -Wextra -Wformat=2 -Winvalid-pch -Wno-format-nonliteral -Wpointer-arith -Wshadow -Wunused -Wwrite-strings -funit-at-a-time -Wno-strict-overflow -fPIC  -Wno-uninitialized -Wno-unused-parameter -Wall -Wno-long-double -Wcast-align -Wdisabled-optimization -Wextra -Wformat=2 -Winvalid-pch -Wno-format-nonliteral -Wpointer-arith -Wshadow -Wunused -Wwrite-strings -funit-at-a-time -Wno-strict-overflow  -w     -o CMakeFiles/cmTryCompileExec1946222924.dir/TestEndianess.c.o   -c /mnt/projects/CSE_BME_AXM788/home/soumya/DEV/ANTs/build/ITKv4-build/CMakeFiles/CMakeTmp/TestEndianess.c
Linking C executable cmTryCompileExec1946222924
/usr/local/cmake/2.8.10.2/bin/cmake -E cmake_link_script CMakeFiles/cmTryCompileExec1946222924.dir/link.txt --verbose=1
/usr/bin/cc     -Wno-uninitialized -Wno-unused-parameter -Wall -Wcast-align -Wdisabled-optimization -Wextra -Wformat=2 -Winvalid-pch -Wno-format-nonliteral -Wpointer-arith -Wshadow -Wunused -Wwrite-strings -funit-at-a-time -Wno-strict-overflow -fPIC  -Wno-uninitialized -Wno-unused-parameter -Wall -Wno-long-double -Wcast-align -Wdisabled-optimization -Wextra -Wformat=2 -Winvalid-pch -Wno-format-nonliteral -Wpointer-arith -Wshadow -Wunused -Wwrite-strings -funit-at-a-time -Wno-strict-overflow  -w      CMakeFiles/cmTryCompileExec1946222924.dir/TestEndianess.c.o  -o cmTryCompileExec1946222924 -rdynamic 
gmake[4]: Leaving directory `/mnt/projects/CSE_BME_AXM788/home/soumya/DEV/ANTs/build/ITKv4-build/CMakeFiles/CMakeTmp'
gmake[3]: Leaving directory `/mnt/projects/CSE_BME_AXM788/home/soumya/DEV/ANTs/build/ITKv4-build/CMakeFiles/CMakeTmp'

TestEndianess.c:
/* A 16 bit integer is required. */
typedef unsigned short cmakeint16;

/* On a little endian machine, these 16bit ints will give "THIS IS LITTLE ENDIAN."
   On a big endian machine the characters will be exchanged pairwise. */
const cmakeint16 info_little[] =  {0x4854, 0x5349, 0x4920, 0x2053, 0x494c, 0x5454, 0x454c, 0x4520, 0x444e, 0x4149, 0x2e4e, 0x0000};

/* on a big endian machine, these 16bit ints will give "THIS IS BIG ENDIAN."
   On a little endian machine the characters will be exchanged pairwise. */
const cmakeint16 info_big[] =     {0x5448, 0x4953, 0x2049, 0x5320, 0x4249, 0x4720, 0x454e, 0x4449, 0x414e, 0x2e2e, 0x0000};

#ifdef __CLASSIC_C__
int main(argc, argv) int argc; char *argv[];
#else
int main(int argc, char *argv[])
#endif
{
  int require = 0;
  require += info_little[argc];
  require += info_big[argc];
  (void)argv;
  return require;
}


Value of the 22nd bit of a 32-bit quiet-NaN is 1TestQnanhibit.c produced following output:
Change Dir: /mnt/projects/CSE_BME_AXM788/home/soumya/DEV/ANTs/build/ITKv4-build/CMakeFiles/CMakeTmp

Run Build Command:/usr/bin/gmake "cmTryCompileExec2908749910/fast"
gmake[3]: Entering directory `/mnt/projects/CSE_BME_AXM788/home/soumya/DEV/ANTs/build/ITKv4-build/CMakeFiles/CMakeTmp'
/usr/bin/gmake -f CMakeFiles/cmTryCompileExec2908749910.dir/build.make CMakeFiles/cmTryCompileExec2908749910.dir/build
gmake[4]: Entering directory `/mnt/projects/CSE_BME_AXM788/home/soumya/DEV/ANTs/build/ITKv4-build/CMakeFiles/CMakeTmp'
/usr/local/cmake/2.8.10.2/bin/cmake -E cmake_progress_report /mnt/projects/CSE_BME_AXM788/home/soumya/DEV/ANTs/build/ITKv4-build/CMakeFiles/CMakeTmp/CMakeFiles 1
Building C object CMakeFiles/cmTryCompileExec2908749910.dir/TestQnanhibit.c.o
/usr/bin/cc   -Wno-uninitialized -Wno-unused-parameter -Wall -Wcast-align -Wdisabled-optimization -Wextra -Wformat=2 -Winvalid-pch -Wno-format-nonliteral -Wpointer-arith -Wshadow -Wunused -Wwrite-strings -funit-at-a-time -Wno-strict-overflow -fPIC  -Wno-uninitialized -Wno-unused-parameter -Wall -Wno-long-double -Wcast-align -Wdisabled-optimization -Wextra -Wformat=2 -Winvalid-pch -Wno-format-nonliteral -Wpointer-arith -Wshadow -Wunused -Wwrite-strings -funit-at-a-time -Wno-strict-overflow  -w     -o CMakeFiles/cmTryCompileExec2908749910.dir/TestQnanhibit.c.o   -c /mnt/projects/CSE_BME_AXM788/home/soumya/DEV/ANTs/build/ITKv4/Modules/ThirdParty/NrrdIO/src/NrrdIO/CMake/TestQnanhibit.c
Linking C executable cmTryCompileExec2908749910
/usr/local/cmake/2.8.10.2/bin/cmake -E cmake_link_script CMakeFiles/cmTryCompileExec2908749910.dir/link.txt --verbose=1
/usr/bin/cc     -Wno-uninitialized -Wno-unused-parameter -Wall -Wcast-align -Wdisabled-optimization -Wextra -Wformat=2 -Winvalid-pch -Wno-format-nonliteral -Wpointer-arith -Wshadow -Wunused -Wwrite-strings -funit-at-a-time -Wno-strict-overflow -fPIC  -Wno-uninitialized -Wno-unused-parameter -Wall -Wno-long-double -Wcast-align -Wdisabled-optimization -Wextra -Wformat=2 -Winvalid-pch -Wno-format-nonliteral -Wpointer-arith -Wshadow -Wunused -Wwrite-strings -funit-at-a-time -Wno-strict-overflow  -w      CMakeFiles/cmTryCompileExec2908749910.dir/TestQnanhibit.c.o  -o cmTryCompileExec2908749910 -rdynamic 
gmake[4]: Leaving directory `/mnt/projects/CSE_BME_AXM788/home/soumya/DEV/ANTs/build/ITKv4-build/CMakeFiles/CMakeTmp'
gmake[3]: Leaving directory `/mnt/projects/CSE_BME_AXM788/home/soumya/DEV/ANTs/build/ITKv4-build/CMakeFiles/CMakeTmp'
-DTEEM_QNANHIBIT=1


